#
# There is insufficient memory for the Java Runtime Environment to continue.
# Native memory allocation (mmap) failed to map 84934656 bytes for committing reserved memory.
# Possible reasons:
#   The system is out of physical RAM or swap space
#   In 32 bit mode, the process size limit was hit
# Possible solutions:
#   Reduce memory load on the system
#   Increase physical memory or swap space
#   Check if swap backing store is full
#   Use 64 bit Java on a 64 bit OS
#   Decrease Java heap size (-Xmx/-Xms)
#   Decrease number of Java threads
#   Decrease Java thread stack sizes (-Xss)
#   Set larger code cache with -XX:ReservedCodeCacheSize=
# This output file may be truncated or incomplete.
#
#  Out of Memory Error (os_linux.cpp:2627), pid=15777, tid=140552300390144
#
# JRE version: Java(TM) SE Runtime Environment (8.0_91-b14) (build 1.8.0_91-b14)
# Java VM: Java HotSpot(TM) 64-Bit Server VM (25.91-b14 mixed mode linux-amd64 compressed oops)
# Failed to write core dump. Core dumps have been disabled. To enable core dumping, try "ulimit -c unlimited" before starting Java again
#

---------------  T H R E A D  ---------------

Current thread (0x00007fd4f8078000):  VMThread [stack: 0x00007fd4e1dfe000,0x00007fd4e1eff000] [id=15788]

Stack: [0x00007fd4e1dfe000,0x00007fd4e1eff000],  sp=0x00007fd4e1efd060,  free space=1020k
Native frames: (J=compiled Java code, j=interpreted, Vv=VM code, C=native code)
V  [libjvm.so+0xabc18a]  VMError::report_and_die()+0x2ba
V  [libjvm.so+0x4fafeb]  report_vm_out_of_memory(char const*, int, unsigned long, VMErrorType, char const*)+0x8b
V  [libjvm.so+0x91cbb3]  os::Linux::commit_memory_impl(char*, unsigned long, bool)+0x103
V  [libjvm.so+0x91d109]  os::pd_commit_memory(char*, unsigned long, unsigned long, bool)+0x29
V  [libjvm.so+0x91740a]  os::commit_memory(char*, unsigned long, unsigned long, bool)+0x2a
V  [libjvm.so+0x98b033]  PSVirtualSpace::expand_by(unsigned long)+0x53
V  [libjvm.so+0x98c438]  PSYoungGen::resize_generation(unsigned long, unsigned long)+0xf8
V  [libjvm.so+0x98b592]  PSYoungGen::resize(unsigned long, unsigned long)+0x22
V  [libjvm.so+0x98886b]  PSScavenge::invoke_no_policy()+0xf3b
V  [libjvm.so+0x988ff1]  PSScavenge::invoke()+0x41
V  [libjvm.so+0x9408b0]  ParallelScavengeHeap::failed_mem_allocate(unsigned long)+0x70
V  [libjvm.so+0xabdba7]  VM_ParallelGCFailedAllocation::doit()+0x97
V  [libjvm.so+0xac55d5]  VM_Operation::evaluate()+0x55
V  [libjvm.so+0xac39aa]  VMThread::evaluate_operation(VM_Operation*)+0xba
V  [libjvm.so+0xac3d2e]  VMThread::loop()+0x1ce
V  [libjvm.so+0xac41a0]  VMThread::run()+0x70
V  [libjvm.so+0x91ef78]  java_start(Thread*)+0x108

VM_Operation (0x00007fd4c3cfabb0): ParallelGCFailedAllocation, mode: safepoint, requested by thread 0x00007fd4f8133800


---------------  P R O C E S S  ---------------

Java Threads: ( => current thread )
  0x00007fd4f813c000 JavaThread "pool-2-thread-4" [_thread_blocked, id=15802, stack(0x00007fd4c37f8000,0x00007fd4c38f9000)]
  0x00007fd4f813b000 JavaThread "pool-2-thread-3" [_thread_blocked, id=15801, stack(0x00007fd4c38f9000,0x00007fd4c39fa000)]
  0x00007fd4f8139000 JavaThread "pool-2-thread-2" [_thread_blocked, id=15800, stack(0x00007fd4c39fa000,0x00007fd4c3afb000)]
  0x00007fd4f8135800 JavaThread "pool-3-thread-1" [_thread_blocked, id=15799, stack(0x00007fd4c3afb000,0x00007fd4c3bfc000)]
  0x00007fd4f8133800 JavaThread "pool-2-thread-1" [_thread_blocked, id=15798, stack(0x00007fd4c3bfc000,0x00007fd4c3cfd000)]
  0x00007fd4f80c0800 JavaThread "Service Thread" daemon [_thread_blocked, id=15795, stack(0x00007fd4c3dfe000,0x00007fd4c3eff000)]
  0x00007fd4f80bd000 JavaThread "C1 CompilerThread2" daemon [_thread_blocked, id=15794, stack(0x00007fd4c3eff000,0x00007fd4c4000000)]
  0x00007fd4f80bb800 JavaThread "C2 CompilerThread1" daemon [_thread_blocked, id=15793, stack(0x00007fd4e0001000,0x00007fd4e0102000)]
  0x00007fd4f80b8800 JavaThread "C2 CompilerThread0" daemon [_thread_blocked, id=15792, stack(0x00007fd4e0102000,0x00007fd4e0203000)]
  0x00007fd4f80b7000 JavaThread "Signal Dispatcher" daemon [_thread_blocked, id=15791, stack(0x00007fd4e0203000,0x00007fd4e0304000)]
  0x00007fd4f8084000 JavaThread "Finalizer" daemon [_thread_blocked, id=15790, stack(0x00007fd4e1bfc000,0x00007fd4e1cfd000)]
  0x00007fd4f807f800 JavaThread "Reference Handler" daemon [_thread_blocked, id=15789, stack(0x00007fd4e1cfd000,0x00007fd4e1dfe000)]
  0x00007fd4f800a000 JavaThread "main" [_thread_blocked, id=15780, stack(0x00007fd5004ee000,0x00007fd5005ef000)]

Other Threads:
=>0x00007fd4f8078000 VMThread [stack: 0x00007fd4e1dfe000,0x00007fd4e1eff000] [id=15788]
  0x00007fd4f80c3000 WatcherThread [stack: 0x00007fd4c3cfd000,0x00007fd4c3dfe000] [id=15796]

VM state:at safepoint (normal execution)

VM Mutex/Monitor currently owned by a thread:  ([mutex/lock_event])
[0x00007fd4f8006570] Threads_lock - owner thread: 0x00007fd4f8078000
[0x00007fd4f8006a70] Heap_lock - owner thread: 0x00007fd4f8133800

Heap:
 PSYoungGen      total 66048K, used 2528K [0x00000000eab00000, 0x00000000eee00000, 0x0000000100000000)
  eden space 63488K, 0% used [0x00000000eab00000,0x00000000eab00000,0x00000000ee900000)
  from space 2560K, 98% used [0x00000000ee900000,0x00000000eeb780f0,0x00000000eeb80000)
  to   space 2560K, 0% used [0x00000000eeb80000,0x00000000eeb80000,0x00000000eee00000)
 ParOldGen       total 42496K, used 22473K [0x00000000c0000000, 0x00000000c2980000, 0x00000000eab00000)
  object space 42496K, 52% used [0x00000000c0000000,0x00000000c15f24a8,0x00000000c2980000)
 Metaspace       used 5998K, capacity 6936K, committed 7168K, reserved 1056768K
  class space    used 613K, capacity 656K, committed 768K, reserved 1048576K

Card table byte_map: [0x00007fd4fd0a6000,0x00007fd4fd2a7000] byte_map_base: 0x00007fd4fcaa6000

Marking Bits: (ParMarkBitMap*) 0x00007fd4ff9bcd60
 Begin Bits: [0x00007fd4e2000000, 0x00007fd4e3000000)
 End Bits:   [0x00007fd4e3000000, 0x00007fd4e4000000)

Polling page: 0x00007fd500605000

CodeCache: size=245760Kb used=4869Kb max_used=4869Kb free=240890Kb
 bounds [0x00007fd4e9000000, 0x00007fd4e94d0000, 0x00007fd4f8000000]
 total_blobs=1435 nmethods=1165 adapters=182
 compilation: enabled

Compilation events (10 events):
Event: 13.295 Thread 0x00007fd4f80bd000 nmethod 1510 0x00007fd4e94b4fd0 code [0x00007fd4e94b5140, 0x00007fd4e94b52d8]
Event: 13.295 Thread 0x00007fd4f80bd000 1630 %     3       com.android.dx.cf.code.BaseMachine::popArgs @ 34 (62 bytes)
Event: 13.328 Thread 0x00007fd4f80bb800 nmethod 1535 0x00007fd4e94b6c90 code [0x00007fd4e94b6de0, 0x00007fd4e94b6fb8]
Event: 13.328 Thread 0x00007fd4f80bb800 1523       4       java.util.BitSet::cardinality (32 bytes)
Event: 13.335 Thread 0x00007fd4f80bd000 nmethod 1630% 0x00007fd4e94b2f50 code [0x00007fd4e94b3100, 0x00007fd4e94b37f8]
Event: 13.335 Thread 0x00007fd4f80bd000 1634 %     3       com.android.dx.ssa.PhiInsn::getSources @ 48 (95 bytes)
Event: 13.336 Thread 0x00007fd4f80bd000 nmethod 1634% 0x00007fd4e94c1950 code [0x00007fd4e94c1bc0, 0x00007fd4e94c2c38]
Event: 13.336 Thread 0x00007fd4f80bd000 1638 %     3       com.android.dx.ssa.back.FirstFitLocalCombiningAllocator::handleNormalUnassociated @ 60 (99 bytes)
Event: 13.392 Thread 0x00007fd4f80bd000 nmethod 1638% 0x00007fd4e94c3810 code [0x00007fd4e94c3ae0, 0x00007fd4e94c4ff8]
Event: 13.392 Thread 0x00007fd4f80bd000 1644 %     3       com.android.dx.ssa.Dominators::run @ 283 (506 bytes)

GC Heap History (9 events):
Event: 4.262 GC heap before
{Heap before GC invocations=1 (full 0):
 PSYoungGen      total 18432K, used 15872K [0x00000000eab00000, 0x00000000ebf80000, 0x0000000100000000)
  eden space 15872K, 100% used [0x00000000eab00000,0x00000000eba80000,0x00000000eba80000)
  from space 2560K, 0% used [0x00000000ebd00000,0x00000000ebd00000,0x00000000ebf80000)
  to   space 2560K, 0% used [0x00000000eba80000,0x00000000eba80000,0x00000000ebd00000)
 ParOldGen       total 42496K, used 0K [0x00000000c0000000, 0x00000000c2980000, 0x00000000eab00000)
  object space 42496K, 0% used [0x00000000c0000000,0x00000000c0000000,0x00000000c2980000)
 Metaspace       used 5600K, capacity 6640K, committed 6784K, reserved 1056768K
  class space    used 587K, capacity 616K, committed 640K, reserved 1048576K
Event: 4.367 GC heap after
Heap after GC invocations=1 (full 0):
 PSYoungGen      total 18432K, used 2551K [0x00000000eab00000, 0x00000000ecf00000, 0x0000000100000000)
  eden space 15872K, 0% used [0x00000000eab00000,0x00000000eab00000,0x00000000eba80000)
  from space 2560K, 99% used [0x00000000eba80000,0x00000000ebcfdc78,0x00000000ebd00000)
  to   space 2560K, 0% used [0x00000000ecc80000,0x00000000ecc80000,0x00000000ecf00000)
 ParOldGen       total 42496K, used 1588K [0x00000000c0000000, 0x00000000c2980000, 0x00000000eab00000)
  object space 42496K, 3% used [0x00000000c0000000,0x00000000c018d250,0x00000000c2980000)
 Metaspace       used 5600K, capacity 6640K, committed 6784K, reserved 1056768K
  class space    used 587K, capacity 616K, committed 640K, reserved 1048576K
}
Event: 6.140 GC heap before
{Heap before GC invocations=2 (full 0):
 PSYoungGen      total 18432K, used 18423K [0x00000000eab00000, 0x00000000ecf00000, 0x0000000100000000)
  eden space 15872K, 100% used [0x00000000eab00000,0x00000000eba80000,0x00000000eba80000)
  from space 2560K, 99% used [0x00000000eba80000,0x00000000ebcfdc78,0x00000000ebd00000)
  to   space 2560K, 0% used [0x00000000ecc80000,0x00000000ecc80000,0x00000000ecf00000)
 ParOldGen       total 42496K, used 1588K [0x00000000c0000000, 0x00000000c2980000, 0x00000000eab00000)
  object space 42496K, 3% used [0x00000000c0000000,0x00000000c018d250,0x00000000c2980000)
 Metaspace       used 5737K, capacity 6768K, committed 7040K, reserved 1056768K
  class space    used 589K, capacity 616K, committed 640K, reserved 1048576K
Event: 6.195 GC heap after
Heap after GC invocations=2 (full 0):
 PSYoungGen      total 34304K, used 2546K [0x00000000eab00000, 0x00000000ecf00000, 0x0000000100000000)
  eden space 31744K, 0% used [0x00000000eab00000,0x00000000eab00000,0x00000000eca00000)
  from space 2560K, 99% used [0x00000000ecc80000,0x00000000ecefca88,0x00000000ecf00000)
  to   space 2560K, 0% used [0x00000000eca00000,0x00000000eca00000,0x00000000ecc80000)
 ParOldGen       total 42496K, used 4022K [0x00000000c0000000, 0x00000000c2980000, 0x00000000eab00000)
  object space 42496K, 9% used [0x00000000c0000000,0x00000000c03edaf0,0x00000000c2980000)
 Metaspace       used 5737K, capacity 6768K, committed 7040K, reserved 1056768K
  class space    used 589K, capacity 616K, committed 640K, reserved 1048576K
}
Event: 8.885 GC heap before
{Heap before GC invocations=3 (full 0):
 PSYoungGen      total 34304K, used 34290K [0x00000000eab00000, 0x00000000ecf00000, 0x0000000100000000)
  eden space 31744K, 100% used [0x00000000eab00000,0x00000000eca00000,0x00000000eca00000)
  from space 2560K, 99% used [0x00000000ecc80000,0x00000000ecefca88,0x00000000ecf00000)
  to   space 2560K, 0% used [0x00000000eca00000,0x00000000eca00000,0x00000000ecc80000)
 ParOldGen       total 42496K, used 4022K [0x00000000c0000000, 0x00000000c2980000, 0x00000000eab00000)
  object space 42496K, 9% used [0x00000000c0000000,0x00000000c03edaf0,0x00000000c2980000)
 Metaspace       used 5828K, capacity 6832K, committed 7040K, reserved 1056768K
  class space    used 591K, capacity 616K, committed 640K, reserved 1048576K
Event: 9.056 GC heap after
Heap after GC invocations=3 (full 0):
 PSYoungGen      total 34304K, used 2553K [0x00000000eab00000, 0x00000000eee00000, 0x0000000100000000)
  eden space 31744K, 0% used [0x00000000eab00000,0x00000000eab00000,0x00000000eca00000)
  from space 2560K, 99% used [0x00000000eca00000,0x00000000ecc7e710,0x00000000ecc80000)
  to   space 2560K, 0% used [0x00000000eeb80000,0x00000000eeb80000,0x00000000eee00000)
 ParOldGen       total 42496K, used 8575K [0x00000000c0000000, 0x00000000c2980000, 0x00000000eab00000)
  object space 42496K, 20% used [0x00000000c0000000,0x00000000c085fee0,0x00000000c2980000)
 Metaspace       used 5828K, capacity 6832K, committed 7040K, reserved 1056768K
  class space    used 591K, capacity 616K, committed 640K, reserved 1048576K
}
Event: 10.407 GC heap before
{Heap before GC invocations=4 (full 0):
 PSYoungGen      total 34304K, used 34297K [0x00000000eab00000, 0x00000000eee00000, 0x0000000100000000)
  eden space 31744K, 100% used [0x00000000eab00000,0x00000000eca00000,0x00000000eca00000)
  from space 2560K, 99% used [0x00000000eca00000,0x00000000ecc7e710,0x00000000ecc80000)
  to   space 2560K, 0% used [0x00000000eeb80000,0x00000000eeb80000,0x00000000eee00000)
 ParOldGen       total 42496K, used 8575K [0x00000000c0000000, 0x00000000c2980000, 0x00000000eab00000)
  object space 42496K, 20% used [0x00000000c0000000,0x00000000c085fee0,0x00000000c2980000)
 Metaspace       used 5980K, capacity 6936K, committed 7168K, reserved 1056768K
  class space    used 613K, capacity 656K, committed 768K, reserved 1048576K
Event: 10.693 GC heap after
Heap after GC invocations=4 (full 0):
 PSYoungGen      total 66048K, used 2545K [0x00000000eab00000, 0x00000000eee00000, 0x0000000100000000)
  eden space 63488K, 0% used [0x00000000eab00000,0x00000000eab00000,0x00000000ee900000)
  from space 2560K, 99% used [0x00000000eeb80000,0x00000000eedfc7e0,0x00000000eee00000)
  to   space 2560K, 0% used [0x00000000ee900000,0x00000000ee900000,0x00000000eeb80000)
 ParOldGen       total 42496K, used 13812K [0x00000000c0000000, 0x00000000c2980000, 0x00000000eab00000)
  object space 42496K, 32% used [0x00000000c0000000,0x00000000c0d7d1d8,0x00000000c2980000)
 Metaspace       used 5980K, capacity 6936K, committed 7168K, reserved 1056768K
  class space    used 613K, capacity 656K, committed 768K, reserved 1048576K
}
Event: 13.917 GC heap before
{Heap before GC invocations=5 (full 0):
 PSYoungGen      total 66048K, used 66033K [0x00000000eab00000, 0x00000000eee00000, 0x0000000100000000)
  eden space 63488K, 100% used [0x00000000eab00000,0x00000000ee900000,0x00000000ee900000)
  from space 2560K, 99% used [0x00000000eeb80000,0x00000000eedfc7e0,0x00000000eee00000)
  to   space 2560K, 0% used [0x00000000ee900000,0x00000000ee900000,0x00000000eeb80000)
 ParOldGen       total 42496K, used 13812K [0x00000000c0000000, 0x00000000c2980000, 0x00000000eab00000)
  object space 42496K, 32% used [0x00000000c0000000,0x00000000c0d7d1d8,0x00000000c2980000)
 Metaspace       used 5998K, capacity 6936K, committed 7168K, reserved 1056768K
  class space    used 613K, capacity 656K, committed 768K, reserved 1048576K

Deoptimization events (10 events):
Event: 5.694 Thread 0x00007fd4f8133800 Uncommon trap: reason=bimorphic action=maybe_recompile pc=0x00007fd4e9202d68 method=java.util.HashMap.getNode(ILjava/lang/Object;)Ljava/util/HashMap$Node; @ 126
Event: 5.694 Thread 0x00007fd4f8133800 Uncommon trap: reason=bimorphic action=maybe_recompile pc=0x00007fd4e9202d68 method=java.util.HashMap.getNode(ILjava/lang/Object;)Ljava/util/HashMap$Node; @ 126
Event: 5.694 Thread 0x00007fd4f8133800 Uncommon trap: reason=bimorphic action=maybe_recompile pc=0x00007fd4e9202d68 method=java.util.HashMap.getNode(ILjava/lang/Object;)Ljava/util/HashMap$Node; @ 126
Event: 5.694 Thread 0x00007fd4f8133800 Uncommon trap: reason=bimorphic action=maybe_recompile pc=0x00007fd4e91fcb30 method=java.util.HashMap.getNode(ILjava/lang/Object;)Ljava/util/HashMap$Node; @ 126
Event: 5.854 Thread 0x00007fd4f813b000 Uncommon trap: reason=class_check action=maybe_recompile pc=0x00007fd4e928c774 method=com.android.dx.ssa.NormalSsaInsn.accept(Lcom/android/dx/ssa/SsaInsn$Visitor;)V @ 9
Event: 5.855 Thread 0x00007fd4f813b000 Uncommon trap: reason=class_check action=maybe_recompile pc=0x00007fd4e928c774 method=com.android.dx.ssa.NormalSsaInsn.accept(Lcom/android/dx/ssa/SsaInsn$Visitor;)V @ 9
Event: 5.855 Thread 0x00007fd4f813b000 Uncommon trap: reason=class_check action=maybe_recompile pc=0x00007fd4e928c774 method=com.android.dx.ssa.NormalSsaInsn.accept(Lcom/android/dx/ssa/SsaInsn$Visitor;)V @ 9
Event: 5.856 Thread 0x00007fd4f813b000 Uncommon trap: reason=class_check action=maybe_recompile pc=0x00007fd4e928c774 method=com.android.dx.ssa.NormalSsaInsn.accept(Lcom/android/dx/ssa/SsaInsn$Visitor;)V @ 9
Event: 9.211 Thread 0x00007fd4f813b000 Uncommon trap: reason=null_check action=make_not_entrant pc=0x00007fd4e92bf3dc method=com.android.dx.ssa.SsaRenamer.getLocalForNewReg(I)Lcom/android/dx/rop/code/LocalItem; @ 19
Event: 9.491 Thread 0x00007fd4f8133800 Uncommon trap: reason=unstable_if action=reinterpret pc=0x00007fd4e92981f4 method=java.util.HashMap.getNode(ILjava/lang/Object;)Ljava/util/HashMap$Node; @ 84

Internal exceptions (6 events):
Event: 0.511 Thread 0x00007fd4f800a000 Exception <a 'java/lang/NoSuchMethodError': Method sun.misc.Unsafe.defineClass(Ljava/lang/String;[BII)Ljava/lang/Class; name or signature does not match> (0x00000000eab07cc0) thrown at [/HUDSON/workspace/8-2-build-linux-amd64/jdk8u91/6644/hotspot/src/shar
Event: 0.511 Thread 0x00007fd4f800a000 Exception <a 'java/lang/NoSuchMethodError': Method sun.misc.Unsafe.prefetchRead(Ljava/lang/Object;J)V name or signature does not match> (0x00000000eab07fa8) thrown at [/HUDSON/workspace/8-2-build-linux-amd64/jdk8u91/6644/hotspot/src/share/vm/prims/jni.cpp
Event: 9.211 Thread 0x00007fd4f813b000 Implicit null exception at 0x00007fd4e92bcd53 to 0x00007fd4e92bf395
Event: 9.452 Thread 0x00007fd4f8133800 Exception <a 'java/lang/ArrayIndexOutOfBoundsException': 18> (0x00000000eb641bd0) thrown at [/HUDSON/workspace/8-2-build-linux-amd64/jdk8u91/6644/hotspot/src/share/vm/interpreter/interpreterRuntime.cpp, line 366]
Event: 9.453 Thread 0x00007fd4f8133800 Exception <a 'java/lang/ArrayIndexOutOfBoundsException': 145> (0x00000000eb643750) thrown at [/HUDSON/workspace/8-2-build-linux-amd64/jdk8u91/6644/hotspot/src/share/vm/interpreter/interpreterRuntime.cpp, line 366]
Event: 9.490 Thread 0x00007fd4f8133800 Exception <a 'java/lang/ArrayIndexOutOfBoundsException': 40> (0x00000000eb644a38) thrown at [/HUDSON/workspace/8-2-build-linux-amd64/jdk8u91/6644/hotspot/src/share/vm/interpreter/interpreterRuntime.cpp, line 366]

Events (10 events):
Event: 13.058 Thread 0x00007fd4f8139000 DEOPT UNPACKING pc=0x00007fd4e9047633 sp=0x00007fd4c3af8c58 mode 0
Event: 13.093 Thread 0x00007fd4f813b000 DEOPT PACKING pc=0x00007fd4e91f0ef4 sp=0x00007fd4c39f8120
Event: 13.093 Thread 0x00007fd4f813b000 DEOPT UNPACKING pc=0x00007fd4e9047633 sp=0x00007fd4c39f7e68 mode 0
Event: 13.202 Thread 0x00007fd4f800a000 DEOPT PACKING pc=0x00007fd4e9209979 sp=0x00007fd5005ec820
Event: 13.202 Thread 0x00007fd4f800a000 DEOPT UNPACKING pc=0x00007fd4e9047633 sp=0x00007fd5005ec570 mode 0
Event: 13.349 Thread 0x00007fd4f8139000 DEOPT PACKING pc=0x00007fd4e91f0ef4 sp=0x00007fd4c3af8de0
Event: 13.374 Thread 0x00007fd4f8139000 DEOPT UNPACKING pc=0x00007fd4e9047633 sp=0x00007fd4c3af8b28 mode 0
Event: 13.394 Thread 0x00007fd4f8139000 DEOPT PACKING pc=0x00007fd4e9209979 sp=0x00007fd4c3af8f30
Event: 13.394 Thread 0x00007fd4f8139000 DEOPT UNPACKING pc=0x00007fd4e9047633 sp=0x00007fd4c3af8c80 mode 0
Event: 13.422 Executing VM operation: ParallelGCFailedAllocation


Dynamic libraries:
00400000-00401000 r-xp 00000000 08:07 288582                             /usr/lib/jvm/java-8-oracle/bin/java
00600000-00601000 rw-p 00000000 08:07 288582                             /usr/lib/jvm/java-8-oracle/bin/java
01c67000-01c88000 rw-p 00000000 00:00 0                                  [heap]
c0000000-c2980000 rw-p 00000000 00:00 0 
c2980000-eab00000 ---p 00000000 00:00 0 
eab00000-eee00000 rw-p 00000000 00:00 0 
f3f00000-100000000 ---p 00000000 00:00 0 
100000000-1000c0000 rw-p 00000000 00:00 0 
1000c0000-140000000 ---p 00000000 00:00 0 
7fd498000000-7fd498021000 rw-p 00000000 00:00 0 
7fd498021000-7fd49c000000 ---p 00000000 00:00 0 
7fd49c000000-7fd49c035000 rw-p 00000000 00:00 0 
7fd49c035000-7fd4a0000000 ---p 00000000 00:00 0 
7fd4a0000000-7fd4a0021000 rw-p 00000000 00:00 0 
7fd4a0021000-7fd4a4000000 ---p 00000000 00:00 0 
7fd4a4000000-7fd4a4021000 rw-p 00000000 00:00 0 
7fd4a4021000-7fd4a8000000 ---p 00000000 00:00 0 
7fd4a8000000-7fd4a8021000 rw-p 00000000 00:00 0 
7fd4a8021000-7fd4ac000000 ---p 00000000 00:00 0 
7fd4ac000000-7fd4ac066000 rw-p 00000000 00:00 0 
7fd4ac066000-7fd4b0000000 ---p 00000000 00:00 0 
7fd4b0000000-7fd4b0bc0000 rw-p 00000000 00:00 0 
7fd4b0bc0000-7fd4b4000000 ---p 00000000 00:00 0 
7fd4b4000000-7fd4b4021000 rw-p 00000000 00:00 0 
7fd4b4021000-7fd4b8000000 ---p 00000000 00:00 0 
7fd4b8000000-7fd4b8c65000 rw-p 00000000 00:00 0 
7fd4b8c65000-7fd4bc000000 ---p 00000000 00:00 0 
7fd4bc000000-7fd4bcc6e000 rw-p 00000000 00:00 0 
7fd4bcc6e000-7fd4c0000000 ---p 00000000 00:00 0 
7fd4c37f8000-7fd4c37fb000 ---p 00000000 00:00 0 
7fd4c37fb000-7fd4c38f9000 rw-p 00000000 00:00 0                          [stack:15802]
7fd4c38f9000-7fd4c38fc000 ---p 00000000 00:00 0 
7fd4c38fc000-7fd4c39fa000 rw-p 00000000 00:00 0                          [stack:15801]
7fd4c39fa000-7fd4c39fd000 ---p 00000000 00:00 0 
7fd4c39fd000-7fd4c3afb000 rw-p 00000000 00:00 0                          [stack:15800]
7fd4c3afb000-7fd4c3afe000 ---p 00000000 00:00 0 
7fd4c3afe000-7fd4c3bfc000 rw-p 00000000 00:00 0                          [stack:15799]
7fd4c3bfc000-7fd4c3bff000 ---p 00000000 00:00 0 
7fd4c3bff000-7fd4c3cfd000 rw-p 00000000 00:00 0                          [stack:15798]
7fd4c3cfd000-7fd4c3cfe000 ---p 00000000 00:00 0 
7fd4c3cfe000-7fd4c3dfe000 rw-p 00000000 00:00 0                          [stack:15796]
7fd4c3dfe000-7fd4c3e01000 ---p 00000000 00:00 0 
7fd4c3e01000-7fd4c3eff000 rw-p 00000000 00:00 0                          [stack:15795]
7fd4c3eff000-7fd4c3f02000 ---p 00000000 00:00 0 
7fd4c3f02000-7fd4c4000000 rw-p 00000000 00:00 0                          [stack:15794]
7fd4c4000000-7fd4c4021000 rw-p 00000000 00:00 0 
7fd4c4021000-7fd4c8000000 ---p 00000000 00:00 0 
7fd4c8000000-7fd4c8021000 rw-p 00000000 00:00 0 
7fd4c8021000-7fd4cc000000 ---p 00000000 00:00 0 
7fd4cc000000-7fd4cc28c000 rw-p 00000000 00:00 0 
7fd4cc28c000-7fd4d0000000 ---p 00000000 00:00 0 
7fd4d0000000-7fd4d0021000 rw-p 00000000 00:00 0 
7fd4d0021000-7fd4d4000000 ---p 00000000 00:00 0 
7fd4d4000000-7fd4d4021000 rw-p 00000000 00:00 0 
7fd4d4021000-7fd4d8000000 ---p 00000000 00:00 0 
7fd4d8000000-7fd4d8021000 rw-p 00000000 00:00 0 
7fd4d8021000-7fd4dc000000 ---p 00000000 00:00 0 
7fd4dc000000-7fd4dc021000 rw-p 00000000 00:00 0 
7fd4dc021000-7fd4e0000000 ---p 00000000 00:00 0 
7fd4e0001000-7fd4e0004000 ---p 00000000 00:00 0 
7fd4e0004000-7fd4e0102000 rw-p 00000000 00:00 0                          [stack:15793]
7fd4e0102000-7fd4e0105000 ---p 00000000 00:00 0 
7fd4e0105000-7fd4e0203000 rw-p 00000000 00:00 0                          [stack:15792]
7fd4e0203000-7fd4e0206000 ---p 00000000 00:00 0 
7fd4e0206000-7fd4e0304000 rw-p 00000000 00:00 0                          [stack:15791]
7fd4e0304000-7fd4e1bfc000 r--p 00000000 08:07 266629                     /usr/lib/locale/locale-archive
7fd4e1bfc000-7fd4e1bff000 ---p 00000000 00:00 0 
7fd4e1bff000-7fd4e1cfd000 rw-p 00000000 00:00 0                          [stack:15790]
7fd4e1cfd000-7fd4e1d00000 ---p 00000000 00:00 0 
7fd4e1d00000-7fd4e1dfe000 rw-p 00000000 00:00 0                          [stack:15789]
7fd4e1dfe000-7fd4e1dff000 ---p 00000000 00:00 0 
7fd4e1dff000-7fd4e4000000 rw-p 00000000 00:00 0                          [stack:15788]
7fd4e4000000-7fd4e4021000 rw-p 00000000 00:00 0 
7fd4e4021000-7fd4e8000000 ---p 00000000 00:00 0 
7fd4e8019000-7fd4e8e27000 rw-p 00000000 00:00 0 
7fd4e8e27000-7fd4e9000000 r--s 03d1f000 08:07 287849                     /usr/lib/jvm/java-8-oracle/jre/lib/rt.jar
7fd4e9000000-7fd4e94d0000 rwxp 00000000 00:00 0 
7fd4e94d0000-7fd4f8000000 ---p 00000000 00:00 0 
7fd4f8000000-7fd4f838f000 rw-p 00000000 00:00 0 
7fd4f838f000-7fd4fc000000 ---p 00000000 00:00 0 
7fd4fc016000-7fd4fc024000 r--s 000e0000 08:07 675446                     /home/omprakash/Android/Sdk/build-tools/24.0.0/lib/dx.jar
7fd4fc024000-7fd4fc78c000 rw-p 00000000 00:00 0 
7fd4fc78c000-7fd4fc94c000 ---p 00000000 00:00 0 
7fd4fc94c000-7fd4fcb4c000 rw-p 00000000 00:00 0 
7fd4fcb4c000-7fd4fcb4d000 ---p 00000000 00:00 0 
7fd4fcb4d000-7fd4fcc4d000 rw-p 00000000 00:00 0                          [stack:15787]
7fd4fcc4d000-7fd4fcc4e000 ---p 00000000 00:00 0 
7fd4fcc4e000-7fd4fcd4e000 rw-p 00000000 00:00 0                          [stack:15786]
7fd4fcd4e000-7fd4fcd4f000 ---p 00000000 00:00 0 
7fd4fcd4f000-7fd4fce4f000 rw-p 00000000 00:00 0                          [stack:15785]
7fd4fce4f000-7fd4fce50000 ---p 00000000 00:00 0 
7fd4fce50000-7fd4fcf65000 rw-p 00000000 00:00 0                          [stack:15784]
7fd4fcf65000-7fd4fd0a6000 ---p 00000000 00:00 0 
7fd4fd0a6000-7fd4fd0bb000 rw-p 00000000 00:00 0 
7fd4fd0bb000-7fd4fd1fb000 ---p 00000000 00:00 0 
7fd4fd1fb000-7fd4fd21d000 rw-p 00000000 00:00 0 
7fd4fd21d000-7fd4fd2a6000 ---p 00000000 00:00 0 
7fd4fd2a6000-7fd4fd2bb000 rw-p 00000000 00:00 0 
7fd4fd2bb000-7fd4fd667000 ---p 00000000 00:00 0 
7fd4fd667000-7fd4fd681000 r-xp 00000000 08:07 287648                     /usr/lib/jvm/java-8-oracle/jre/lib/amd64/libzip.so
7fd4fd681000-7fd4fd881000 ---p 0001a000 08:07 287648                     /usr/lib/jvm/java-8-oracle/jre/lib/amd64/libzip.so
7fd4fd881000-7fd4fd882000 rw-p 0001a000 08:07 287648                     /usr/lib/jvm/java-8-oracle/jre/lib/amd64/libzip.so
7fd4fd882000-7fd4fd88c000 r-xp 00000000 08:07 542575                     /lib/x86_64-linux-gnu/libnss_files-2.19.so
7fd4fd88c000-7fd4fda8b000 ---p 0000a000 08:07 542575                     /lib/x86_64-linux-gnu/libnss_files-2.19.so
7fd4fda8b000-7fd4fda8c000 r--p 00009000 08:07 542575                     /lib/x86_64-linux-gnu/libnss_files-2.19.so
7fd4fda8c000-7fd4fda8d000 rw-p 0000a000 08:07 542575                     /lib/x86_64-linux-gnu/libnss_files-2.19.so
7fd4fda8d000-7fd4fda98000 r-xp 00000000 08:07 542567                     /lib/x86_64-linux-gnu/libnss_nis-2.19.so
7fd4fda98000-7fd4fdc97000 ---p 0000b000 08:07 542567                     /lib/x86_64-linux-gnu/libnss_nis-2.19.so
7fd4fdc97000-7fd4fdc98000 r--p 0000a000 08:07 542567                     /lib/x86_64-linux-gnu/libnss_nis-2.19.so
7fd4fdc98000-7fd4fdc99000 rw-p 0000b000 08:07 542567                     /lib/x86_64-linux-gnu/libnss_nis-2.19.so
7fd4fdc99000-7fd4fdcb0000 r-xp 00000000 08:07 542563                     /lib/x86_64-linux-gnu/libnsl-2.19.so
7fd4fdcb0000-7fd4fdeaf000 ---p 00017000 08:07 542563                     /lib/x86_64-linux-gnu/libnsl-2.19.so
7fd4fdeaf000-7fd4fdeb0000 r--p 00016000 08:07 542563                     /lib/x86_64-linux-gnu/libnsl-2.19.so
7fd4fdeb0000-7fd4fdeb1000 rw-p 00017000 08:07 542563                     /lib/x86_64-linux-gnu/libnsl-2.19.so
7fd4fdeb1000-7fd4fdeb3000 rw-p 00000000 00:00 0 
7fd4fdeb3000-7fd4fdebc000 r-xp 00000000 08:07 542562                     /lib/x86_64-linux-gnu/libnss_compat-2.19.so
7fd4fdebc000-7fd4fe0bb000 ---p 00009000 08:07 542562                     /lib/x86_64-linux-gnu/libnss_compat-2.19.so
7fd4fe0bb000-7fd4fe0bc000 r--p 00008000 08:07 542562                     /lib/x86_64-linux-gnu/libnss_compat-2.19.so
7fd4fe0bc000-7fd4fe0bd000 rw-p 00009000 08:07 542562                     /lib/x86_64-linux-gnu/libnss_compat-2.19.so
7fd4fe0bd000-7fd4fe0e7000 r-xp 00000000 08:07 287642                     /usr/lib/jvm/java-8-oracle/jre/lib/amd64/libjava.so
7fd4fe0e7000-7fd4fe2e7000 ---p 0002a000 08:07 287642                     /usr/lib/jvm/java-8-oracle/jre/lib/amd64/libjava.so
7fd4fe2e7000-7fd4fe2e9000 rw-p 0002a000 08:07 287642                     /usr/lib/jvm/java-8-oracle/jre/lib/amd64/libjava.so
7fd4fe2e9000-7fd4fe2f6000 r-xp 00000000 08:07 287647                     /usr/lib/jvm/java-8-oracle/jre/lib/amd64/libverify.so
7fd4fe2f6000-7fd4fe4f6000 ---p 0000d000 08:07 287647                     /usr/lib/jvm/java-8-oracle/jre/lib/amd64/libverify.so
7fd4fe4f6000-7fd4fe4f8000 rw-p 0000d000 08:07 287647                     /usr/lib/jvm/java-8-oracle/jre/lib/amd64/libverify.so
7fd4fe4f8000-7fd4fe4ff000 r-xp 00000000 08:07 542571                     /lib/x86_64-linux-gnu/librt-2.19.so
7fd4fe4ff000-7fd4fe6fe000 ---p 00007000 08:07 542571                     /lib/x86_64-linux-gnu/librt-2.19.so
7fd4fe6fe000-7fd4fe6ff000 r--p 00006000 08:07 542571                     /lib/x86_64-linux-gnu/librt-2.19.so
7fd4fe6ff000-7fd4fe700000 rw-p 00007000 08:07 542571                     /lib/x86_64-linux-gnu/librt-2.19.so
7fd4fe700000-7fd4fe805000 r-xp 00000000 08:07 540932                     /lib/x86_64-linux-gnu/libm-2.19.so
7fd4fe805000-7fd4fea04000 ---p 00105000 08:07 540932                     /lib/x86_64-linux-gnu/libm-2.19.so
7fd4fea04000-7fd4fea05000 r--p 00104000 08:07 540932                     /lib/x86_64-linux-gnu/libm-2.19.so
7fd4fea05000-7fd4fea06000 rw-p 00105000 08:07 540932                     /lib/x86_64-linux-gnu/libm-2.19.so
7fd4fea06000-7fd4ff6c6000 r-xp 00000000 08:07 287638                     /usr/lib/jvm/java-8-oracle/jre/lib/amd64/server/libjvm.so
7fd4ff6c6000-7fd4ff8c6000 ---p 00cc0000 08:07 287638                     /usr/lib/jvm/java-8-oracle/jre/lib/amd64/server/libjvm.so
7fd4ff8c6000-7fd4ff99e000 rw-p 00cc0000 08:07 287638                     /usr/lib/jvm/java-8-oracle/jre/lib/amd64/server/libjvm.so
7fd4ff99e000-7fd4ff9e9000 rw-p 00000000 00:00 0 
7fd4ff9e9000-7fd4ffba3000 r-xp 00000000 08:07 542572                     /lib/x86_64-linux-gnu/libc-2.19.so
7fd4ffba3000-7fd4ffda3000 ---p 001ba000 08:07 542572                     /lib/x86_64-linux-gnu/libc-2.19.so
7fd4ffda3000-7fd4ffda7000 r--p 001ba000 08:07 542572                     /lib/x86_64-linux-gnu/libc-2.19.so
7fd4ffda7000-7fd4ffda9000 rw-p 001be000 08:07 542572                     /lib/x86_64-linux-gnu/libc-2.19.so
7fd4ffda9000-7fd4ffdae000 rw-p 00000000 00:00 0 
7fd4ffdae000-7fd4ffdb1000 r-xp 00000000 08:07 542559                     /lib/x86_64-linux-gnu/libdl-2.19.so
7fd4ffdb1000-7fd4fffb0000 ---p 00003000 08:07 542559                     /lib/x86_64-linux-gnu/libdl-2.19.so
7fd4fffb0000-7fd4fffb1000 r--p 00002000 08:07 542559                     /lib/x86_64-linux-gnu/libdl-2.19.so
7fd4fffb1000-7fd4fffb2000 rw-p 00003000 08:07 542559                     /lib/x86_64-linux-gnu/libdl-2.19.so
7fd4fffb2000-7fd4fffc7000 r-xp 00000000 08:07 288459                     /usr/lib/jvm/java-8-oracle/lib/amd64/jli/libjli.so
7fd4fffc7000-7fd5001c7000 ---p 00015000 08:07 288459                     /usr/lib/jvm/java-8-oracle/lib/amd64/jli/libjli.so
7fd5001c7000-7fd5001c8000 rw-p 00015000 08:07 288459                     /usr/lib/jvm/java-8-oracle/lib/amd64/jli/libjli.so
7fd5001c8000-7fd5001e1000 r-xp 00000000 08:07 542564                     /lib/x86_64-linux-gnu/libpthread-2.19.so
7fd5001e1000-7fd5003e0000 ---p 00019000 08:07 542564                     /lib/x86_64-linux-gnu/libpthread-2.19.so
7fd5003e0000-7fd5003e1000 r--p 00018000 08:07 542564                     /lib/x86_64-linux-gnu/libpthread-2.19.so
7fd5003e1000-7fd5003e2000 rw-p 00019000 08:07 542564                     /lib/x86_64-linux-gnu/libpthread-2.19.so
7fd5003e2000-7fd5003e6000 rw-p 00000000 00:00 0 
7fd5003e6000-7fd500409000 r-xp 00000000 08:07 542565                     /lib/x86_64-linux-gnu/ld-2.19.so
7fd500415000-7fd5004ee000 rw-p 00000000 00:00 0 
7fd5004ee000-7fd5004f1000 ---p 00000000 00:00 0 
7fd5004f1000-7fd5005f3000 rw-p 00000000 00:00 0                          [stack:15780]
7fd5005f6000-7fd5005f7000 rw-p 00000000 00:00 0 
7fd5005f7000-7fd5005fc000 r--s 00046000 08:07 477794                     /home/omprakash/Downloads/PopcornTime/app/build/intermediates/exploded-aar/com.android.support/recyclerview-v7/24.0.0/jars/classes.jar
7fd5005fc000-7fd500604000 rw-s 00000000 08:07 549733                     /tmp/hsperfdata_omprakash/15777
7fd500604000-7fd500605000 rw-p 00000000 00:00 0 
7fd500605000-7fd500606000 ---p 00000000 00:00 0 
7fd500606000-7fd500608000 rw-p 00000000 00:00 0 
7fd500608000-7fd500609000 r--p 00022000 08:07 542565                     /lib/x86_64-linux-gnu/ld-2.19.so
7fd500609000-7fd50060a000 rw-p 00023000 08:07 542565                     /lib/x86_64-linux-gnu/ld-2.19.so
7fd50060a000-7fd50060b000 rw-p 00000000 00:00 0 
7ffe2b0a8000-7ffe2b0c9000 rw-p 00000000 00:00 0                          [stack]
7ffe2b1d2000-7ffe2b1d4000 r--p 00000000 00:00 0                          [vvar]
7ffe2b1d4000-7ffe2b1d6000 r-xp 00000000 00:00 0                          [vdso]
ffffffffff600000-ffffffffff601000 r-xp 00000000 00:00 0                  [vsyscall]

VM Arguments:
jvm_args: -Djava.awt.headless=true -Xmx1024M -Dfile.encoding=UTF-8 -Duser.country=US -Duser.language=en -Duser.variant 
java_command: com.android.dx.command.Main --dex --force-jumbo --num-threads=4 --multi-dex --output /home/omprakash/Downloads/PopcornTime/app/build/intermediates/transforms/dex/debug/folders/1000/10/com.android.support-recyclerview-v7-24.0.0_4add9e19ae812ed972a193fd81f3dfbfa38d209d /home/omprakash/Downloads/PopcornTime/app/build/intermediates/exploded-aar/com.android.support/recyclerview-v7/24.0.0/jars/classes.jar
java_class_path (initial): /home/omprakash/Android/Sdk/build-tools/24.0.0/lib/dx.jar
Launcher Type: SUN_STANDARD

Environment Variables:
PATH=/usr/local/sbin:/usr/local/bin:/usr/sbin:/usr/bin:/sbin:/bin:/usr/games:/usr/local/games
LD_LIBRARY_PATH=/opt/android-studio/bin:
SHELL=/bin/bash
DISPLAY=:0

Signal Handlers:
SIGSEGV: [libjvm.so+0xabca10], sa_mask[0]=11111111011111111101111111111110, sa_flags=SA_RESTART|SA_SIGINFO
SIGBUS: [libjvm.so+0xabca10], sa_mask[0]=11111111011111111101111111111110, sa_flags=SA_RESTART|SA_SIGINFO
SIGFPE: [libjvm.so+0x919a20], sa_mask[0]=11111111011111111101111111111110, sa_flags=SA_RESTART|SA_SIGINFO
SIGPIPE: [libjvm.so+0x919a20], sa_mask[0]=11111111011111111101111111111110, sa_flags=SA_RESTART|SA_SIGINFO
SIGXFSZ: [libjvm.so+0x919a20], sa_mask[0]=11111111011111111101111111111110, sa_flags=SA_RESTART|SA_SIGINFO
SIGILL: [libjvm.so+0x919a20], sa_mask[0]=11111111011111111101111111111110, sa_flags=SA_RESTART|SA_SIGINFO
SIGUSR1: SIG_DFL, sa_mask[0]=00000000000000000000000000000000, sa_flags=none
SIGUSR2: [libjvm.so+0x91b050], sa_mask[0]=00100000000000000000000000000000, sa_flags=SA_RESTART|SA_SIGINFO
SIGHUP: [libjvm.so+0x91c450], sa_mask[0]=11111111011111111101111111111110, sa_flags=SA_RESTART|SA_SIGINFO
SIGINT: [libjvm.so+0x91c450], sa_mask[0]=11111111011111111101111111111110, sa_flags=SA_RESTART|SA_SIGINFO
SIGTERM: [libjvm.so+0x91c450], sa_mask[0]=11111111011111111101111111111110, sa_flags=SA_RESTART|SA_SIGINFO
SIGQUIT: [libjvm.so+0x91c450], sa_mask[0]=11111111011111111101111111111110, sa_flags=SA_RESTART|SA_SIGINFO


---------------  S Y S T E M  ---------------

OS:DISTRIB_ID="elementary OS"
DISTRIB_RELEASE=0.3.2
DISTRIB_CODENAME=freya
DISTRIB_DESCRIPTION="elementary OS Freya"

uname:Linux 3.19.0-39-generic #44~14.04.1-Ubuntu SMP Wed Dec 2 10:00:35 UTC 2015 x86_64
libc:glibc 2.19 NPTL 2.19 
rlimit: STACK 8192k, CORE 0k, NPROC 14883, NOFILE 4096, AS infinity
load average:20.30 8.09 3.54

/proc/meminfo:
MemTotal:        3947912 kB
MemFree:          537564 kB
MemAvailable:     504352 kB
Buffers:            1156 kB
Cached:           292420 kB
SwapCached:         1260 kB
Active:          2426308 kB
Inactive:         793756 kB
Active(anon):    2421732 kB
Inactive(anon):   728080 kB
Active(file):       4576 kB
Inactive(file):    65676 kB
Unevictable:          64 kB
Mlocked:              64 kB
SwapTotal:       1999868 kB
SwapFree:            340 kB
Dirty:                 0 kB
Writeback:             0 kB
AnonPages:       2927424 kB
Mapped:            54852 kB
Shmem:            222280 kB
Slab:              72832 kB
SReclaimable:      32264 kB
SUnreclaim:        40568 kB
KernelStack:       13920 kB
PageTables:        55688 kB
NFS_Unstable:          0 kB
Bounce:                0 kB
WritebackTmp:          0 kB
CommitLimit:     3973824 kB
Committed_AS:   10618532 kB
VmallocTotal:   34359738367 kB
VmallocUsed:      359528 kB
VmallocChunk:   34359355516 kB
HardwareCorrupted:     0 kB
AnonHugePages:   1204224 kB
CmaTotal:              0 kB
CmaFree:               0 kB
HugePages_Total:       0
HugePages_Free:        0
HugePages_Rsvd:        0
HugePages_Surp:        0
Hugepagesize:       2048 kB
DirectMap4k:      185400 kB
DirectMap2M:     3909632 kB
DirectMap1G:           0 kB


CPU:total 4 (2 cores per cpu, 2 threads per core) family 6 model 61 stepping 4, cmov, cx8, fxsr, mmx, sse, sse2, sse3, ssse3, sse4.1, sse4.2, popcnt, avx, avx2, aes, clmul, erms, 3dnowpref, lzcnt, ht, tsc, tscinvbit, bmi1, bmi2, adx

/proc/cpuinfo:
processor	: 0
vendor_id	: GenuineIntel
cpu family	: 6
model		: 61
model name	: Intel(R) Core(TM) M-5Y10c CPU @ 0.80GHz
stepping	: 4
microcode	: 0x1f
cpu MHz		: 1999.960
cache size	: 4096 KB
physical id	: 0
siblings	: 4
core id		: 0
cpu cores	: 2
apicid		: 0
initial apicid	: 0
fpu		: yes
fpu_exception	: yes
cpuid level	: 20
wp		: yes
flags		: fpu vme de pse tsc msr pae mce cx8 apic sep mtrr pge mca cmov pat pse36 clflush dts acpi mmx fxsr sse sse2 ss ht tm pbe syscall nx pdpe1gb rdtscp lm constant_tsc arch_perfmon pebs bts rep_good nopl xtopology nonstop_tsc aperfmperf eagerfpu pni pclmulqdq dtes64 monitor ds_cpl vmx est tm2 ssse3 fma cx16 xtpr pdcm pcid sse4_1 sse4_2 x2apic movbe popcnt tsc_deadline_timer aes xsave avx f16c rdrand lahf_lm abm 3dnowprefetch ida arat epb pln pts dtherm tpr_shadow vnmi flexpriority ept vpid fsgsbase tsc_adjust bmi1 avx2 smep bmi2 erms invpcid rdseed adx smap xsaveopt
bugs		:
bogomips	: 1995.28
clflush size	: 64
cache_alignment	: 64
address sizes	: 39 bits physical, 48 bits virtual
power management:

processor	: 1
vendor_id	: GenuineIntel
cpu family	: 6
model		: 61
model name	: Intel(R) Core(TM) M-5Y10c CPU @ 0.80GHz
stepping	: 4
microcode	: 0x1f
cpu MHz		: 2000.000
cache size	: 4096 KB
physical id	: 0
siblings	: 4
core id		: 1
cpu cores	: 2
apicid		: 2
initial apicid	: 2
fpu		: yes
fpu_exception	: yes
cpuid level	: 20
wp		: yes
flags		: fpu vme de pse tsc msr pae mce cx8 apic sep mtrr pge mca cmov pat pse36 clflush dts acpi mmx fxsr sse sse2 ss ht tm pbe syscall nx pdpe1gb rdtscp lm constant_tsc arch_perfmon pebs bts rep_good nopl xtopology nonstop_tsc aperfmperf eagerfpu pni pclmulqdq dtes64 monitor ds_cpl vmx est tm2 ssse3 fma cx16 xtpr pdcm pcid sse4_1 sse4_2 x2apic movbe popcnt tsc_deadline_timer aes xsave avx f16c rdrand lahf_lm abm 3dnowprefetch ida arat epb pln pts dtherm tpr_shadow vnmi flexpriority ept vpid fsgsbase tsc_adjust bmi1 avx2 smep bmi2 erms invpcid rdseed adx smap xsaveopt
bugs		:
bogomips	: 1995.28
clflush size	: 64
cache_alignment	: 64
address sizes	: 39 bits physical, 48 bits virtual
power management:

processor	: 2
vendor_id	: GenuineIntel
cpu family	: 6
model		: 61
model name	: Intel(R) Core(TM) M-5Y10c CPU @ 0.80GHz
stepping	: 4
microcode	: 0x1f
cpu MHz		: 2000.000
cache size	: 4096 KB
physical id	: 0
siblings	: 4
core id		: 0
cpu cores	: 2
apicid		: 1
initial apicid	: 1
fpu		: yes
fpu_exception	: yes
cpuid level	: 20
wp		: yes
flags		: fpu vme de pse tsc msr pae mce cx8 apic sep mtrr pge mca cmov pat pse36 clflush dts acpi mmx fxsr sse sse2 ss ht tm pbe syscall nx pdpe1gb rdtscp lm constant_tsc arch_perfmon pebs bts rep_good nopl xtopology nonstop_tsc aperfmperf eagerfpu pni pclmulqdq dtes64 monitor ds_cpl vmx est tm2 ssse3 fma cx16 xtpr pdcm pcid sse4_1 sse4_2 x2apic movbe popcnt tsc_deadline_timer aes xsave avx f16c rdrand lahf_lm abm 3dnowprefetch ida arat epb pln pts dtherm tpr_shadow vnmi flexpriority ept vpid fsgsbase tsc_adjust bmi1 avx2 smep bmi2 erms invpcid rdseed adx smap xsaveopt
bugs		:
bogomips	: 1995.28
clflush size	: 64
cache_alignment	: 64
address sizes	: 39 bits physical, 48 bits virtual
power management:

processor	: 3
vendor_id	: GenuineIntel
cpu family	: 6
model		: 61
model name	: Intel(R) Core(TM) M-5Y10c CPU @ 0.80GHz
stepping	: 4
microcode	: 0x1f
cpu MHz		: 2000.000
cache size	: 4096 KB
physical id	: 0
siblings	: 4
core id		: 1
cpu cores	: 2
apicid		: 3
initial apicid	: 3
fpu		: yes
fpu_exception	: yes
cpuid level	: 20
wp		: yes
flags		: fpu vme de pse tsc msr pae mce cx8 apic sep mtrr pge mca cmov pat pse36 clflush dts acpi mmx fxsr sse sse2 ss ht tm pbe syscall nx pdpe1gb rdtscp lm constant_tsc arch_perfmon pebs bts rep_good nopl xtopology nonstop_tsc aperfmperf eagerfpu pni pclmulqdq dtes64 monitor ds_cpl vmx est tm2 ssse3 fma cx16 xtpr pdcm pcid sse4_1 sse4_2 x2apic movbe popcnt tsc_deadline_timer aes xsave avx f16c rdrand lahf_lm abm 3dnowprefetch ida arat epb pln pts dtherm tpr_shadow vnmi flexpriority ept vpid fsgsbase tsc_adjust bmi1 avx2 smep bmi2 erms invpcid rdseed adx smap xsaveopt
bugs		:
bogomips	: 1995.28
clflush size	: 64
cache_alignment	: 64
address sizes	: 39 bits physical, 48 bits virtual
power management:



Memory: 4k page, physical 3947912k(536572k free), swap 1999868k(360k free)

vm_info: Java HotSpot(TM) 64-Bit Server VM (25.91-b14) for linux-amd64 JRE (1.8.0_91-b14), built on Apr  1 2016 00:57:21 by "java_re" with gcc 4.3.0 20080428 (Red Hat 4.3.0-8)

time: Tue Jun 28 17:15:11 2016
elapsed time: 23 seconds (0d 0h 0m 23s)

