#
# There is insufficient memory for the Java Runtime Environment to continue.
# Native memory allocation (mmap) failed to map 144703488 bytes for committing reserved memory.
# Possible reasons:
#   The system is out of physical RAM or swap space
#   In 32 bit mode, the process size limit was hit
# Possible solutions:
#   Reduce memory load on the system
#   Increase physical memory or swap space
#   Check if swap backing store is full
#   Use 64 bit Java on a 64 bit OS
#   Decrease Java heap size (-Xmx/-Xms)
#   Decrease number of Java threads
#   Decrease Java thread stack sizes (-Xss)
#   Set larger code cache with -XX:ReservedCodeCacheSize=
# This output file may be truncated or incomplete.
#
#  Out of Memory Error (os_linux.cpp:2627), pid=12847, tid=140087276533504
#
# JRE version: Java(TM) SE Runtime Environment (8.0_91-b14) (build 1.8.0_91-b14)
# Java VM: Java HotSpot(TM) 64-Bit Server VM (25.91-b14 mixed mode linux-amd64 compressed oops)
# Failed to write core dump. Core dumps have been disabled. To enable core dumping, try "ulimit -c unlimited" before starting Java again
#

---------------  T H R E A D  ---------------

Current thread (0x00007f68b0078000):  VMThread [stack: 0x00007f689c4af000,0x00007f689c5b0000] [id=12856]

Stack: [0x00007f689c4af000,0x00007f689c5b0000],  sp=0x00007f689c5ae160,  free space=1020k
Native frames: (J=compiled Java code, j=interpreted, Vv=VM code, C=native code)
V  [libjvm.so+0xabc18a]  VMError::report_and_die()+0x2ba
V  [libjvm.so+0x4fafeb]  report_vm_out_of_memory(char const*, int, unsigned long, VMErrorType, char const*)+0x8b
V  [libjvm.so+0x91cbb3]  os::Linux::commit_memory_impl(char*, unsigned long, bool)+0x103
V  [libjvm.so+0x91d109]  os::pd_commit_memory(char*, unsigned long, unsigned long, bool)+0x29
V  [libjvm.so+0x91740a]  os::commit_memory(char*, unsigned long, unsigned long, bool)+0x2a
V  [libjvm.so+0x98b033]  PSVirtualSpace::expand_by(unsigned long)+0x53
V  [libjvm.so+0x98c438]  PSYoungGen::resize_generation(unsigned long, unsigned long)+0xf8
V  [libjvm.so+0x98b592]  PSYoungGen::resize(unsigned long, unsigned long)+0x22
V  [libjvm.so+0x98886b]  PSScavenge::invoke_no_policy()+0xf3b
V  [libjvm.so+0x988ff1]  PSScavenge::invoke()+0x41
V  [libjvm.so+0x9408b0]  ParallelScavengeHeap::failed_mem_allocate(unsigned long)+0x70
V  [libjvm.so+0xabdba7]  VM_ParallelGCFailedAllocation::doit()+0x97
V  [libjvm.so+0xac55d5]  VM_Operation::evaluate()+0x55
V  [libjvm.so+0xac39aa]  VMThread::evaluate_operation(VM_Operation*)+0xba
V  [libjvm.so+0xac3d2e]  VMThread::loop()+0x1ce
V  [libjvm.so+0xac41a0]  VMThread::run()+0x70
V  [libjvm.so+0x91ef78]  java_start(Thread*)+0x108

VM_Operation (0x00007f6885ffeb70): ParallelGCFailedAllocation, mode: safepoint, requested by thread 0x00007f68b0147800


---------------  P R O C E S S  ---------------

Java Threads: ( => current thread )
  0x00007f68b0147800 JavaThread "pool-2-thread-3" [_thread_blocked, id=12868, stack(0x00007f6885f00000,0x00007f6886001000)]
  0x00007f68b013a800 JavaThread "pool-3-thread-1" [_thread_blocked, id=12866, stack(0x00007f6886102000,0x00007f6886203000)]
  0x00007f68b00c0000 JavaThread "Service Thread" daemon [_thread_blocked, id=12863, stack(0x00007f6886405000,0x00007f6886506000)]
  0x00007f68b00bd000 JavaThread "C1 CompilerThread2" daemon [_thread_blocked, id=12862, stack(0x00007f6886506000,0x00007f6886607000)]
  0x00007f68b00bb800 JavaThread "C2 CompilerThread1" daemon [_thread_blocked, id=12861, stack(0x00007f6886607000,0x00007f6886708000)]
  0x00007f68b00b8800 JavaThread "C2 CompilerThread0" daemon [_thread_blocked, id=12860, stack(0x00007f689c0ab000,0x00007f689c1ac000)]
  0x00007f68b00b7000 JavaThread "Signal Dispatcher" daemon [_thread_blocked, id=12859, stack(0x00007f689c1ac000,0x00007f689c2ad000)]
  0x00007f68b0084000 JavaThread "Finalizer" daemon [_thread_blocked, id=12858, stack(0x00007f689c2ad000,0x00007f689c3ae000)]
  0x00007f68b007f800 JavaThread "Reference Handler" daemon [_thread_blocked, id=12857, stack(0x00007f689c3ae000,0x00007f689c4af000)]
  0x00007f68b000a000 JavaThread "main" [_thread_blocked, id=12851, stack(0x00007f68b6b75000,0x00007f68b6c76000)]

Other Threads:
=>0x00007f68b0078000 VMThread [stack: 0x00007f689c4af000,0x00007f689c5b0000] [id=12856]
  0x00007f68b00c3000 WatcherThread [stack: 0x00007f6886304000,0x00007f6886405000] [id=12864]

VM state:at safepoint (normal execution)

VM Mutex/Monitor currently owned by a thread:  ([mutex/lock_event])
[0x00007f68b0006570] Threads_lock - owner thread: 0x00007f68b0078000
[0x00007f68b0006a70] Heap_lock - owner thread: 0x00007f68b0147800

Heap:
 PSYoungGen      total 139776K, used 14315K [0x00000000eab00000, 0x00000000f4300000, 0x0000000100000000)
  eden space 125440K, 0% used [0x00000000eab00000,0x00000000eab00000,0x00000000f2580000)
  from space 14336K, 99% used [0x00000000f2580000,0x00000000f337af68,0x00000000f3380000)
  to   space 12800K, 0% used [0x00000000f3380000,0x00000000f3380000,0x00000000f4000000)
 ParOldGen       total 42496K, used 34773K [0x00000000c0000000, 0x00000000c2980000, 0x00000000eab00000)
  object space 42496K, 81% used [0x00000000c0000000,0x00000000c21f55e0,0x00000000c2980000)
 Metaspace       used 6327K, capacity 7192K, committed 7424K, reserved 1056768K
  class space    used 615K, capacity 656K, committed 768K, reserved 1048576K

Card table byte_map: [0x00007f68a0619000,0x00007f68a081a000] byte_map_base: 0x00007f68a0019000

Marking Bits: (ParMarkBitMap*) 0x00007f68b6043d60
 Begin Bits: [0x00007f689e1c0000, 0x00007f689f1c0000)
 End Bits:   [0x00007f689f1c0000, 0x00007f68a01c0000)

Polling page: 0x00007f68b6c8c000

CodeCache: size=245760Kb used=6813Kb max_used=6813Kb free=238946Kb
 bounds [0x00007f68a0bda000, 0x00007f68a128a000, 0x00007f68afbda000]
 total_blobs=2087 nmethods=1818 adapters=182
 compilation: enabled

Compilation events (10 events):
Event: 9.460 Thread 0x00007f68b00bd000 2099 %     3       com.android.dx.dex.cf.CfTranslator::translate0 @ 141 (259 bytes)
Event: 9.465 Thread 0x00007f68b00bd000 nmethod 2099% 0x00007f68a12783d0 code [0x00007f68a1278860, 0x00007f68a127b8d8]
Event: 9.465 Thread 0x00007f68b00bd000 2101       3       com.android.dx.dex.cf.CfTranslator::translate0 (259 bytes)
Event: 9.469 Thread 0x00007f68b00bd000 nmethod 2101 0x00007f68a127d790 code [0x00007f68a127dc20, 0x00007f68a1280b18]
Event: 9.476 Thread 0x00007f68b00bd000 2102       1       java.util.concurrent.ThreadPoolExecutor::workerCountOf (5 bytes)
Event: 9.476 Thread 0x00007f68b00bd000 nmethod 2102 0x00007f68a1282950 code [0x00007f68a1282aa0, 0x00007f68a1282b90]
Event: 9.488 Thread 0x00007f68b00bd000 2103       2       java.util.concurrent.locks.ReentrantLock$NonfairSync::lock (25 bytes)
Event: 9.489 Thread 0x00007f68b00bd000 nmethod 2103 0x00007f68a1282bd0 code [0x00007f68a1282d60, 0x00007f68a1282fb8]
Event: 9.509 Thread 0x00007f68b00bd000 2104       3       com.android.dx.dex.code.BlockAddresses::setupArrays (113 bytes)
Event: 9.511 Thread 0x00007f68b00bd000 nmethod 2104 0x00007f68a1283150 code [0x00007f68a1283420, 0x00007f68a1284e38]

GC Heap History (10 events):
Event: 3.674 GC heap after
Heap after GC invocations=2 (full 0):
 PSYoungGen      total 34304K, used 2552K [0x00000000eab00000, 0x00000000ecf00000, 0x0000000100000000)
  eden space 31744K, 0% used [0x00000000eab00000,0x00000000eab00000,0x00000000eca00000)
  from space 2560K, 99% used [0x00000000ecc80000,0x00000000ecefe3a8,0x00000000ecf00000)
  to   space 2560K, 0% used [0x00000000eca00000,0x00000000eca00000,0x00000000ecc80000)
 ParOldGen       total 42496K, used 2624K [0x00000000c0000000, 0x00000000c2980000, 0x00000000eab00000)
  object space 42496K, 6% used [0x00000000c0000000,0x00000000c0290180,0x00000000c2980000)
 Metaspace       used 5824K, capacity 6832K, committed 7040K, reserved 1056768K
  class space    used 592K, capacity 616K, committed 640K, reserved 1048576K
}
Event: 4.336 GC heap before
{Heap before GC invocations=3 (full 0):
 PSYoungGen      total 34304K, used 34296K [0x00000000eab00000, 0x00000000ecf00000, 0x0000000100000000)
  eden space 31744K, 100% used [0x00000000eab00000,0x00000000eca00000,0x00000000eca00000)
  from space 2560K, 99% used [0x00000000ecc80000,0x00000000ecefe3a8,0x00000000ecf00000)
  to   space 2560K, 0% used [0x00000000eca00000,0x00000000eca00000,0x00000000ecc80000)
 ParOldGen       total 42496K, used 2624K [0x00000000c0000000, 0x00000000c2980000, 0x00000000eab00000)
  object space 42496K, 6% used [0x00000000c0000000,0x00000000c0290180,0x00000000c2980000)
 Metaspace       used 5916K, capacity 6896K, committed 7040K, reserved 1056768K
  class space    used 593K, capacity 616K, committed 640K, reserved 1048576K
Event: 4.380 GC heap after
Heap after GC invocations=3 (full 0):
 PSYoungGen      total 34304K, used 2535K [0x00000000eab00000, 0x00000000eee00000, 0x0000000100000000)
  eden space 31744K, 0% used [0x00000000eab00000,0x00000000eab00000,0x00000000eca00000)
  from space 2560K, 99% used [0x00000000eca00000,0x00000000ecc79e30,0x00000000ecc80000)
  to   space 2560K, 0% used [0x00000000eeb80000,0x00000000eeb80000,0x00000000eee00000)
 ParOldGen       total 42496K, used 7478K [0x00000000c0000000, 0x00000000c2980000, 0x00000000eab00000)
  object space 42496K, 17% used [0x00000000c0000000,0x00000000c074d9d8,0x00000000c2980000)
 Metaspace       used 5916K, capacity 6896K, committed 7040K, reserved 1056768K
  class space    used 593K, capacity 616K, committed 640K, reserved 1048576K
}
Event: 4.746 GC heap before
{Heap before GC invocations=4 (full 0):
 PSYoungGen      total 34304K, used 34279K [0x00000000eab00000, 0x00000000eee00000, 0x0000000100000000)
  eden space 31744K, 100% used [0x00000000eab00000,0x00000000eca00000,0x00000000eca00000)
  from space 2560K, 99% used [0x00000000eca00000,0x00000000ecc79e30,0x00000000ecc80000)
  to   space 2560K, 0% used [0x00000000eeb80000,0x00000000eeb80000,0x00000000eee00000)
 ParOldGen       total 42496K, used 7478K [0x00000000c0000000, 0x00000000c2980000, 0x00000000eab00000)
  object space 42496K, 17% used [0x00000000c0000000,0x00000000c074d9d8,0x00000000c2980000)
 Metaspace       used 5944K, capacity 6896K, committed 7040K, reserved 1056768K
  class space    used 593K, capacity 616K, committed 640K, reserved 1048576K
Event: 4.815 GC heap after
Heap after GC invocations=4 (full 0):
 PSYoungGen      total 66048K, used 2534K [0x00000000eab00000, 0x00000000eee00000, 0x0000000100000000)
  eden space 63488K, 0% used [0x00000000eab00000,0x00000000eab00000,0x00000000ee900000)
  from space 2560K, 98% used [0x00000000eeb80000,0x00000000eedf9828,0x00000000eee00000)
  to   space 2560K, 0% used [0x00000000ee900000,0x00000000ee900000,0x00000000eeb80000)
 ParOldGen       total 42496K, used 12298K [0x00000000c0000000, 0x00000000c2980000, 0x00000000eab00000)
  object space 42496K, 28% used [0x00000000c0000000,0x00000000c0c02a18,0x00000000c2980000)
 Metaspace       used 5944K, capacity 6896K, committed 7040K, reserved 1056768K
  class space    used 593K, capacity 616K, committed 640K, reserved 1048576K
}
Event: 5.668 GC heap before
{Heap before GC invocations=5 (full 0):
 PSYoungGen      total 66048K, used 66022K [0x00000000eab00000, 0x00000000eee00000, 0x0000000100000000)
  eden space 63488K, 100% used [0x00000000eab00000,0x00000000ee900000,0x00000000ee900000)
  from space 2560K, 98% used [0x00000000eeb80000,0x00000000eedf9828,0x00000000eee00000)
  to   space 2560K, 0% used [0x00000000ee900000,0x00000000ee900000,0x00000000eeb80000)
 ParOldGen       total 42496K, used 12298K [0x00000000c0000000, 0x00000000c2980000, 0x00000000eab00000)
  object space 42496K, 28% used [0x00000000c0000000,0x00000000c0c02a18,0x00000000c2980000)
 Metaspace       used 5982K, capacity 6960K, committed 7040K, reserved 1056768K
  class space    used 593K, capacity 616K, committed 640K, reserved 1048576K
Event: 5.815 GC heap after
Heap after GC invocations=5 (full 0):
 PSYoungGen      total 66048K, used 2546K [0x00000000eab00000, 0x00000000f4000000, 0x0000000100000000)
  eden space 63488K, 0% used [0x00000000eab00000,0x00000000eab00000,0x00000000ee900000)
  from space 2560K, 99% used [0x00000000ee900000,0x00000000eeb7cad0,0x00000000eeb80000)
  to   space 12800K, 0% used [0x00000000f3380000,0x00000000f3380000,0x00000000f4000000)
 ParOldGen       total 42496K, used 21741K [0x00000000c0000000, 0x00000000c2980000, 0x00000000eab00000)
  object space 42496K, 51% used [0x00000000c0000000,0x00000000c153b420,0x00000000c2980000)
 Metaspace       used 5982K, capacity 6960K, committed 7040K, reserved 1056768K
  class space    used 593K, capacity 616K, committed 640K, reserved 1048576K
}
Event: 7.048 GC heap before
{Heap before GC invocations=6 (full 0):
 PSYoungGen      total 66048K, used 66034K [0x00000000eab00000, 0x00000000f4000000, 0x0000000100000000)
  eden space 63488K, 100% used [0x00000000eab00000,0x00000000ee900000,0x00000000ee900000)
  from space 2560K, 99% used [0x00000000ee900000,0x00000000eeb7cad0,0x00000000eeb80000)
  to   space 12800K, 0% used [0x00000000f3380000,0x00000000f3380000,0x00000000f4000000)
 ParOldGen       total 42496K, used 21741K [0x00000000c0000000, 0x00000000c2980000, 0x00000000eab00000)
  object space 42496K, 51% used [0x00000000c0000000,0x00000000c153b420,0x00000000c2980000)
 Metaspace       used 6178K, capacity 7064K, committed 7424K, reserved 1056768K
  class space    used 613K, capacity 656K, committed 768K, reserved 1048576K
Event: 7.215 GC heap after
Heap after GC invocations=6 (full 0):
 PSYoungGen      total 138240K, used 10701K [0x00000000eab00000, 0x00000000f4300000, 0x0000000100000000)
  eden space 125440K, 0% used [0x00000000eab00000,0x00000000eab00000,0x00000000f2580000)
  from space 12800K, 83% used [0x00000000f3380000,0x00000000f3df34f8,0x00000000f4000000)
  to   space 14336K, 0% used [0x00000000f2580000,0x00000000f2580000,0x00000000f3380000)
 ParOldGen       total 42496K, used 21741K [0x00000000c0000000, 0x00000000c2980000, 0x00000000eab00000)
  object space 42496K, 51% used [0x00000000c0000000,0x00000000c153b420,0x00000000c2980000)
 Metaspace       used 6178K, capacity 7064K, committed 7424K, reserved 1056768K
  class space    used 613K, capacity 656K, committed 768K, reserved 1048576K
}
Event: 9.532 GC heap before
{Heap before GC invocations=7 (full 0):
 PSYoungGen      total 138240K, used 136141K [0x00000000eab00000, 0x00000000f4300000, 0x0000000100000000)
  eden space 125440K, 100% used [0x00000000eab00000,0x00000000f2580000,0x00000000f2580000)
  from space 12800K, 83% used [0x00000000f3380000,0x00000000f3df34f8,0x00000000f4000000)
  to   space 14336K, 0% used [0x00000000f2580000,0x00000000f2580000,0x00000000f3380000)
 ParOldGen       total 42496K, used 21741K [0x00000000c0000000, 0x00000000c2980000, 0x00000000eab00000)
  object space 42496K, 51% used [0x00000000c0000000,0x00000000c153b420,0x00000000c2980000)
 Metaspace       used 6327K, capacity 7192K, committed 7424K, reserved 1056768K
  class space    used 615K, capacity 656K, committed 768K, reserved 1048576K

Deoptimization events (10 events):
Event: 6.273 Thread 0x00007f68b0147800 Uncommon trap: reason=bimorphic action=maybe_recompile pc=0x00007f68a0e8a358 method=java.util.HashMap.putVal(ILjava/lang/Object;Ljava/lang/Object;ZZ)Ljava/lang/Object; @ 203
Event: 6.299 Thread 0x00007f68b0147800 Uncommon trap: reason=unstable_if action=reinterpret pc=0x00007f68a0eb4cbc method=java.util.HashMap.putVal(ILjava/lang/Object;Ljava/lang/Object;ZZ)Ljava/lang/Object; @ 162
Event: 6.407 Thread 0x00007f68b0147800 Uncommon trap: reason=unstable_if action=reinterpret pc=0x00007f68a0e1d278 method=java.util.HashMap.getNode(ILjava/lang/Object;)Ljava/util/HashMap$Node; @ 84
Event: 6.517 Thread 0x00007f68b0146000 Uncommon trap: reason=unstable_if action=reinterpret pc=0x00007f68a0e89e64 method=java.util.HashMap.putVal(ILjava/lang/Object;Ljava/lang/Object;ZZ)Ljava/lang/Object; @ 162
Event: 7.925 Thread 0x00007f68b0147800 Uncommon trap: reason=unstable_if action=reinterpret pc=0x00007f68a0f4a3c8 method=com.android.dx.dex.code.OutputFinisher.hasLocalInfo(Lcom/android/dx/dex/code/DalvInsn;)Z @ 24
Event: 8.679 Thread 0x00007f68b0147800 Uncommon trap: reason=unstable_if action=reinterpret pc=0x00007f68a11ea780 method=com.android.dx.ssa.SCCP.simulateBranch(Lcom/android/dx/ssa/SsaInsn;)V @ 548
Event: 9.352 Thread 0x00007f68b0147800 Uncommon trap: reason=bimorphic action=maybe_recompile pc=0x00007f68a1244038 method=com.android.dx.cf.code.BytecodeArray.parseInstruction(ILcom/android/dx/cf/code/BytecodeArray$Visitor;)I @ 939
Event: 9.355 Thread 0x00007f68b0147800 Uncommon trap: reason=bimorphic action=maybe_recompile pc=0x00007f68a1244038 method=com.android.dx.cf.code.BytecodeArray.parseInstruction(ILcom/android/dx/cf/code/BytecodeArray$Visitor;)I @ 939
Event: 9.442 Thread 0x00007f68b0146000 Uncommon trap: reason=bimorphic action=maybe_recompile pc=0x00007f68a1244798 method=com.android.dx.cf.code.BytecodeArray.parseInstruction(ILcom/android/dx/cf/code/BytecodeArray$Visitor;)I @ 1287
Event: 9.443 Thread 0x00007f68b0146000 Uncommon trap: reason=bimorphic action=maybe_recompile pc=0x00007f68a1244798 method=com.android.dx.cf.code.BytecodeArray.parseInstruction(ILcom/android/dx/cf/code/BytecodeArray$Visitor;)I @ 1287

Internal exceptions (5 events):
Event: 0.168 Thread 0x00007f68b000a000 Exception <a 'java/lang/NoSuchMethodError': Method sun.misc.Unsafe.defineClass(Ljava/lang/String;[BII)Ljava/lang/Class; name or signature does not match> (0x00000000eab07cc0) thrown at [/HUDSON/workspace/8-2-build-linux-amd64/jdk8u91/6644/hotspot/src/shar
Event: 0.168 Thread 0x00007f68b000a000 Exception <a 'java/lang/NoSuchMethodError': Method sun.misc.Unsafe.prefetchRead(Ljava/lang/Object;J)V name or signature does not match> (0x00000000eab07fa8) thrown at [/HUDSON/workspace/8-2-build-linux-amd64/jdk8u91/6644/hotspot/src/share/vm/prims/jni.cpp
Event: 6.319 Thread 0x00007f68b0147800 Exception <a 'java/lang/ArrayIndexOutOfBoundsException': 18> (0x00000000ec90ecf8) thrown at [/HUDSON/workspace/8-2-build-linux-amd64/jdk8u91/6644/hotspot/src/share/vm/interpreter/interpreterRuntime.cpp, line 366]
Event: 6.319 Thread 0x00007f68b0147800 Exception <a 'java/lang/ArrayIndexOutOfBoundsException': 145> (0x00000000ec910878) thrown at [/HUDSON/workspace/8-2-build-linux-amd64/jdk8u91/6644/hotspot/src/share/vm/interpreter/interpreterRuntime.cpp, line 366]
Event: 6.321 Thread 0x00007f68b0147800 Exception <a 'java/lang/ArrayIndexOutOfBoundsException': 40> (0x00000000ec911b60) thrown at [/HUDSON/workspace/8-2-build-linux-amd64/jdk8u91/6644/hotspot/src/share/vm/interpreter/interpreterRuntime.cpp, line 366]

Events (10 events):
Event: 9.443 Thread 0x00007f68b0146000 DEOPT PACKING pc=0x00007f68a1244798 sp=0x00007f68860ffc40
Event: 9.443 Thread 0x00007f68b0146000 DEOPT UNPACKING pc=0x00007f68a0bdf229 sp=0x00007f68860ffc18 mode 2
Event: 9.469 Thread 0x00007f68b0146000 DEOPT PACKING pc=0x00007f68a11d2151 sp=0x00007f68861004a0
Event: 9.469 Thread 0x00007f68b0146000 DEOPT UNPACKING pc=0x00007f68a0c21633 sp=0x00007f68861002c8 mode 0
Event: 9.482 Thread 0x00007f68b0146000 Thread exited: 0x00007f68b0146000
Event: 9.489 Thread 0x00007f68b0149000 Thread exited: 0x00007f68b0149000
Event: 9.492 Thread 0x00007f68b0138000 Thread exited: 0x00007f68b0138000
Event: 9.509 Thread 0x00007f68b0147800 DEOPT PACKING pc=0x00007f68a10cbe2c sp=0x00007f6885ffece0
Event: 9.509 Thread 0x00007f68b0147800 DEOPT UNPACKING pc=0x00007f68a0c21633 sp=0x00007f6885ffeac8 mode 0
Event: 9.528 Executing VM operation: ParallelGCFailedAllocation


Dynamic libraries:
00400000-00401000 r-xp 00000000 08:07 288582                             /usr/lib/jvm/java-8-oracle/bin/java
00600000-00601000 rw-p 00000000 08:07 288582                             /usr/lib/jvm/java-8-oracle/bin/java
01b4a000-01b6b000 rw-p 00000000 00:00 0                                  [heap]
c0000000-c2980000 rw-p 00000000 00:00 0 
c2980000-eab00000 ---p 00000000 00:00 0 
eab00000-f4300000 rw-p 00000000 00:00 0 
fcd00000-100000000 ---p 00000000 00:00 0 
100000000-1000c0000 rw-p 00000000 00:00 0 
1000c0000-140000000 ---p 00000000 00:00 0 
7f684c000000-7f684c022000 rw-p 00000000 00:00 0 
7f684c022000-7f6850000000 ---p 00000000 00:00 0 
7f6854000000-7f6854021000 rw-p 00000000 00:00 0 
7f6854021000-7f6858000000 ---p 00000000 00:00 0 
7f6858000000-7f6858021000 rw-p 00000000 00:00 0 
7f6858021000-7f685c000000 ---p 00000000 00:00 0 
7f685c000000-7f685c021000 rw-p 00000000 00:00 0 
7f685c021000-7f6860000000 ---p 00000000 00:00 0 
7f6860000000-7f6860021000 rw-p 00000000 00:00 0 
7f6860021000-7f6864000000 ---p 00000000 00:00 0 
7f6864000000-7f6864021000 rw-p 00000000 00:00 0 
7f6864021000-7f6868000000 ---p 00000000 00:00 0 
7f6868000000-7f6868021000 rw-p 00000000 00:00 0 
7f6868021000-7f686c000000 ---p 00000000 00:00 0 
7f686c000000-7f686c759000 rw-p 00000000 00:00 0 
7f686c759000-7f6870000000 ---p 00000000 00:00 0 
7f6870000000-7f687080c000 rw-p 00000000 00:00 0 
7f687080c000-7f6874000000 ---p 00000000 00:00 0 
7f6874000000-7f6874021000 rw-p 00000000 00:00 0 
7f6874021000-7f6878000000 ---p 00000000 00:00 0 
7f6878000000-7f6878e41000 rw-p 00000000 00:00 0 
7f6878e41000-7f687c000000 ---p 00000000 00:00 0 
7f687c000000-7f687c021000 rw-p 00000000 00:00 0 
7f687c021000-7f6880000000 ---p 00000000 00:00 0 
7f6880000000-7f6880021000 rw-p 00000000 00:00 0 
7f6880021000-7f6884000000 ---p 00000000 00:00 0 
7f6885dff000-7f6885e02000 ---p 00000000 00:00 0 
7f6885e02000-7f6885f00000 rw-p 00000000 00:00 0 
7f6885f00000-7f6885f03000 ---p 00000000 00:00 0 
7f6885f03000-7f6886001000 rw-p 00000000 00:00 0                          [stack:12868]
7f6886001000-7f6886004000 ---p 00000000 00:00 0 
7f6886004000-7f6886102000 rw-p 00000000 00:00 0 
7f6886102000-7f6886105000 ---p 00000000 00:00 0 
7f6886105000-7f6886203000 rw-p 00000000 00:00 0                          [stack:12866]
7f6886203000-7f6886206000 ---p 00000000 00:00 0 
7f6886206000-7f6886304000 rw-p 00000000 00:00 0 
7f6886304000-7f6886305000 ---p 00000000 00:00 0 
7f6886305000-7f6886405000 rw-p 00000000 00:00 0                          [stack:12864]
7f6886405000-7f6886408000 ---p 00000000 00:00 0 
7f6886408000-7f6886506000 rw-p 00000000 00:00 0                          [stack:12863]
7f6886506000-7f6886509000 ---p 00000000 00:00 0 
7f6886509000-7f6886607000 rw-p 00000000 00:00 0                          [stack:12862]
7f6886607000-7f688660a000 ---p 00000000 00:00 0 
7f688660a000-7f6886708000 rw-p 00000000 00:00 0                          [stack:12861]
7f6886708000-7f6888000000 r--p 00000000 08:07 266629                     /usr/lib/locale/locale-archive
7f6888000000-7f6888021000 rw-p 00000000 00:00 0 
7f6888021000-7f688c000000 ---p 00000000 00:00 0 
7f688c000000-7f688c294000 rw-p 00000000 00:00 0 
7f688c294000-7f6890000000 ---p 00000000 00:00 0 
7f6890000000-7f6890021000 rw-p 00000000 00:00 0 
7f6890021000-7f6894000000 ---p 00000000 00:00 0 
7f6894000000-7f6894021000 rw-p 00000000 00:00 0 
7f6894021000-7f6898000000 ---p 00000000 00:00 0 
7f6898000000-7f6898021000 rw-p 00000000 00:00 0 
7f6898021000-7f689c000000 ---p 00000000 00:00 0 
7f689c0ab000-7f689c0ae000 ---p 00000000 00:00 0 
7f689c0ae000-7f689c1ac000 rw-p 00000000 00:00 0                          [stack:12860]
7f689c1ac000-7f689c1af000 ---p 00000000 00:00 0 
7f689c1af000-7f689c2ad000 rw-p 00000000 00:00 0                          [stack:12859]
7f689c2ad000-7f689c2b0000 ---p 00000000 00:00 0 
7f689c2b0000-7f689c3ae000 rw-p 00000000 00:00 0                          [stack:12858]
7f689c3ae000-7f689c3b1000 ---p 00000000 00:00 0 
7f689c3b1000-7f689c4af000 rw-p 00000000 00:00 0                          [stack:12857]
7f689c4af000-7f689c4b0000 ---p 00000000 00:00 0 
7f689c4b0000-7f689d571000 rw-p 00000000 00:00 0                          [stack:12856]
7f689d571000-7f689d74a000 r--s 03d1f000 08:07 287849                     /usr/lib/jvm/java-8-oracle/jre/lib/rt.jar
7f689d74a000-7f689de40000 rw-p 00000000 00:00 0 
7f689de40000-7f689dfc0000 ---p 00000000 00:00 0 
7f689dfc0000-7f68a01c0000 rw-p 00000000 00:00 0 
7f68a01c0000-7f68a01c1000 ---p 00000000 00:00 0 
7f68a01c1000-7f68a02c1000 rw-p 00000000 00:00 0                          [stack:12855]
7f68a02c1000-7f68a02c2000 ---p 00000000 00:00 0 
7f68a02c2000-7f68a03c2000 rw-p 00000000 00:00 0                          [stack:12854]
7f68a03c2000-7f68a03c3000 ---p 00000000 00:00 0 
7f68a03c3000-7f68a04d8000 rw-p 00000000 00:00 0                          [stack:12853]
7f68a04d8000-7f68a0619000 ---p 00000000 00:00 0 
7f68a0619000-7f68a062e000 rw-p 00000000 00:00 0 
7f68a062e000-7f68a076e000 ---p 00000000 00:00 0 
7f68a076e000-7f68a07bb000 rw-p 00000000 00:00 0 
7f68a07bb000-7f68a0819000 ---p 00000000 00:00 0 
7f68a0819000-7f68a0835000 rw-p 00000000 00:00 0 
7f68a0835000-7f68a0bda000 ---p 00000000 00:00 0 
7f68a0bda000-7f68a128a000 rwxp 00000000 00:00 0 
7f68a128a000-7f68afbda000 ---p 00000000 00:00 0 
7f68afbda000-7f68afbf4000 r-xp 00000000 08:07 287648                     /usr/lib/jvm/java-8-oracle/jre/lib/amd64/libzip.so
7f68afbf4000-7f68afdf4000 ---p 0001a000 08:07 287648                     /usr/lib/jvm/java-8-oracle/jre/lib/amd64/libzip.so
7f68afdf4000-7f68afdf5000 rw-p 0001a000 08:07 287648                     /usr/lib/jvm/java-8-oracle/jre/lib/amd64/libzip.so
7f68afdf5000-7f68afdff000 r-xp 00000000 08:07 542575                     /lib/x86_64-linux-gnu/libnss_files-2.19.so
7f68afdff000-7f68afffe000 ---p 0000a000 08:07 542575                     /lib/x86_64-linux-gnu/libnss_files-2.19.so
7f68afffe000-7f68affff000 r--p 00009000 08:07 542575                     /lib/x86_64-linux-gnu/libnss_files-2.19.so
7f68affff000-7f68b0000000 rw-p 0000a000 08:07 542575                     /lib/x86_64-linux-gnu/libnss_files-2.19.so
7f68b0000000-7f68b038f000 rw-p 00000000 00:00 0 
7f68b038f000-7f68b4000000 ---p 00000000 00:00 0 
7f68b4005000-7f68b4013000 r--s 000e0000 08:07 675446                     /home/omprakash/Android/Sdk/build-tools/24.0.0/lib/dx.jar
7f68b4013000-7f68b4014000 ---p 00000000 00:00 0 
7f68b4014000-7f68b4114000 rw-p 00000000 00:00 0                          [stack:12852]
7f68b4114000-7f68b411f000 r-xp 00000000 08:07 542567                     /lib/x86_64-linux-gnu/libnss_nis-2.19.so
7f68b411f000-7f68b431e000 ---p 0000b000 08:07 542567                     /lib/x86_64-linux-gnu/libnss_nis-2.19.so
7f68b431e000-7f68b431f000 r--p 0000a000 08:07 542567                     /lib/x86_64-linux-gnu/libnss_nis-2.19.so
7f68b431f000-7f68b4320000 rw-p 0000b000 08:07 542567                     /lib/x86_64-linux-gnu/libnss_nis-2.19.so
7f68b4320000-7f68b4337000 r-xp 00000000 08:07 542563                     /lib/x86_64-linux-gnu/libnsl-2.19.so
7f68b4337000-7f68b4536000 ---p 00017000 08:07 542563                     /lib/x86_64-linux-gnu/libnsl-2.19.so
7f68b4536000-7f68b4537000 r--p 00016000 08:07 542563                     /lib/x86_64-linux-gnu/libnsl-2.19.so
7f68b4537000-7f68b4538000 rw-p 00017000 08:07 542563                     /lib/x86_64-linux-gnu/libnsl-2.19.so
7f68b4538000-7f68b453a000 rw-p 00000000 00:00 0 
7f68b453a000-7f68b4543000 r-xp 00000000 08:07 542562                     /lib/x86_64-linux-gnu/libnss_compat-2.19.so
7f68b4543000-7f68b4742000 ---p 00009000 08:07 542562                     /lib/x86_64-linux-gnu/libnss_compat-2.19.so
7f68b4742000-7f68b4743000 r--p 00008000 08:07 542562                     /lib/x86_64-linux-gnu/libnss_compat-2.19.so
7f68b4743000-7f68b4744000 rw-p 00009000 08:07 542562                     /lib/x86_64-linux-gnu/libnss_compat-2.19.so
7f68b4744000-7f68b476e000 r-xp 00000000 08:07 287642                     /usr/lib/jvm/java-8-oracle/jre/lib/amd64/libjava.so
7f68b476e000-7f68b496e000 ---p 0002a000 08:07 287642                     /usr/lib/jvm/java-8-oracle/jre/lib/amd64/libjava.so
7f68b496e000-7f68b4970000 rw-p 0002a000 08:07 287642                     /usr/lib/jvm/java-8-oracle/jre/lib/amd64/libjava.so
7f68b4970000-7f68b497d000 r-xp 00000000 08:07 287647                     /usr/lib/jvm/java-8-oracle/jre/lib/amd64/libverify.so
7f68b497d000-7f68b4b7d000 ---p 0000d000 08:07 287647                     /usr/lib/jvm/java-8-oracle/jre/lib/amd64/libverify.so
7f68b4b7d000-7f68b4b7f000 rw-p 0000d000 08:07 287647                     /usr/lib/jvm/java-8-oracle/jre/lib/amd64/libverify.so
7f68b4b7f000-7f68b4b86000 r-xp 00000000 08:07 542571                     /lib/x86_64-linux-gnu/librt-2.19.so
7f68b4b86000-7f68b4d85000 ---p 00007000 08:07 542571                     /lib/x86_64-linux-gnu/librt-2.19.so
7f68b4d85000-7f68b4d86000 r--p 00006000 08:07 542571                     /lib/x86_64-linux-gnu/librt-2.19.so
7f68b4d86000-7f68b4d87000 rw-p 00007000 08:07 542571                     /lib/x86_64-linux-gnu/librt-2.19.so
7f68b4d87000-7f68b4e8c000 r-xp 00000000 08:07 540932                     /lib/x86_64-linux-gnu/libm-2.19.so
7f68b4e8c000-7f68b508b000 ---p 00105000 08:07 540932                     /lib/x86_64-linux-gnu/libm-2.19.so
7f68b508b000-7f68b508c000 r--p 00104000 08:07 540932                     /lib/x86_64-linux-gnu/libm-2.19.so
7f68b508c000-7f68b508d000 rw-p 00105000 08:07 540932                     /lib/x86_64-linux-gnu/libm-2.19.so
7f68b508d000-7f68b5d4d000 r-xp 00000000 08:07 287638                     /usr/lib/jvm/java-8-oracle/jre/lib/amd64/server/libjvm.so
7f68b5d4d000-7f68b5f4d000 ---p 00cc0000 08:07 287638                     /usr/lib/jvm/java-8-oracle/jre/lib/amd64/server/libjvm.so
7f68b5f4d000-7f68b6025000 rw-p 00cc0000 08:07 287638                     /usr/lib/jvm/java-8-oracle/jre/lib/amd64/server/libjvm.so
7f68b6025000-7f68b6070000 rw-p 00000000 00:00 0 
7f68b6070000-7f68b622a000 r-xp 00000000 08:07 542572                     /lib/x86_64-linux-gnu/libc-2.19.so
7f68b622a000-7f68b642a000 ---p 001ba000 08:07 542572                     /lib/x86_64-linux-gnu/libc-2.19.so
7f68b642a000-7f68b642e000 r--p 001ba000 08:07 542572                     /lib/x86_64-linux-gnu/libc-2.19.so
7f68b642e000-7f68b6430000 rw-p 001be000 08:07 542572                     /lib/x86_64-linux-gnu/libc-2.19.so
7f68b6430000-7f68b6435000 rw-p 00000000 00:00 0 
7f68b6435000-7f68b6438000 r-xp 00000000 08:07 542559                     /lib/x86_64-linux-gnu/libdl-2.19.so
7f68b6438000-7f68b6637000 ---p 00003000 08:07 542559                     /lib/x86_64-linux-gnu/libdl-2.19.so
7f68b6637000-7f68b6638000 r--p 00002000 08:07 542559                     /lib/x86_64-linux-gnu/libdl-2.19.so
7f68b6638000-7f68b6639000 rw-p 00003000 08:07 542559                     /lib/x86_64-linux-gnu/libdl-2.19.so
7f68b6639000-7f68b664e000 r-xp 00000000 08:07 288459                     /usr/lib/jvm/java-8-oracle/lib/amd64/jli/libjli.so
7f68b664e000-7f68b684e000 ---p 00015000 08:07 288459                     /usr/lib/jvm/java-8-oracle/lib/amd64/jli/libjli.so
7f68b684e000-7f68b684f000 rw-p 00015000 08:07 288459                     /usr/lib/jvm/java-8-oracle/lib/amd64/jli/libjli.so
7f68b684f000-7f68b6868000 r-xp 00000000 08:07 542564                     /lib/x86_64-linux-gnu/libpthread-2.19.so
7f68b6868000-7f68b6a67000 ---p 00019000 08:07 542564                     /lib/x86_64-linux-gnu/libpthread-2.19.so
7f68b6a67000-7f68b6a68000 r--p 00018000 08:07 542564                     /lib/x86_64-linux-gnu/libpthread-2.19.so
7f68b6a68000-7f68b6a69000 rw-p 00019000 08:07 542564                     /lib/x86_64-linux-gnu/libpthread-2.19.so
7f68b6a69000-7f68b6a6d000 rw-p 00000000 00:00 0 
7f68b6a6d000-7f68b6a90000 r-xp 00000000 08:07 542565                     /lib/x86_64-linux-gnu/ld-2.19.so
7f68b6a9c000-7f68b6b75000 rw-p 00000000 00:00 0 
7f68b6b75000-7f68b6b78000 ---p 00000000 00:00 0 
7f68b6b78000-7f68b6c7a000 rw-p 00000000 00:00 0                          [stack:12851]
7f68b6c82000-7f68b6c83000 rw-p 00000000 00:00 0 
7f68b6c83000-7f68b6c8b000 rw-s 00000000 08:07 549731                     /tmp/hsperfdata_omprakash/12847
7f68b6c8b000-7f68b6c8c000 rw-p 00000000 00:00 0 
7f68b6c8c000-7f68b6c8d000 ---p 00000000 00:00 0 
7f68b6c8d000-7f68b6c8f000 rw-p 00000000 00:00 0 
7f68b6c8f000-7f68b6c90000 r--p 00022000 08:07 542565                     /lib/x86_64-linux-gnu/ld-2.19.so
7f68b6c90000-7f68b6c91000 rw-p 00023000 08:07 542565                     /lib/x86_64-linux-gnu/ld-2.19.so
7f68b6c91000-7f68b6c92000 rw-p 00000000 00:00 0 
7fffd9c34000-7fffd9c55000 rw-p 00000000 00:00 0                          [stack]
7fffd9d98000-7fffd9d9a000 r--p 00000000 00:00 0                          [vvar]
7fffd9d9a000-7fffd9d9c000 r-xp 00000000 00:00 0                          [vdso]
ffffffffff600000-ffffffffff601000 r-xp 00000000 00:00 0                  [vsyscall]

VM Arguments:
jvm_args: -Djava.awt.headless=true -Xmx1024M -Dfile.encoding=UTF-8 -Duser.country=US -Duser.language=en -Duser.variant 
java_command: com.android.dx.command.Main --dex --force-jumbo --num-threads=4 --multi-dex --output /home/omprakash/Downloads/PopcornTime/app/build/intermediates/transforms/dex/debug/folders/1000/10/com.android.support-appcompat-v7-24.0.0_1048e03c48b34f8074e4fc29034783c159b8edd4 /home/omprakash/Downloads/PopcornTime/app/build/intermediates/exploded-aar/com.android.support/appcompat-v7/24.0.0/jars/classes.jar
java_class_path (initial): /home/omprakash/Android/Sdk/build-tools/24.0.0/lib/dx.jar
Launcher Type: SUN_STANDARD

Environment Variables:
PATH=/usr/local/sbin:/usr/local/bin:/usr/sbin:/usr/bin:/sbin:/bin:/usr/games:/usr/local/games
LD_LIBRARY_PATH=/opt/android-studio/bin:
SHELL=/bin/bash
DISPLAY=:0

Signal Handlers:
SIGSEGV: [libjvm.so+0xabca10], sa_mask[0]=11111111011111111101111111111110, sa_flags=SA_RESTART|SA_SIGINFO
SIGBUS: [libjvm.so+0xabca10], sa_mask[0]=11111111011111111101111111111110, sa_flags=SA_RESTART|SA_SIGINFO
SIGFPE: [libjvm.so+0x919a20], sa_mask[0]=11111111011111111101111111111110, sa_flags=SA_RESTART|SA_SIGINFO
SIGPIPE: [libjvm.so+0x919a20], sa_mask[0]=11111111011111111101111111111110, sa_flags=SA_RESTART|SA_SIGINFO
SIGXFSZ: [libjvm.so+0x919a20], sa_mask[0]=11111111011111111101111111111110, sa_flags=SA_RESTART|SA_SIGINFO
SIGILL: [libjvm.so+0x919a20], sa_mask[0]=11111111011111111101111111111110, sa_flags=SA_RESTART|SA_SIGINFO
SIGUSR1: SIG_DFL, sa_mask[0]=00000000000000000000000000000000, sa_flags=none
SIGUSR2: [libjvm.so+0x91b050], sa_mask[0]=00100000000000000000000000000000, sa_flags=SA_RESTART|SA_SIGINFO
SIGHUP: [libjvm.so+0x91c450], sa_mask[0]=11111111011111111101111111111110, sa_flags=SA_RESTART|SA_SIGINFO
SIGINT: [libjvm.so+0x91c450], sa_mask[0]=11111111011111111101111111111110, sa_flags=SA_RESTART|SA_SIGINFO
SIGTERM: [libjvm.so+0x91c450], sa_mask[0]=11111111011111111101111111111110, sa_flags=SA_RESTART|SA_SIGINFO
SIGQUIT: [libjvm.so+0x91c450], sa_mask[0]=11111111011111111101111111111110, sa_flags=SA_RESTART|SA_SIGINFO


---------------  S Y S T E M  ---------------

OS:DISTRIB_ID="elementary OS"
DISTRIB_RELEASE=0.3.2
DISTRIB_CODENAME=freya
DISTRIB_DESCRIPTION="elementary OS Freya"

uname:Linux 3.19.0-39-generic #44~14.04.1-Ubuntu SMP Wed Dec 2 10:00:35 UTC 2015 x86_64
libc:glibc 2.19 NPTL 2.19 
rlimit: STACK 8192k, CORE 0k, NPROC 14883, NOFILE 4096, AS infinity
load average:3.43 0.89 0.57

/proc/meminfo:
MemTotal:        3947912 kB
MemFree:           85768 kB
MemAvailable:      25716 kB
Buffers:             388 kB
Cached:           168696 kB
SwapCached:        13680 kB
Active:          2919000 kB
Inactive:         747892 kB
Active(anon):    2911292 kB
Inactive(anon):   739732 kB
Active(file):       7708 kB
Inactive(file):     8160 kB
Unevictable:          64 kB
Mlocked:              64 kB
SwapTotal:       1999868 kB
SwapFree:              0 kB
Dirty:               388 kB
Writeback:             0 kB
AnonPages:       3486580 kB
Mapped:            62064 kB
Shmem:            152572 kB
Slab:              73236 kB
SReclaimable:      32968 kB
SUnreclaim:        40268 kB
KernelStack:       13840 kB
PageTables:        56576 kB
NFS_Unstable:          0 kB
Bounce:                0 kB
WritebackTmp:          0 kB
CommitLimit:     3973824 kB
Committed_AS:   10923740 kB
VmallocTotal:   34359738367 kB
VmallocUsed:      359800 kB
VmallocChunk:   34359365272 kB
HardwareCorrupted:     0 kB
AnonHugePages:   1167360 kB
CmaTotal:              0 kB
CmaFree:               0 kB
HugePages_Total:       0
HugePages_Free:        0
HugePages_Rsvd:        0
HugePages_Surp:        0
Hugepagesize:       2048 kB
DirectMap4k:      185400 kB
DirectMap2M:     3909632 kB
DirectMap1G:           0 kB


CPU:total 4 (2 cores per cpu, 2 threads per core) family 6 model 61 stepping 4, cmov, cx8, fxsr, mmx, sse, sse2, sse3, ssse3, sse4.1, sse4.2, popcnt, avx, avx2, aes, clmul, erms, 3dnowpref, lzcnt, ht, tsc, tscinvbit, bmi1, bmi2, adx

/proc/cpuinfo:
processor	: 0
vendor_id	: GenuineIntel
cpu family	: 6
model		: 61
model name	: Intel(R) Core(TM) M-5Y10c CPU @ 0.80GHz
stepping	: 4
microcode	: 0x1f
cpu MHz		: 1999.960
cache size	: 4096 KB
physical id	: 0
siblings	: 4
core id		: 0
cpu cores	: 2
apicid		: 0
initial apicid	: 0
fpu		: yes
fpu_exception	: yes
cpuid level	: 20
wp		: yes
flags		: fpu vme de pse tsc msr pae mce cx8 apic sep mtrr pge mca cmov pat pse36 clflush dts acpi mmx fxsr sse sse2 ss ht tm pbe syscall nx pdpe1gb rdtscp lm constant_tsc arch_perfmon pebs bts rep_good nopl xtopology nonstop_tsc aperfmperf eagerfpu pni pclmulqdq dtes64 monitor ds_cpl vmx est tm2 ssse3 fma cx16 xtpr pdcm pcid sse4_1 sse4_2 x2apic movbe popcnt tsc_deadline_timer aes xsave avx f16c rdrand lahf_lm abm 3dnowprefetch ida arat epb pln pts dtherm tpr_shadow vnmi flexpriority ept vpid fsgsbase tsc_adjust bmi1 avx2 smep bmi2 erms invpcid rdseed adx smap xsaveopt
bugs		:
bogomips	: 1995.28
clflush size	: 64
cache_alignment	: 64
address sizes	: 39 bits physical, 48 bits virtual
power management:

processor	: 1
vendor_id	: GenuineIntel
cpu family	: 6
model		: 61
model name	: Intel(R) Core(TM) M-5Y10c CPU @ 0.80GHz
stepping	: 4
microcode	: 0x1f
cpu MHz		: 2000.000
cache size	: 4096 KB
physical id	: 0
siblings	: 4
core id		: 1
cpu cores	: 2
apicid		: 2
initial apicid	: 2
fpu		: yes
fpu_exception	: yes
cpuid level	: 20
wp		: yes
flags		: fpu vme de pse tsc msr pae mce cx8 apic sep mtrr pge mca cmov pat pse36 clflush dts acpi mmx fxsr sse sse2 ss ht tm pbe syscall nx pdpe1gb rdtscp lm constant_tsc arch_perfmon pebs bts rep_good nopl xtopology nonstop_tsc aperfmperf eagerfpu pni pclmulqdq dtes64 monitor ds_cpl vmx est tm2 ssse3 fma cx16 xtpr pdcm pcid sse4_1 sse4_2 x2apic movbe popcnt tsc_deadline_timer aes xsave avx f16c rdrand lahf_lm abm 3dnowprefetch ida arat epb pln pts dtherm tpr_shadow vnmi flexpriority ept vpid fsgsbase tsc_adjust bmi1 avx2 smep bmi2 erms invpcid rdseed adx smap xsaveopt
bugs		:
bogomips	: 1995.28
clflush size	: 64
cache_alignment	: 64
address sizes	: 39 bits physical, 48 bits virtual
power management:

processor	: 2
vendor_id	: GenuineIntel
cpu family	: 6
model		: 61
model name	: Intel(R) Core(TM) M-5Y10c CPU @ 0.80GHz
stepping	: 4
microcode	: 0x1f
cpu MHz		: 2000.000
cache size	: 4096 KB
physical id	: 0
siblings	: 4
core id		: 0
cpu cores	: 2
apicid		: 1
initial apicid	: 1
fpu		: yes
fpu_exception	: yes
cpuid level	: 20
wp		: yes
flags		: fpu vme de pse tsc msr pae mce cx8 apic sep mtrr pge mca cmov pat pse36 clflush dts acpi mmx fxsr sse sse2 ss ht tm pbe syscall nx pdpe1gb rdtscp lm constant_tsc arch_perfmon pebs bts rep_good nopl xtopology nonstop_tsc aperfmperf eagerfpu pni pclmulqdq dtes64 monitor ds_cpl vmx est tm2 ssse3 fma cx16 xtpr pdcm pcid sse4_1 sse4_2 x2apic movbe popcnt tsc_deadline_timer aes xsave avx f16c rdrand lahf_lm abm 3dnowprefetch ida arat epb pln pts dtherm tpr_shadow vnmi flexpriority ept vpid fsgsbase tsc_adjust bmi1 avx2 smep bmi2 erms invpcid rdseed adx smap xsaveopt
bugs		:
bogomips	: 1995.28
clflush size	: 64
cache_alignment	: 64
address sizes	: 39 bits physical, 48 bits virtual
power management:

processor	: 3
vendor_id	: GenuineIntel
cpu family	: 6
model		: 61
model name	: Intel(R) Core(TM) M-5Y10c CPU @ 0.80GHz
stepping	: 4
microcode	: 0x1f
cpu MHz		: 1999.960
cache size	: 4096 KB
physical id	: 0
siblings	: 4
core id		: 1
cpu cores	: 2
apicid		: 3
initial apicid	: 3
fpu		: yes
fpu_exception	: yes
cpuid level	: 20
wp		: yes
flags		: fpu vme de pse tsc msr pae mce cx8 apic sep mtrr pge mca cmov pat pse36 clflush dts acpi mmx fxsr sse sse2 ss ht tm pbe syscall nx pdpe1gb rdtscp lm constant_tsc arch_perfmon pebs bts rep_good nopl xtopology nonstop_tsc aperfmperf eagerfpu pni pclmulqdq dtes64 monitor ds_cpl vmx est tm2 ssse3 fma cx16 xtpr pdcm pcid sse4_1 sse4_2 x2apic movbe popcnt tsc_deadline_timer aes xsave avx f16c rdrand lahf_lm abm 3dnowprefetch ida arat epb pln pts dtherm tpr_shadow vnmi flexpriority ept vpid fsgsbase tsc_adjust bmi1 avx2 smep bmi2 erms invpcid rdseed adx smap xsaveopt
bugs		:
bogomips	: 1995.28
clflush size	: 64
cache_alignment	: 64
address sizes	: 39 bits physical, 48 bits virtual
power management:



Memory: 4k page, physical 3947912k(85768k free), swap 1999868k(0k free)

vm_info: Java HotSpot(TM) 64-Bit Server VM (25.91-b14) for linux-amd64 JRE (1.8.0_91-b14), built on Apr  1 2016 00:57:21 by "java_re" with gcc 4.3.0 20080428 (Red Hat 4.3.0-8)

time: Tue Jun 28 17:10:29 2016
elapsed time: 9 seconds (0d 0h 0m 9s)

