#
# There is insufficient memory for the Java Runtime Environment to continue.
# Native memory allocation (mmap) failed to map 32505856 bytes for committing reserved memory.
# Possible reasons:
#   The system is out of physical RAM or swap space
#   In 32 bit mode, the process size limit was hit
# Possible solutions:
#   Reduce memory load on the system
#   Increase physical memory or swap space
#   Check if swap backing store is full
#   Use 64 bit Java on a 64 bit OS
#   Decrease Java heap size (-Xmx/-Xms)
#   Decrease number of Java threads
#   Decrease Java thread stack sizes (-Xss)
#   Set larger code cache with -XX:ReservedCodeCacheSize=
# This output file may be truncated or incomplete.
#
#  Out of Memory Error (os_linux.cpp:2627), pid=12932, tid=140384029058816
#
# JRE version: Java(TM) SE Runtime Environment (8.0_91-b14) (build 1.8.0_91-b14)
# Java VM: Java HotSpot(TM) 64-Bit Server VM (25.91-b14 mixed mode linux-amd64 compressed oops)
# Failed to write core dump. Core dumps have been disabled. To enable core dumping, try "ulimit -c unlimited" before starting Java again
#

---------------  T H R E A D  ---------------

Current thread (0x00007fadc4078000):  VMThread [stack: 0x00007fadb41f2000,0x00007fadb42f3000] [id=12946]

Stack: [0x00007fadb41f2000,0x00007fadb42f3000],  sp=0x00007fadb42f12e0,  free space=1020k
Native frames: (J=compiled Java code, j=interpreted, Vv=VM code, C=native code)
V  [libjvm.so+0xabc18a]  VMError::report_and_die()+0x2ba
V  [libjvm.so+0x4fafeb]  report_vm_out_of_memory(char const*, int, unsigned long, VMErrorType, char const*)+0x8b
V  [libjvm.so+0x91cbb3]  os::Linux::commit_memory_impl(char*, unsigned long, bool)+0x103
V  [libjvm.so+0x91d109]  os::pd_commit_memory(char*, unsigned long, unsigned long, bool)+0x29
V  [libjvm.so+0x91740a]  os::commit_memory(char*, unsigned long, unsigned long, bool)+0x2a
V  [libjvm.so+0x98b033]  PSVirtualSpace::expand_by(unsigned long)+0x53
V  [libjvm.so+0x98c438]  PSYoungGen::resize_generation(unsigned long, unsigned long)+0xf8
V  [libjvm.so+0x98b592]  PSYoungGen::resize(unsigned long, unsigned long)+0x22
V  [libjvm.so+0x98886b]  PSScavenge::invoke_no_policy()+0xf3b
V  [libjvm.so+0x988ff1]  PSScavenge::invoke()+0x41
V  [libjvm.so+0x9408b0]  ParallelScavengeHeap::failed_mem_allocate(unsigned long)+0x70
V  [libjvm.so+0xabdba7]  VM_ParallelGCFailedAllocation::doit()+0x97
V  [libjvm.so+0xac55d5]  VM_Operation::evaluate()+0x55
V  [libjvm.so+0xac39aa]  VMThread::evaluate_operation(VM_Operation*)+0xba
V  [libjvm.so+0xac3d2e]  VMThread::loop()+0x1ce
V  [libjvm.so+0xac41a0]  VMThread::run()+0x70
V  [libjvm.so+0x91ef78]  java_start(Thread*)+0x108

VM_Operation (0x00007fadcc9ec7c0): ParallelGCFailedAllocation, mode: safepoint, requested by thread 0x00007fadc400a000


---------------  P R O C E S S  ---------------

Java Threads: ( => current thread )
  0x00007fadc413a800 JavaThread "pool-2-thread-4" [_thread_blocked, id=12969, stack(0x00007fada7afb000,0x00007fada7bfc000)]
  0x00007fadc4139800 JavaThread "pool-2-thread-3" [_thread_blocked, id=12966, stack(0x00007fada7bfc000,0x00007fada7cfd000)]
  0x00007fadc4137800 JavaThread "pool-2-thread-2" [_thread_blocked, id=12964, stack(0x00007fada7cfd000,0x00007fada7dfe000)]
  0x00007fadc4135800 JavaThread "pool-3-thread-1" [_thread_blocked, id=12962, stack(0x00007fada7dfe000,0x00007fada7eff000)]
  0x00007fadc4133800 JavaThread "pool-2-thread-1" [_thread_blocked, id=12961, stack(0x00007fada7eff000,0x00007fada8000000)]
  0x00007fadc40c0000 JavaThread "Service Thread" daemon [_thread_blocked, id=12959, stack(0x00007fadac102000,0x00007fadac203000)]
  0x00007fadc40bd000 JavaThread "C1 CompilerThread2" daemon [_thread_blocked, id=12958, stack(0x00007fadac203000,0x00007fadac304000)]
  0x00007fadc40bb800 JavaThread "C2 CompilerThread1" daemon [_thread_blocked, id=12957, stack(0x00007fadac304000,0x00007fadac405000)]
  0x00007fadc40b8800 JavaThread "C2 CompilerThread0" daemon [_thread_blocked, id=12956, stack(0x00007fadac405000,0x00007fadac506000)]
  0x00007fadc40b7000 JavaThread "Signal Dispatcher" daemon [_thread_blocked, id=12955, stack(0x00007fadac506000,0x00007fadac607000)]
  0x00007fadc4084000 JavaThread "Finalizer" daemon [_thread_blocked, id=12948, stack(0x00007fadadeff000,0x00007fadae000000)]
  0x00007fadc407f800 JavaThread "Reference Handler" daemon [_thread_blocked, id=12947, stack(0x00007fadb40f1000,0x00007fadb41f2000)]
  0x00007fadc400a000 JavaThread "main" [_thread_blocked, id=12936, stack(0x00007fadcc8ee000,0x00007fadcc9ef000)]

Other Threads:
=>0x00007fadc4078000 VMThread [stack: 0x00007fadb41f2000,0x00007fadb42f3000] [id=12946]
  0x00007fadc40c3000 WatcherThread [stack: 0x00007fadac001000,0x00007fadac102000] [id=12960]

VM state:at safepoint (normal execution)

VM Mutex/Monitor currently owned by a thread:  ([mutex/lock_event])
[0x00007fadc4006570] Threads_lock - owner thread: 0x00007fadc4078000
[0x00007fadc4006a70] Heap_lock - owner thread: 0x00007fadc400a000

Heap:
 PSYoungGen      total 34304K, used 2553K [0x00000000eab00000, 0x00000000ecf00000, 0x0000000100000000)
  eden space 31744K, 0% used [0x00000000eab00000,0x00000000eab00000,0x00000000eca00000)
  from space 2560K, 99% used [0x00000000eca00000,0x00000000ecc7e6e8,0x00000000ecc80000)
  to   space 2560K, 0% used [0x00000000ecc80000,0x00000000ecc80000,0x00000000ecf00000)
 ParOldGen       total 42496K, used 8591K [0x00000000c0000000, 0x00000000c2980000, 0x00000000eab00000)
  object space 42496K, 20% used [0x00000000c0000000,0x00000000c0863dc0,0x00000000c2980000)
 Metaspace       used 5861K, capacity 6832K, committed 7040K, reserved 1056768K
  class space    used 592K, capacity 616K, committed 640K, reserved 1048576K

Card table byte_map: [0x00007fadc94a6000,0x00007fadc96a7000] byte_map_base: 0x00007fadc8ea6000

Marking Bits: (ParMarkBitMap*) 0x00007fadcbdbcd60
 Begin Bits: [0x00007fadae000000, 0x00007fadaf000000)
 End Bits:   [0x00007fadaf000000, 0x00007fadb0000000)

Polling page: 0x00007fadcca05000

CodeCache: size=245760Kb used=3591Kb max_used=3591Kb free=242168Kb
 bounds [0x00007fadb5000000, 0x00007fadb5390000, 0x00007fadc4000000]
 total_blobs=1283 nmethods=1015 adapters=182
 compilation: enabled

Compilation events (10 events):
Event: 4.421 Thread 0x00007fadc40bd000 nmethod 1241 0x00007fadb5384010 code [0x00007fadb5384160, 0x00007fadb5384270]
Event: 4.421 Thread 0x00007fadc40bd000 1222       2       com.android.dx.cf.code.LocalVariableList$Item::getLocalItem (12 bytes)
Event: 4.421 Thread 0x00007fadc40bd000 nmethod 1222 0x00007fadb53842d0 code [0x00007fadb5384440, 0x00007fadb5384630]
Event: 4.421 Thread 0x00007fadc40bd000 1223       2       com.android.dx.rop.code.LocalItem::make (20 bytes)
Event: 4.421 Thread 0x00007fadc40bd000 nmethod 1223 0x00007fadb53846d0 code [0x00007fadb5384840, 0x00007fadb5384a10]
Event: 4.421 Thread 0x00007fadc40bd000 1224       2       com.android.dx.rop.code.LocalItem::<init> (15 bytes)
Event: 4.421 Thread 0x00007fadc40bd000 nmethod 1224 0x00007fadb5384ad0 code [0x00007fadb5384c20, 0x00007fadb5384d90]
Event: 4.421 Thread 0x00007fadc40bd000 1212       2       com.android.dx.rop.cst.CstInteger::make (47 bytes)
Event: 4.422 Thread 0x00007fadc40bd000 nmethod 1212 0x00007fadb5384e10 code [0x00007fadb5384f80, 0x00007fadb5385210]
Event: 4.422 Thread 0x00007fadc40bd000 1249   !   2       com.android.dx.cf.direct.AttributeListParser::parse (323 bytes)

GC Heap History (5 events):
Event: 1.749 GC heap before
{Heap before GC invocations=1 (full 0):
 PSYoungGen      total 18432K, used 15872K [0x00000000eab00000, 0x00000000ebf80000, 0x0000000100000000)
  eden space 15872K, 100% used [0x00000000eab00000,0x00000000eba80000,0x00000000eba80000)
  from space 2560K, 0% used [0x00000000ebd00000,0x00000000ebd00000,0x00000000ebf80000)
  to   space 2560K, 0% used [0x00000000eba80000,0x00000000eba80000,0x00000000ebd00000)
 ParOldGen       total 42496K, used 0K [0x00000000c0000000, 0x00000000c2980000, 0x00000000eab00000)
  object space 42496K, 0% used [0x00000000c0000000,0x00000000c0000000,0x00000000c2980000)
 Metaspace       used 5583K, capacity 6640K, committed 6784K, reserved 1056768K
  class space    used 587K, capacity 616K, committed 640K, reserved 1048576K
Event: 1.771 GC heap after
Heap after GC invocations=1 (full 0):
 PSYoungGen      total 18432K, used 2551K [0x00000000eab00000, 0x00000000ecf00000, 0x0000000100000000)
  eden space 15872K, 0% used [0x00000000eab00000,0x00000000eab00000,0x00000000eba80000)
  from space 2560K, 99% used [0x00000000eba80000,0x00000000ebcfdc78,0x00000000ebd00000)
  to   space 2560K, 0% used [0x00000000ecc80000,0x00000000ecc80000,0x00000000ecf00000)
 ParOldGen       total 42496K, used 1549K [0x00000000c0000000, 0x00000000c2980000, 0x00000000eab00000)
  object space 42496K, 3% used [0x00000000c0000000,0x00000000c0183418,0x00000000c2980000)
 Metaspace       used 5583K, capacity 6640K, committed 6784K, reserved 1056768K
  class space    used 587K, capacity 616K, committed 640K, reserved 1048576K
}
Event: 2.759 GC heap before
{Heap before GC invocations=2 (full 0):
 PSYoungGen      total 18432K, used 18423K [0x00000000eab00000, 0x00000000ecf00000, 0x0000000100000000)
  eden space 15872K, 100% used [0x00000000eab00000,0x00000000eba80000,0x00000000eba80000)
  from space 2560K, 99% used [0x00000000eba80000,0x00000000ebcfdc78,0x00000000ebd00000)
  to   space 2560K, 0% used [0x00000000ecc80000,0x00000000ecc80000,0x00000000ecf00000)
 ParOldGen       total 42496K, used 1549K [0x00000000c0000000, 0x00000000c2980000, 0x00000000eab00000)
  object space 42496K, 3% used [0x00000000c0000000,0x00000000c0183418,0x00000000c2980000)
 Metaspace       used 5709K, capacity 6704K, committed 6784K, reserved 1056768K
  class space    used 590K, capacity 616K, committed 640K, reserved 1048576K
Event: 2.852 GC heap after
Heap after GC invocations=2 (full 0):
 PSYoungGen      total 34304K, used 2554K [0x00000000eab00000, 0x00000000ecf00000, 0x0000000100000000)
  eden space 31744K, 0% used [0x00000000eab00000,0x00000000eab00000,0x00000000eca00000)
  from space 2560K, 99% used [0x00000000ecc80000,0x00000000ecefeaa8,0x00000000ecf00000)
  to   space 2560K, 0% used [0x00000000eca00000,0x00000000eca00000,0x00000000ecc80000)
 ParOldGen       total 42496K, used 3976K [0x00000000c0000000, 0x00000000c2980000, 0x00000000eab00000)
  object space 42496K, 9% used [0x00000000c0000000,0x00000000c03e2070,0x00000000c2980000)
 Metaspace       used 5709K, capacity 6704K, committed 6784K, reserved 1056768K
  class space    used 590K, capacity 616K, committed 640K, reserved 1048576K
}
Event: 4.458 GC heap before
{Heap before GC invocations=3 (full 0):
 PSYoungGen      total 34304K, used 34298K [0x00000000eab00000, 0x00000000ecf00000, 0x0000000100000000)
  eden space 31744K, 100% used [0x00000000eab00000,0x00000000eca00000,0x00000000eca00000)
  from space 2560K, 99% used [0x00000000ecc80000,0x00000000ecefeaa8,0x00000000ecf00000)
  to   space 2560K, 0% used [0x00000000eca00000,0x00000000eca00000,0x00000000ecc80000)
 ParOldGen       total 42496K, used 3976K [0x00000000c0000000, 0x00000000c2980000, 0x00000000eab00000)
  object space 42496K, 9% used [0x00000000c0000000,0x00000000c03e2070,0x00000000c2980000)
 Metaspace       used 5861K, capacity 6832K, committed 7040K, reserved 1056768K
  class space    used 592K, capacity 616K, committed 640K, reserved 1048576K

Deoptimization events (10 events):
Event: 2.005 Thread 0x00007fadc4139800 Uncommon trap: reason=unstable_if action=reinterpret pc=0x00007fadb51ed338 method=java.util.BitSet.ensureCapacity(I)V @ 6
Event: 2.320 Thread 0x00007fadc400a000 Uncommon trap: reason=bimorphic action=maybe_recompile pc=0x00007fadb51e47d0 method=java.util.HashMap.getNode(ILjava/lang/Object;)Ljava/util/HashMap$Node; @ 126
Event: 2.374 Thread 0x00007fadc4137800 Uncommon trap: reason=bimorphic action=maybe_recompile pc=0x00007fadb51e47d0 method=java.util.HashMap.getNode(ILjava/lang/Object;)Ljava/util/HashMap$Node; @ 126
Event: 2.475 Thread 0x00007fadc4137800 Uncommon trap: reason=bimorphic action=maybe_recompile pc=0x00007fadb51e47d0 method=java.util.HashMap.getNode(ILjava/lang/Object;)Ljava/util/HashMap$Node; @ 126
Event: 2.475 Thread 0x00007fadc4137800 Uncommon trap: reason=bimorphic action=maybe_recompile pc=0x00007fadb51e47d0 method=java.util.HashMap.getNode(ILjava/lang/Object;)Ljava/util/HashMap$Node; @ 126
Event: 2.475 Thread 0x00007fadc4137800 Uncommon trap: reason=bimorphic action=maybe_recompile pc=0x00007fadb51e02f0 method=java.util.HashMap.getNode(ILjava/lang/Object;)Ljava/util/HashMap$Node; @ 126
Event: 2.890 Thread 0x00007fadc400a000 Uncommon trap: reason=class_check action=maybe_recompile pc=0x00007fadb5288990 method=com.android.dx.ssa.NormalSsaInsn.accept(Lcom/android/dx/ssa/SsaInsn$Visitor;)V @ 9
Event: 2.890 Thread 0x00007fadc400a000 Uncommon trap: reason=class_check action=maybe_recompile pc=0x00007fadb5288990 method=com.android.dx.ssa.NormalSsaInsn.accept(Lcom/android/dx/ssa/SsaInsn$Visitor;)V @ 9
Event: 2.890 Thread 0x00007fadc400a000 Uncommon trap: reason=class_check action=maybe_recompile pc=0x00007fadb5288990 method=com.android.dx.ssa.NormalSsaInsn.accept(Lcom/android/dx/ssa/SsaInsn$Visitor;)V @ 9
Event: 2.890 Thread 0x00007fadc400a000 Uncommon trap: reason=class_check action=maybe_recompile pc=0x00007fadb5288990 method=com.android.dx.ssa.NormalSsaInsn.accept(Lcom/android/dx/ssa/SsaInsn$Visitor;)V @ 9

Internal exceptions (2 events):
Event: 0.082 Thread 0x00007fadc400a000 Exception <a 'java/lang/NoSuchMethodError': Method sun.misc.Unsafe.defineClass(Ljava/lang/String;[BII)Ljava/lang/Class; name or signature does not match> (0x00000000eab07cc0) thrown at [/HUDSON/workspace/8-2-build-linux-amd64/jdk8u91/6644/hotspot/src/shar
Event: 0.082 Thread 0x00007fadc400a000 Exception <a 'java/lang/NoSuchMethodError': Method sun.misc.Unsafe.prefetchRead(Ljava/lang/Object;J)V name or signature does not match> (0x00000000eab07fa8) thrown at [/HUDSON/workspace/8-2-build-linux-amd64/jdk8u91/6644/hotspot/src/share/vm/prims/jni.cpp

Events (10 events):
Event: 2.890 Thread 0x00007fadc400a000 DEOPT UNPACKING pc=0x00007fadb5005229 sp=0x00007fadcc9ec620 mode 2
Event: 3.715 loading class com/android/dx/dex/file/ParameterAnnotationStruct
Event: 3.715 loading class com/android/dx/dex/file/ParameterAnnotationStruct done
Event: 3.716 loading class com/android/dx/dex/file/UniformListItem
Event: 3.716 loading class com/android/dx/dex/file/UniformListItem done
Event: 3.716 loading class com/android/dx/dex/file/AnnotationSetRefItem
Event: 3.716 loading class com/android/dx/dex/file/AnnotationSetRefItem done
Event: 4.167 Executing VM operation: EnableBiasedLocking
Event: 4.167 Executing VM operation: EnableBiasedLocking done
Event: 4.436 Executing VM operation: ParallelGCFailedAllocation


Dynamic libraries:
00400000-00401000 r-xp 00000000 08:07 288582                             /usr/lib/jvm/java-8-oracle/bin/java
00600000-00601000 rw-p 00000000 08:07 288582                             /usr/lib/jvm/java-8-oracle/bin/java
01cc0000-01ce1000 rw-p 00000000 00:00 0                                  [heap]
c0000000-c2980000 rw-p 00000000 00:00 0 
c2980000-eab00000 ---p 00000000 00:00 0 
eab00000-ecf00000 rw-p 00000000 00:00 0 
eee00000-100000000 ---p 00000000 00:00 0 
100000000-1000a0000 rw-p 00000000 00:00 0 
1000a0000-140000000 ---p 00000000 00:00 0 
7fad60000000-7fad60021000 rw-p 00000000 00:00 0 
7fad60021000-7fad64000000 ---p 00000000 00:00 0 
7fad68000000-7fad6802e000 rw-p 00000000 00:00 0 
7fad6802e000-7fad6c000000 ---p 00000000 00:00 0 
7fad6c000000-7fad6c025000 rw-p 00000000 00:00 0 
7fad6c025000-7fad70000000 ---p 00000000 00:00 0 
7fad70000000-7fad7003c000 rw-p 00000000 00:00 0 
7fad7003c000-7fad74000000 ---p 00000000 00:00 0 
7fad74000000-7fad74021000 rw-p 00000000 00:00 0 
7fad74021000-7fad78000000 ---p 00000000 00:00 0 
7fad78000000-7fad78021000 rw-p 00000000 00:00 0 
7fad78021000-7fad7c000000 ---p 00000000 00:00 0 
7fad7c000000-7fad7c021000 rw-p 00000000 00:00 0 
7fad7c021000-7fad80000000 ---p 00000000 00:00 0 
7fad80000000-7fad80789000 rw-p 00000000 00:00 0 
7fad80789000-7fad84000000 ---p 00000000 00:00 0 
7fad84000000-7fad84686000 rw-p 00000000 00:00 0 
7fad84686000-7fad88000000 ---p 00000000 00:00 0 
7fad88000000-7fad88021000 rw-p 00000000 00:00 0 
7fad88021000-7fad8c000000 ---p 00000000 00:00 0 
7fad8c000000-7fad8c732000 rw-p 00000000 00:00 0 
7fad8c732000-7fad90000000 ---p 00000000 00:00 0 
7fad90000000-7fad90021000 rw-p 00000000 00:00 0 
7fad90021000-7fad94000000 ---p 00000000 00:00 0 
7fad94000000-7fad94021000 rw-p 00000000 00:00 0 
7fad94021000-7fad98000000 ---p 00000000 00:00 0 
7fad98000000-7fad98021000 rw-p 00000000 00:00 0 
7fad98021000-7fad9c000000 ---p 00000000 00:00 0 
7fad9c000000-7fad9c28c000 rw-p 00000000 00:00 0 
7fad9c28c000-7fada0000000 ---p 00000000 00:00 0 
7fada0000000-7fada0021000 rw-p 00000000 00:00 0 
7fada0021000-7fada4000000 ---p 00000000 00:00 0 
7fada7afb000-7fada7afe000 ---p 00000000 00:00 0 
7fada7afe000-7fada7bfc000 rw-p 00000000 00:00 0                          [stack:12969]
7fada7bfc000-7fada7bff000 ---p 00000000 00:00 0 
7fada7bff000-7fada7cfd000 rw-p 00000000 00:00 0                          [stack:12966]
7fada7cfd000-7fada7d00000 ---p 00000000 00:00 0 
7fada7d00000-7fada7dfe000 rw-p 00000000 00:00 0                          [stack:12964]
7fada7dfe000-7fada7e01000 ---p 00000000 00:00 0 
7fada7e01000-7fada7eff000 rw-p 00000000 00:00 0                          [stack:12962]
7fada7eff000-7fada7f02000 ---p 00000000 00:00 0 
7fada7f02000-7fada8000000 rw-p 00000000 00:00 0                          [stack:12961]
7fada8000000-7fada8021000 rw-p 00000000 00:00 0 
7fada8021000-7fadac000000 ---p 00000000 00:00 0 
7fadac001000-7fadac002000 ---p 00000000 00:00 0 
7fadac002000-7fadac102000 rw-p 00000000 00:00 0                          [stack:12960]
7fadac102000-7fadac105000 ---p 00000000 00:00 0 
7fadac105000-7fadac203000 rw-p 00000000 00:00 0                          [stack:12959]
7fadac203000-7fadac206000 ---p 00000000 00:00 0 
7fadac206000-7fadac304000 rw-p 00000000 00:00 0                          [stack:12958]
7fadac304000-7fadac307000 ---p 00000000 00:00 0 
7fadac307000-7fadac405000 rw-p 00000000 00:00 0                          [stack:12957]
7fadac405000-7fadac408000 ---p 00000000 00:00 0 
7fadac408000-7fadac506000 rw-p 00000000 00:00 0                          [stack:12956]
7fadac506000-7fadac509000 ---p 00000000 00:00 0 
7fadac509000-7fadac607000 rw-p 00000000 00:00 0                          [stack:12955]
7fadac607000-7fadadeff000 r--p 00000000 08:07 266629                     /usr/lib/locale/locale-archive
7fadadeff000-7fadadf02000 ---p 00000000 00:00 0 
7fadadf02000-7fadb0000000 rw-p 00000000 00:00 0                          [stack:12948]
7fadb0000000-7fadb0021000 rw-p 00000000 00:00 0 
7fadb0021000-7fadb4000000 ---p 00000000 00:00 0 
7fadb40f1000-7fadb40f4000 ---p 00000000 00:00 0 
7fadb40f4000-7fadb41f2000 rw-p 00000000 00:00 0                          [stack:12947]
7fadb41f2000-7fadb41f3000 ---p 00000000 00:00 0 
7fadb41f3000-7fadb5000000 rw-p 00000000 00:00 0                          [stack:12946]
7fadb5000000-7fadb5390000 rwxp 00000000 00:00 0 
7fadb5390000-7fadc4000000 ---p 00000000 00:00 0 
7fadc4000000-7fadc438f000 rw-p 00000000 00:00 0 
7fadc438f000-7fadc8000000 ---p 00000000 00:00 0 
7fadc803b000-7fadc8049000 r--s 000e0000 08:07 675446                     /home/omprakash/Android/Sdk/build-tools/24.0.0/lib/dx.jar
7fadc8049000-7fadc82fd000 rw-p 00000000 00:00 0 
7fadc82fd000-7fadc84d6000 r--s 03d1f000 08:07 287849                     /usr/lib/jvm/java-8-oracle/jre/lib/rt.jar
7fadc84d6000-7fadc8b8c000 rw-p 00000000 00:00 0 
7fadc8b8c000-7fadc8d4c000 ---p 00000000 00:00 0 
7fadc8d4c000-7fadc8f4c000 rw-p 00000000 00:00 0 
7fadc8f4c000-7fadc8f4d000 ---p 00000000 00:00 0 
7fadc8f4d000-7fadc904d000 rw-p 00000000 00:00 0                          [stack:12942]
7fadc904d000-7fadc904e000 ---p 00000000 00:00 0 
7fadc904e000-7fadc914e000 rw-p 00000000 00:00 0                          [stack:12941]
7fadc914e000-7fadc914f000 ---p 00000000 00:00 0 
7fadc914f000-7fadc924f000 rw-p 00000000 00:00 0                          [stack:12940]
7fadc924f000-7fadc9250000 ---p 00000000 00:00 0 
7fadc9250000-7fadc9365000 rw-p 00000000 00:00 0                          [stack:12939]
7fadc9365000-7fadc94a6000 ---p 00000000 00:00 0 
7fadc94a6000-7fadc94bb000 rw-p 00000000 00:00 0 
7fadc94bb000-7fadc95fb000 ---p 00000000 00:00 0 
7fadc95fb000-7fadc960e000 rw-p 00000000 00:00 0 
7fadc960e000-7fadc96a6000 ---p 00000000 00:00 0 
7fadc96a6000-7fadc96b6000 rw-p 00000000 00:00 0 
7fadc96b6000-7fadc9a67000 ---p 00000000 00:00 0 
7fadc9a67000-7fadc9a81000 r-xp 00000000 08:07 287648                     /usr/lib/jvm/java-8-oracle/jre/lib/amd64/libzip.so
7fadc9a81000-7fadc9c81000 ---p 0001a000 08:07 287648                     /usr/lib/jvm/java-8-oracle/jre/lib/amd64/libzip.so
7fadc9c81000-7fadc9c82000 rw-p 0001a000 08:07 287648                     /usr/lib/jvm/java-8-oracle/jre/lib/amd64/libzip.so
7fadc9c82000-7fadc9c8c000 r-xp 00000000 08:07 542575                     /lib/x86_64-linux-gnu/libnss_files-2.19.so
7fadc9c8c000-7fadc9e8b000 ---p 0000a000 08:07 542575                     /lib/x86_64-linux-gnu/libnss_files-2.19.so
7fadc9e8b000-7fadc9e8c000 r--p 00009000 08:07 542575                     /lib/x86_64-linux-gnu/libnss_files-2.19.so
7fadc9e8c000-7fadc9e8d000 rw-p 0000a000 08:07 542575                     /lib/x86_64-linux-gnu/libnss_files-2.19.so
7fadc9e8d000-7fadc9e98000 r-xp 00000000 08:07 542567                     /lib/x86_64-linux-gnu/libnss_nis-2.19.so
7fadc9e98000-7fadca097000 ---p 0000b000 08:07 542567                     /lib/x86_64-linux-gnu/libnss_nis-2.19.so
7fadca097000-7fadca098000 r--p 0000a000 08:07 542567                     /lib/x86_64-linux-gnu/libnss_nis-2.19.so
7fadca098000-7fadca099000 rw-p 0000b000 08:07 542567                     /lib/x86_64-linux-gnu/libnss_nis-2.19.so
7fadca099000-7fadca0b0000 r-xp 00000000 08:07 542563                     /lib/x86_64-linux-gnu/libnsl-2.19.so
7fadca0b0000-7fadca2af000 ---p 00017000 08:07 542563                     /lib/x86_64-linux-gnu/libnsl-2.19.so
7fadca2af000-7fadca2b0000 r--p 00016000 08:07 542563                     /lib/x86_64-linux-gnu/libnsl-2.19.so
7fadca2b0000-7fadca2b1000 rw-p 00017000 08:07 542563                     /lib/x86_64-linux-gnu/libnsl-2.19.so
7fadca2b1000-7fadca2b3000 rw-p 00000000 00:00 0 
7fadca2b3000-7fadca2bc000 r-xp 00000000 08:07 542562                     /lib/x86_64-linux-gnu/libnss_compat-2.19.so
7fadca2bc000-7fadca4bb000 ---p 00009000 08:07 542562                     /lib/x86_64-linux-gnu/libnss_compat-2.19.so
7fadca4bb000-7fadca4bc000 r--p 00008000 08:07 542562                     /lib/x86_64-linux-gnu/libnss_compat-2.19.so
7fadca4bc000-7fadca4bd000 rw-p 00009000 08:07 542562                     /lib/x86_64-linux-gnu/libnss_compat-2.19.so
7fadca4bd000-7fadca4e7000 r-xp 00000000 08:07 287642                     /usr/lib/jvm/java-8-oracle/jre/lib/amd64/libjava.so
7fadca4e7000-7fadca6e7000 ---p 0002a000 08:07 287642                     /usr/lib/jvm/java-8-oracle/jre/lib/amd64/libjava.so
7fadca6e7000-7fadca6e9000 rw-p 0002a000 08:07 287642                     /usr/lib/jvm/java-8-oracle/jre/lib/amd64/libjava.so
7fadca6e9000-7fadca6f6000 r-xp 00000000 08:07 287647                     /usr/lib/jvm/java-8-oracle/jre/lib/amd64/libverify.so
7fadca6f6000-7fadca8f6000 ---p 0000d000 08:07 287647                     /usr/lib/jvm/java-8-oracle/jre/lib/amd64/libverify.so
7fadca8f6000-7fadca8f8000 rw-p 0000d000 08:07 287647                     /usr/lib/jvm/java-8-oracle/jre/lib/amd64/libverify.so
7fadca8f8000-7fadca8ff000 r-xp 00000000 08:07 542571                     /lib/x86_64-linux-gnu/librt-2.19.so
7fadca8ff000-7fadcaafe000 ---p 00007000 08:07 542571                     /lib/x86_64-linux-gnu/librt-2.19.so
7fadcaafe000-7fadcaaff000 r--p 00006000 08:07 542571                     /lib/x86_64-linux-gnu/librt-2.19.so
7fadcaaff000-7fadcab00000 rw-p 00007000 08:07 542571                     /lib/x86_64-linux-gnu/librt-2.19.so
7fadcab00000-7fadcac05000 r-xp 00000000 08:07 540932                     /lib/x86_64-linux-gnu/libm-2.19.so
7fadcac05000-7fadcae04000 ---p 00105000 08:07 540932                     /lib/x86_64-linux-gnu/libm-2.19.so
7fadcae04000-7fadcae05000 r--p 00104000 08:07 540932                     /lib/x86_64-linux-gnu/libm-2.19.so
7fadcae05000-7fadcae06000 rw-p 00105000 08:07 540932                     /lib/x86_64-linux-gnu/libm-2.19.so
7fadcae06000-7fadcbac6000 r-xp 00000000 08:07 287638                     /usr/lib/jvm/java-8-oracle/jre/lib/amd64/server/libjvm.so
7fadcbac6000-7fadcbcc6000 ---p 00cc0000 08:07 287638                     /usr/lib/jvm/java-8-oracle/jre/lib/amd64/server/libjvm.so
7fadcbcc6000-7fadcbd9e000 rw-p 00cc0000 08:07 287638                     /usr/lib/jvm/java-8-oracle/jre/lib/amd64/server/libjvm.so
7fadcbd9e000-7fadcbde9000 rw-p 00000000 00:00 0 
7fadcbde9000-7fadcbfa3000 r-xp 00000000 08:07 542572                     /lib/x86_64-linux-gnu/libc-2.19.so
7fadcbfa3000-7fadcc1a3000 ---p 001ba000 08:07 542572                     /lib/x86_64-linux-gnu/libc-2.19.so
7fadcc1a3000-7fadcc1a7000 r--p 001ba000 08:07 542572                     /lib/x86_64-linux-gnu/libc-2.19.so
7fadcc1a7000-7fadcc1a9000 rw-p 001be000 08:07 542572                     /lib/x86_64-linux-gnu/libc-2.19.so
7fadcc1a9000-7fadcc1ae000 rw-p 00000000 00:00 0 
7fadcc1ae000-7fadcc1b1000 r-xp 00000000 08:07 542559                     /lib/x86_64-linux-gnu/libdl-2.19.so
7fadcc1b1000-7fadcc3b0000 ---p 00003000 08:07 542559                     /lib/x86_64-linux-gnu/libdl-2.19.so
7fadcc3b0000-7fadcc3b1000 r--p 00002000 08:07 542559                     /lib/x86_64-linux-gnu/libdl-2.19.so
7fadcc3b1000-7fadcc3b2000 rw-p 00003000 08:07 542559                     /lib/x86_64-linux-gnu/libdl-2.19.so
7fadcc3b2000-7fadcc3c7000 r-xp 00000000 08:07 288459                     /usr/lib/jvm/java-8-oracle/lib/amd64/jli/libjli.so
7fadcc3c7000-7fadcc5c7000 ---p 00015000 08:07 288459                     /usr/lib/jvm/java-8-oracle/lib/amd64/jli/libjli.so
7fadcc5c7000-7fadcc5c8000 rw-p 00015000 08:07 288459                     /usr/lib/jvm/java-8-oracle/lib/amd64/jli/libjli.so
7fadcc5c8000-7fadcc5e1000 r-xp 00000000 08:07 542564                     /lib/x86_64-linux-gnu/libpthread-2.19.so
7fadcc5e1000-7fadcc7e0000 ---p 00019000 08:07 542564                     /lib/x86_64-linux-gnu/libpthread-2.19.so
7fadcc7e0000-7fadcc7e1000 r--p 00018000 08:07 542564                     /lib/x86_64-linux-gnu/libpthread-2.19.so
7fadcc7e1000-7fadcc7e2000 rw-p 00019000 08:07 542564                     /lib/x86_64-linux-gnu/libpthread-2.19.so
7fadcc7e2000-7fadcc7e6000 rw-p 00000000 00:00 0 
7fadcc7e6000-7fadcc809000 r-xp 00000000 08:07 542565                     /lib/x86_64-linux-gnu/ld-2.19.so
7fadcc815000-7fadcc8ee000 rw-p 00000000 00:00 0 
7fadcc8ee000-7fadcc8f1000 ---p 00000000 00:00 0 
7fadcc8f1000-7fadcc9f3000 rw-p 00000000 00:00 0                          [stack:12936]
7fadcc9f6000-7fadcc9f7000 rw-p 00000000 00:00 0 
7fadcc9f7000-7fadcc9fc000 r--s 00046000 08:07 477769                     /home/omprakash/Downloads/PopcornTime/app/build/intermediates/exploded-aar/com.android.support/recyclerview-v7/24.0.0/jars/classes.jar
7fadcc9fc000-7fadcca04000 rw-s 00000000 08:07 549730                     /tmp/hsperfdata_omprakash/12932
7fadcca04000-7fadcca05000 rw-p 00000000 00:00 0 
7fadcca05000-7fadcca06000 ---p 00000000 00:00 0 
7fadcca06000-7fadcca08000 rw-p 00000000 00:00 0 
7fadcca08000-7fadcca09000 r--p 00022000 08:07 542565                     /lib/x86_64-linux-gnu/ld-2.19.so
7fadcca09000-7fadcca0a000 rw-p 00023000 08:07 542565                     /lib/x86_64-linux-gnu/ld-2.19.so
7fadcca0a000-7fadcca0b000 rw-p 00000000 00:00 0 
7ffd8121d000-7ffd8123e000 rw-p 00000000 00:00 0                          [stack]
7ffd8134c000-7ffd8134e000 r--p 00000000 00:00 0                          [vvar]
7ffd8134e000-7ffd81350000 r-xp 00000000 00:00 0                          [vdso]
ffffffffff600000-ffffffffff601000 r-xp 00000000 00:00 0                  [vsyscall]

VM Arguments:
jvm_args: -Djava.awt.headless=true -Xmx1024M -Dfile.encoding=UTF-8 -Duser.country=US -Duser.language=en -Duser.variant 
java_command: com.android.dx.command.Main --dex --force-jumbo --num-threads=4 --multi-dex --output /home/omprakash/Downloads/PopcornTime/app/build/intermediates/transforms/dex/debug/folders/1000/10/com.android.support-recyclerview-v7-24.0.0_4add9e19ae812ed972a193fd81f3dfbfa38d209d /home/omprakash/Downloads/PopcornTime/app/build/intermediates/exploded-aar/com.android.support/recyclerview-v7/24.0.0/jars/classes.jar
java_class_path (initial): /home/omprakash/Android/Sdk/build-tools/24.0.0/lib/dx.jar
Launcher Type: SUN_STANDARD

Environment Variables:
PATH=/usr/local/sbin:/usr/local/bin:/usr/sbin:/usr/bin:/sbin:/bin:/usr/games:/usr/local/games
LD_LIBRARY_PATH=/opt/android-studio/bin:
SHELL=/bin/bash
DISPLAY=:0

Signal Handlers:
SIGSEGV: [libjvm.so+0xabca10], sa_mask[0]=11111111011111111101111111111110, sa_flags=SA_RESTART|SA_SIGINFO
SIGBUS: [libjvm.so+0xabca10], sa_mask[0]=11111111011111111101111111111110, sa_flags=SA_RESTART|SA_SIGINFO
SIGFPE: [libjvm.so+0x919a20], sa_mask[0]=11111111011111111101111111111110, sa_flags=SA_RESTART|SA_SIGINFO
SIGPIPE: [libjvm.so+0x919a20], sa_mask[0]=11111111011111111101111111111110, sa_flags=SA_RESTART|SA_SIGINFO
SIGXFSZ: [libjvm.so+0x919a20], sa_mask[0]=11111111011111111101111111111110, sa_flags=SA_RESTART|SA_SIGINFO
SIGILL: [libjvm.so+0x919a20], sa_mask[0]=11111111011111111101111111111110, sa_flags=SA_RESTART|SA_SIGINFO
SIGUSR1: SIG_DFL, sa_mask[0]=00000000000000000000000000000000, sa_flags=none
SIGUSR2: [libjvm.so+0x91b050], sa_mask[0]=00100000000000000000000000000000, sa_flags=SA_RESTART|SA_SIGINFO
SIGHUP: [libjvm.so+0x91c450], sa_mask[0]=11111111011111111101111111111110, sa_flags=SA_RESTART|SA_SIGINFO
SIGINT: [libjvm.so+0x91c450], sa_mask[0]=11111111011111111101111111111110, sa_flags=SA_RESTART|SA_SIGINFO
SIGTERM: [libjvm.so+0x91c450], sa_mask[0]=11111111011111111101111111111110, sa_flags=SA_RESTART|SA_SIGINFO
SIGQUIT: [libjvm.so+0x91c450], sa_mask[0]=11111111011111111101111111111110, sa_flags=SA_RESTART|SA_SIGINFO


---------------  S Y S T E M  ---------------

OS:DISTRIB_ID="elementary OS"
DISTRIB_RELEASE=0.3.2
DISTRIB_CODENAME=freya
DISTRIB_DESCRIPTION="elementary OS Freya"

uname:Linux 3.19.0-39-generic #44~14.04.1-Ubuntu SMP Wed Dec 2 10:00:35 UTC 2015 x86_64
libc:glibc 2.19 NPTL 2.19 
rlimit: STACK 8192k, CORE 0k, NPROC 14883, NOFILE 4096, AS infinity
load average:3.43 0.89 0.57

/proc/meminfo:
MemTotal:        3947912 kB
MemFree:          217760 kB
MemAvailable:     160624 kB
Buffers:             596 kB
Cached:           174416 kB
SwapCached:         9928 kB
Active:          2868636 kB
Inactive:         663712 kB
Active(anon):    2858792 kB
Inactive(anon):   651852 kB
Active(file):       9844 kB
Inactive(file):    11860 kB
Unevictable:          64 kB
Mlocked:              64 kB
SwapTotal:       1999868 kB
SwapFree:              0 kB
Dirty:               388 kB
Writeback:             0 kB
AnonPages:       3340440 kB
Mapped:            64976 kB
Shmem:            152572 kB
Slab:              73236 kB
SReclaimable:      32968 kB
SUnreclaim:        40268 kB
KernelStack:       13840 kB
PageTables:        56576 kB
NFS_Unstable:          0 kB
Bounce:                0 kB
WritebackTmp:          0 kB
CommitLimit:     3973824 kB
Committed_AS:   10923740 kB
VmallocTotal:   34359738367 kB
VmallocUsed:      359800 kB
VmallocChunk:   34359365272 kB
HardwareCorrupted:     0 kB
AnonHugePages:   1167360 kB
CmaTotal:              0 kB
CmaFree:               0 kB
HugePages_Total:       0
HugePages_Free:        0
HugePages_Rsvd:        0
HugePages_Surp:        0
Hugepagesize:       2048 kB
DirectMap4k:      185400 kB
DirectMap2M:     3909632 kB
DirectMap1G:           0 kB


CPU:total 4 (2 cores per cpu, 2 threads per core) family 6 model 61 stepping 4, cmov, cx8, fxsr, mmx, sse, sse2, sse3, ssse3, sse4.1, sse4.2, popcnt, avx, avx2, aes, clmul, erms, 3dnowpref, lzcnt, ht, tsc, tscinvbit, bmi1, bmi2, adx

/proc/cpuinfo:
processor	: 0
vendor_id	: GenuineIntel
cpu family	: 6
model		: 61
model name	: Intel(R) Core(TM) M-5Y10c CPU @ 0.80GHz
stepping	: 4
microcode	: 0x1f
cpu MHz		: 1999.960
cache size	: 4096 KB
physical id	: 0
siblings	: 4
core id		: 0
cpu cores	: 2
apicid		: 0
initial apicid	: 0
fpu		: yes
fpu_exception	: yes
cpuid level	: 20
wp		: yes
flags		: fpu vme de pse tsc msr pae mce cx8 apic sep mtrr pge mca cmov pat pse36 clflush dts acpi mmx fxsr sse sse2 ss ht tm pbe syscall nx pdpe1gb rdtscp lm constant_tsc arch_perfmon pebs bts rep_good nopl xtopology nonstop_tsc aperfmperf eagerfpu pni pclmulqdq dtes64 monitor ds_cpl vmx est tm2 ssse3 fma cx16 xtpr pdcm pcid sse4_1 sse4_2 x2apic movbe popcnt tsc_deadline_timer aes xsave avx f16c rdrand lahf_lm abm 3dnowprefetch ida arat epb pln pts dtherm tpr_shadow vnmi flexpriority ept vpid fsgsbase tsc_adjust bmi1 avx2 smep bmi2 erms invpcid rdseed adx smap xsaveopt
bugs		:
bogomips	: 1995.28
clflush size	: 64
cache_alignment	: 64
address sizes	: 39 bits physical, 48 bits virtual
power management:

processor	: 1
vendor_id	: GenuineIntel
cpu family	: 6
model		: 61
model name	: Intel(R) Core(TM) M-5Y10c CPU @ 0.80GHz
stepping	: 4
microcode	: 0x1f
cpu MHz		: 1999.960
cache size	: 4096 KB
physical id	: 0
siblings	: 4
core id		: 1
cpu cores	: 2
apicid		: 2
initial apicid	: 2
fpu		: yes
fpu_exception	: yes
cpuid level	: 20
wp		: yes
flags		: fpu vme de pse tsc msr pae mce cx8 apic sep mtrr pge mca cmov pat pse36 clflush dts acpi mmx fxsr sse sse2 ss ht tm pbe syscall nx pdpe1gb rdtscp lm constant_tsc arch_perfmon pebs bts rep_good nopl xtopology nonstop_tsc aperfmperf eagerfpu pni pclmulqdq dtes64 monitor ds_cpl vmx est tm2 ssse3 fma cx16 xtpr pdcm pcid sse4_1 sse4_2 x2apic movbe popcnt tsc_deadline_timer aes xsave avx f16c rdrand lahf_lm abm 3dnowprefetch ida arat epb pln pts dtherm tpr_shadow vnmi flexpriority ept vpid fsgsbase tsc_adjust bmi1 avx2 smep bmi2 erms invpcid rdseed adx smap xsaveopt
bugs		:
bogomips	: 1995.28
clflush size	: 64
cache_alignment	: 64
address sizes	: 39 bits physical, 48 bits virtual
power management:

processor	: 2
vendor_id	: GenuineIntel
cpu family	: 6
model		: 61
model name	: Intel(R) Core(TM) M-5Y10c CPU @ 0.80GHz
stepping	: 4
microcode	: 0x1f
cpu MHz		: 2000.000
cache size	: 4096 KB
physical id	: 0
siblings	: 4
core id		: 0
cpu cores	: 2
apicid		: 1
initial apicid	: 1
fpu		: yes
fpu_exception	: yes
cpuid level	: 20
wp		: yes
flags		: fpu vme de pse tsc msr pae mce cx8 apic sep mtrr pge mca cmov pat pse36 clflush dts acpi mmx fxsr sse sse2 ss ht tm pbe syscall nx pdpe1gb rdtscp lm constant_tsc arch_perfmon pebs bts rep_good nopl xtopology nonstop_tsc aperfmperf eagerfpu pni pclmulqdq dtes64 monitor ds_cpl vmx est tm2 ssse3 fma cx16 xtpr pdcm pcid sse4_1 sse4_2 x2apic movbe popcnt tsc_deadline_timer aes xsave avx f16c rdrand lahf_lm abm 3dnowprefetch ida arat epb pln pts dtherm tpr_shadow vnmi flexpriority ept vpid fsgsbase tsc_adjust bmi1 avx2 smep bmi2 erms invpcid rdseed adx smap xsaveopt
bugs		:
bogomips	: 1995.28
clflush size	: 64
cache_alignment	: 64
address sizes	: 39 bits physical, 48 bits virtual
power management:

processor	: 3
vendor_id	: GenuineIntel
cpu family	: 6
model		: 61
model name	: Intel(R) Core(TM) M-5Y10c CPU @ 0.80GHz
stepping	: 4
microcode	: 0x1f
cpu MHz		: 2000.000
cache size	: 4096 KB
physical id	: 0
siblings	: 4
core id		: 1
cpu cores	: 2
apicid		: 3
initial apicid	: 3
fpu		: yes
fpu_exception	: yes
cpuid level	: 20
wp		: yes
flags		: fpu vme de pse tsc msr pae mce cx8 apic sep mtrr pge mca cmov pat pse36 clflush dts acpi mmx fxsr sse sse2 ss ht tm pbe syscall nx pdpe1gb rdtscp lm constant_tsc arch_perfmon pebs bts rep_good nopl xtopology nonstop_tsc aperfmperf eagerfpu pni pclmulqdq dtes64 monitor ds_cpl vmx est tm2 ssse3 fma cx16 xtpr pdcm pcid sse4_1 sse4_2 x2apic movbe popcnt tsc_deadline_timer aes xsave avx f16c rdrand lahf_lm abm 3dnowprefetch ida arat epb pln pts dtherm tpr_shadow vnmi flexpriority ept vpid fsgsbase tsc_adjust bmi1 avx2 smep bmi2 erms invpcid rdseed adx smap xsaveopt
bugs		:
bogomips	: 1995.28
clflush size	: 64
cache_alignment	: 64
address sizes	: 39 bits physical, 48 bits virtual
power management:



Memory: 4k page, physical 3947912k(217512k free), swap 1999868k(0k free)

vm_info: Java HotSpot(TM) 64-Bit Server VM (25.91-b14) for linux-amd64 JRE (1.8.0_91-b14), built on Apr  1 2016 00:57:21 by "java_re" with gcc 4.3.0 20080428 (Red Hat 4.3.0-8)

time: Tue Jun 28 17:10:29 2016
elapsed time: 4 seconds (0d 0h 0m 4s)

