#
# There is insufficient memory for the Java Runtime Environment to continue.
# Native memory allocation (mmap) failed to map 72351744 bytes for committing reserved memory.
# Possible reasons:
#   The system is out of physical RAM or swap space
#   In 32 bit mode, the process size limit was hit
# Possible solutions:
#   Reduce memory load on the system
#   Increase physical memory or swap space
#   Check if swap backing store is full
#   Use 64 bit Java on a 64 bit OS
#   Decrease Java heap size (-Xmx/-Xms)
#   Decrease number of Java threads
#   Decrease Java thread stack sizes (-Xss)
#   Set larger code cache with -XX:ReservedCodeCacheSize=
# This output file may be truncated or incomplete.
#
#  Out of Memory Error (os_linux.cpp:2627), pid=13613, tid=140525853181696
#
# JRE version: Java(TM) SE Runtime Environment (8.0_91-b14) (build 1.8.0_91-b14)
# Java VM: Java HotSpot(TM) 64-Bit Server VM (25.91-b14 mixed mode linux-amd64 compressed oops)
# Failed to write core dump. Core dumps have been disabled. To enable core dumping, try "ulimit -c unlimited" before starting Java again
#

---------------  T H R E A D  ---------------

Current thread (0x00007fced0078000):  VMThread [stack: 0x00007fceb97f8000,0x00007fceb98f9000] [id=13627]

Stack: [0x00007fceb97f8000,0x00007fceb98f9000],  sp=0x00007fceb98f7260,  free space=1020k
Native frames: (J=compiled Java code, j=interpreted, Vv=VM code, C=native code)
V  [libjvm.so+0xabc18a]  VMError::report_and_die()+0x2ba
V  [libjvm.so+0x4fafeb]  report_vm_out_of_memory(char const*, int, unsigned long, VMErrorType, char const*)+0x8b
V  [libjvm.so+0x91cbb3]  os::Linux::commit_memory_impl(char*, unsigned long, bool)+0x103
V  [libjvm.so+0x91d109]  os::pd_commit_memory(char*, unsigned long, unsigned long, bool)+0x29
V  [libjvm.so+0x91740a]  os::commit_memory(char*, unsigned long, unsigned long, bool)+0x2a
V  [libjvm.so+0x98b033]  PSVirtualSpace::expand_by(unsigned long)+0x53
V  [libjvm.so+0x98c438]  PSYoungGen::resize_generation(unsigned long, unsigned long)+0xf8
V  [libjvm.so+0x98b592]  PSYoungGen::resize(unsigned long, unsigned long)+0x22
V  [libjvm.so+0x98886b]  PSScavenge::invoke_no_policy()+0xf3b
V  [libjvm.so+0x988ff1]  PSScavenge::invoke()+0x41
V  [libjvm.so+0x9408b0]  ParallelScavengeHeap::failed_mem_allocate(unsigned long)+0x70
V  [libjvm.so+0xabdba7]  VM_ParallelGCFailedAllocation::doit()+0x97
V  [libjvm.so+0xac55d5]  VM_Operation::evaluate()+0x55
V  [libjvm.so+0xac39aa]  VMThread::evaluate_operation(VM_Operation*)+0xba
V  [libjvm.so+0xac3d2e]  VMThread::loop()+0x1ce
V  [libjvm.so+0xac41a0]  VMThread::run()+0x70
V  [libjvm.so+0x91ef78]  java_start(Thread*)+0x108

VM_Operation (0x00007fceb8fedd60): ParallelGCFailedAllocation, mode: safepoint, requested by thread 0x00007fced013f000


---------------  P R O C E S S  ---------------

Java Threads: ( => current thread )
  0x00007fced0150800 JavaThread "pool-2-thread-4" [_thread_blocked, id=13659, stack(0x00007fceb8aeb000,0x00007fceb8bec000)]
  0x00007fced014f000 JavaThread "pool-2-thread-3" [_thread_blocked, id=13658, stack(0x00007fceb8bec000,0x00007fceb8ced000)]
  0x00007fced014e000 JavaThread "pool-2-thread-2" [_thread_blocked, id=13657, stack(0x00007fceb8ced000,0x00007fceb8dee000)]
  0x00007fced0141000 JavaThread "pool-3-thread-1" [_thread_blocked, id=13656, stack(0x00007fceb8dee000,0x00007fceb8eef000)]
  0x00007fced013f000 JavaThread "pool-2-thread-1" [_thread_blocked, id=13655, stack(0x00007fceb8eef000,0x00007fceb8ff0000)]
  0x00007fced00c0800 JavaThread "Service Thread" daemon [_thread_blocked, id=13634, stack(0x00007fceb90f1000,0x00007fceb91f2000)]
  0x00007fced00bd000 JavaThread "C1 CompilerThread2" daemon [_thread_blocked, id=13633, stack(0x00007fceb91f2000,0x00007fceb92f3000)]
  0x00007fced00bb800 JavaThread "C2 CompilerThread1" daemon [_thread_blocked, id=13632, stack(0x00007fceb92f3000,0x00007fceb93f4000)]
  0x00007fced00b8800 JavaThread "C2 CompilerThread0" daemon [_thread_blocked, id=13631, stack(0x00007fceb93f4000,0x00007fceb94f5000)]
  0x00007fced00b7000 JavaThread "Signal Dispatcher" daemon [_thread_blocked, id=13630, stack(0x00007fceb94f5000,0x00007fceb95f6000)]
  0x00007fced0084000 JavaThread "Finalizer" daemon [_thread_blocked, id=13629, stack(0x00007fceb95f6000,0x00007fceb96f7000)]
  0x00007fced007f800 JavaThread "Reference Handler" daemon [_thread_blocked, id=13628, stack(0x00007fceb96f7000,0x00007fceb97f8000)]
  0x00007fced000a000 JavaThread "main" [_thread_blocked, id=13615, stack(0x00007fced8025000,0x00007fced8126000)]

Other Threads:
=>0x00007fced0078000 VMThread [stack: 0x00007fceb97f8000,0x00007fceb98f9000] [id=13627]
  0x00007fced00c3000 WatcherThread [stack: 0x00007fceb8ff0000,0x00007fceb90f1000] [id=13635]

VM state:at safepoint (normal execution)

VM Mutex/Monitor currently owned by a thread:  ([mutex/lock_event])
[0x00007fced0006570] Threads_lock - owner thread: 0x00007fced0078000
[0x00007fced0006a70] Heap_lock - owner thread: 0x00007fced013f000

Heap:
 PSYoungGen      total 73216K, used 10742K [0x00000000eab00000, 0x00000000efe00000, 0x0000000100000000)
  eden space 62464K, 0% used [0x00000000eab00000,0x00000000eab00000,0x00000000ee800000)
  from space 10752K, 99% used [0x00000000ee800000,0x00000000ef27d868,0x00000000ef280000)
  to   space 9728K, 0% used [0x00000000ef280000,0x00000000ef280000,0x00000000efc00000)
 ParOldGen       total 42496K, used 18792K [0x00000000c0000000, 0x00000000c2980000, 0x00000000eab00000)
  object space 42496K, 44% used [0x00000000c0000000,0x00000000c125a000,0x00000000c2980000)
 Metaspace       used 6005K, capacity 6960K, committed 7040K, reserved 1056768K
  class space    used 593K, capacity 616K, committed 640K, reserved 1048576K

Card table byte_map: [0x00007fced4bdd000,0x00007fced4dde000] byte_map_base: 0x00007fced45dd000

Marking Bits: (ParMarkBitMap*) 0x00007fced74f3d60
 Begin Bits: [0x00007fceba000000, 0x00007fcebb000000)
 End Bits:   [0x00007fcebb000000, 0x00007fcebc000000)

Polling page: 0x00007fced813c000

CodeCache: size=245760Kb used=4769Kb max_used=4771Kb free=240990Kb
 bounds [0x00007fcec1000000, 0x00007fcec14b0000, 0x00007fced0000000]
 total_blobs=1597 nmethods=1329 adapters=182
 compilation: enabled

Compilation events (10 events):
Event: 5.770 Thread 0x00007fced00bd000 nmethod 1538 0x00007fcec14ac590 code [0x00007fcec14ac740, 0x00007fcec14acab8]
Event: 5.770 Thread 0x00007fced00bd000 1508       2       com.android.dx.cf.code.ConcreteMethod::getMaxStack (8 bytes)
Event: 5.770 Thread 0x00007fced00bd000 nmethod 1508 0x00007fcec14ac250 code [0x00007fcec14ac3a0, 0x00007fcec14ac4f0]
Event: 5.770 Thread 0x00007fced00bd000 1504       2       com.android.dx.rop.type.StdTypeList::set (7 bytes)
Event: 5.770 Thread 0x00007fced00bd000 nmethod 1504 0x00007fcec14ab710 code [0x00007fcec14ab8c0, 0x00007fcec14abd28]
Event: 5.770 Thread 0x00007fced00bd000 1512       2       com.android.dx.rop.code.RegisterSpec::withType (13 bytes)
Event: 5.771 Thread 0x00007fced00bd000 nmethod 1512 0x00007fcec14ab350 code [0x00007fcec14ab4c0, 0x00007fcec14ab648]
Event: 5.771 Thread 0x00007fced00bd000 1537       2       com.android.dx.cf.code.BaseMachine::auxTargetArg (6 bytes)
Event: 5.771 Thread 0x00007fced00bd000 nmethod 1537 0x00007fcec14ab010 code [0x00007fcec14ab160, 0x00007fcec14ab2b0]
Event: 5.771 Thread 0x00007fced00bd000 1507       2       com.android.dx.ssa.SsaBasicBlock::addMoveToEnd (172 bytes)

GC Heap History (10 events):
Event: 2.400 GC heap after
Heap after GC invocations=2 (full 0):
 PSYoungGen      total 18432K, used 2551K [0x00000000eab00000, 0x00000000ecf00000, 0x0000000100000000)
  eden space 15872K, 0% used [0x00000000eab00000,0x00000000eab00000,0x00000000eba80000)
  from space 2560K, 99% used [0x00000000ebd00000,0x00000000ebf7dc38,0x00000000ebf80000)
  to   space 2560K, 0% used [0x00000000eba80000,0x00000000eba80000,0x00000000ebd00000)
 ParOldGen       total 42496K, used 2158K [0x00000000c0000000, 0x00000000c2980000, 0x00000000eab00000)
  object space 42496K, 5% used [0x00000000c0000000,0x00000000c021ba40,0x00000000c2980000)
 Metaspace       used 5705K, capacity 6704K, committed 6784K, reserved 1056768K
  class space    used 591K, capacity 616K, committed 640K, reserved 1048576K
}
Event: 3.061 GC heap before
{Heap before GC invocations=3 (full 0):
 PSYoungGen      total 18432K, used 18423K [0x00000000eab00000, 0x00000000ecf00000, 0x0000000100000000)
  eden space 15872K, 100% used [0x00000000eab00000,0x00000000eba80000,0x00000000eba80000)
  from space 2560K, 99% used [0x00000000ebd00000,0x00000000ebf7dc38,0x00000000ebf80000)
  to   space 2560K, 0% used [0x00000000eba80000,0x00000000eba80000,0x00000000ebd00000)
 ParOldGen       total 42496K, used 2158K [0x00000000c0000000, 0x00000000c2980000, 0x00000000eab00000)
  object space 42496K, 5% used [0x00000000c0000000,0x00000000c021ba40,0x00000000c2980000)
 Metaspace       used 5834K, capacity 6832K, committed 7040K, reserved 1056768K
  class space    used 593K, capacity 616K, committed 640K, reserved 1048576K
Event: 3.102 GC heap after
Heap after GC invocations=3 (full 0):
 PSYoungGen      total 18432K, used 2553K [0x00000000eab00000, 0x00000000ecf00000, 0x0000000100000000)
  eden space 15872K, 0% used [0x00000000eab00000,0x00000000eab00000,0x00000000eba80000)
  from space 2560K, 99% used [0x00000000eba80000,0x00000000ebcfe670,0x00000000ebd00000)
  to   space 2560K, 0% used [0x00000000ecc80000,0x00000000ecc80000,0x00000000ecf00000)
 ParOldGen       total 42496K, used 5087K [0x00000000c0000000, 0x00000000c2980000, 0x00000000eab00000)
  object space 42496K, 11% used [0x00000000c0000000,0x00000000c04f7d80,0x00000000c2980000)
 Metaspace       used 5834K, capacity 6832K, committed 7040K, reserved 1056768K
  class space    used 593K, capacity 616K, committed 640K, reserved 1048576K
}
Event: 3.657 GC heap before
{Heap before GC invocations=4 (full 0):
 PSYoungGen      total 18432K, used 18425K [0x00000000eab00000, 0x00000000ecf00000, 0x0000000100000000)
  eden space 15872K, 100% used [0x00000000eab00000,0x00000000eba80000,0x00000000eba80000)
  from space 2560K, 99% used [0x00000000eba80000,0x00000000ebcfe670,0x00000000ebd00000)
  to   space 2560K, 0% used [0x00000000ecc80000,0x00000000ecc80000,0x00000000ecf00000)
 ParOldGen       total 42496K, used 5087K [0x00000000c0000000, 0x00000000c2980000, 0x00000000eab00000)
  object space 42496K, 11% used [0x00000000c0000000,0x00000000c04f7d80,0x00000000c2980000)
 Metaspace       used 5866K, capacity 6832K, committed 7040K, reserved 1056768K
  class space    used 593K, capacity 616K, committed 640K, reserved 1048576K
Event: 3.706 GC heap after
Heap after GC invocations=4 (full 0):
 PSYoungGen      total 34304K, used 2537K [0x00000000eab00000, 0x00000000ecf00000, 0x0000000100000000)
  eden space 31744K, 0% used [0x00000000eab00000,0x00000000eab00000,0x00000000eca00000)
  from space 2560K, 99% used [0x00000000ecc80000,0x00000000ecefa660,0x00000000ecf00000)
  to   space 2560K, 0% used [0x00000000eca00000,0x00000000eca00000,0x00000000ecc80000)
 ParOldGen       total 42496K, used 7995K [0x00000000c0000000, 0x00000000c2980000, 0x00000000eab00000)
  object space 42496K, 18% used [0x00000000c0000000,0x00000000c07cef00,0x00000000c2980000)
 Metaspace       used 5866K, capacity 6832K, committed 7040K, reserved 1056768K
  class space    used 593K, capacity 616K, committed 640K, reserved 1048576K
}
Event: 4.335 GC heap before
{Heap before GC invocations=5 (full 0):
 PSYoungGen      total 34304K, used 34281K [0x00000000eab00000, 0x00000000ecf00000, 0x0000000100000000)
  eden space 31744K, 100% used [0x00000000eab00000,0x00000000eca00000,0x00000000eca00000)
  from space 2560K, 99% used [0x00000000ecc80000,0x00000000ecefa660,0x00000000ecf00000)
  to   space 2560K, 0% used [0x00000000eca00000,0x00000000eca00000,0x00000000ecc80000)
 ParOldGen       total 42496K, used 7995K [0x00000000c0000000, 0x00000000c2980000, 0x00000000eab00000)
  object space 42496K, 18% used [0x00000000c0000000,0x00000000c07cef00,0x00000000c2980000)
 Metaspace       used 5892K, capacity 6896K, committed 7040K, reserved 1056768K
  class space    used 593K, capacity 616K, committed 640K, reserved 1048576K
Event: 4.370 GC heap after
Heap after GC invocations=5 (full 0):
 PSYoungGen      total 34304K, used 2531K [0x00000000eab00000, 0x00000000efc00000, 0x0000000100000000)
  eden space 31744K, 0% used [0x00000000eab00000,0x00000000eab00000,0x00000000eca00000)
  from space 2560K, 98% used [0x00000000eca00000,0x00000000ecc78c80,0x00000000ecc80000)
  to   space 9728K, 0% used [0x00000000ef280000,0x00000000ef280000,0x00000000efc00000)
 ParOldGen       total 42496K, used 13369K [0x00000000c0000000, 0x00000000c2980000, 0x00000000eab00000)
  object space 42496K, 31% used [0x00000000c0000000,0x00000000c0d0e6e0,0x00000000c2980000)
 Metaspace       used 5892K, capacity 6896K, committed 7040K, reserved 1056768K
  class space    used 593K, capacity 616K, committed 640K, reserved 1048576K
}
Event: 4.822 GC heap before
{Heap before GC invocations=6 (full 0):
 PSYoungGen      total 34304K, used 34275K [0x00000000eab00000, 0x00000000efc00000, 0x0000000100000000)
  eden space 31744K, 100% used [0x00000000eab00000,0x00000000eca00000,0x00000000eca00000)
  from space 2560K, 98% used [0x00000000eca00000,0x00000000ecc78c80,0x00000000ecc80000)
  to   space 9728K, 0% used [0x00000000ef280000,0x00000000ef280000,0x00000000efc00000)
 ParOldGen       total 42496K, used 13369K [0x00000000c0000000, 0x00000000c2980000, 0x00000000eab00000)
  object space 42496K, 31% used [0x00000000c0000000,0x00000000c0d0e6e0,0x00000000c2980000)
 Metaspace       used 5910K, capacity 6896K, committed 7040K, reserved 1056768K
  class space    used 593K, capacity 616K, committed 640K, reserved 1048576K
Event: 4.884 GC heap after
Heap after GC invocations=6 (full 0):
 PSYoungGen      total 72192K, used 7753K [0x00000000eab00000, 0x00000000efe00000, 0x0000000100000000)
  eden space 62464K, 0% used [0x00000000eab00000,0x00000000eab00000,0x00000000ee800000)
  from space 9728K, 79% used [0x00000000ef280000,0x00000000efa12660,0x00000000efc00000)
  to   space 10752K, 0% used [0x00000000ee800000,0x00000000ee800000,0x00000000ef280000)
 ParOldGen       total 42496K, used 13369K [0x00000000c0000000, 0x00000000c2980000, 0x00000000eab00000)
  object space 42496K, 31% used [0x00000000c0000000,0x00000000c0d0e6e0,0x00000000c2980000)
 Metaspace       used 5910K, capacity 6896K, committed 7040K, reserved 1056768K
  class space    used 593K, capacity 616K, committed 640K, reserved 1048576K
}
Event: 5.808 GC heap before
{Heap before GC invocations=7 (full 0):
 PSYoungGen      total 72192K, used 70217K [0x00000000eab00000, 0x00000000efe00000, 0x0000000100000000)
  eden space 62464K, 100% used [0x00000000eab00000,0x00000000ee800000,0x00000000ee800000)
  from space 9728K, 79% used [0x00000000ef280000,0x00000000efa12660,0x00000000efc00000)
  to   space 10752K, 0% used [0x00000000ee800000,0x00000000ee800000,0x00000000ef280000)
 ParOldGen       total 42496K, used 13369K [0x00000000c0000000, 0x00000000c2980000, 0x00000000eab00000)
  object space 42496K, 31% used [0x00000000c0000000,0x00000000c0d0e6e0,0x00000000c2980000)
 Metaspace       used 6005K, capacity 6960K, committed 7040K, reserved 1056768K
  class space    used 593K, capacity 616K, committed 640K, reserved 1048576K

Deoptimization events (10 events):
Event: 3.455 Thread 0x00007fced000a000 Uncommon trap: reason=unstable_if action=reinterpret pc=0x00007fcec12b2590 method=com.android.dx.rop.code.RegisterSpecSet.put(Lcom/android/dx/rop/code/RegisterSpec;)V @ 77
Event: 3.455 Thread 0x00007fced000a000 Uncommon trap: reason=unstable_if action=reinterpret pc=0x00007fcec12b0e44 method=com.android.dx.rop.code.RegisterSpecSet.put(Lcom/android/dx/rop/code/RegisterSpec;)V @ 77
Event: 3.773 Thread 0x00007fced0150800 Uncommon trap: reason=unstable_if action=reinterpret pc=0x00007fcec122dc5c method=com.android.dx.rop.cst.Constant.compareTo(Lcom/android/dx/rop/cst/Constant;)I @ 12
Event: 3.971 Thread 0x00007fced000a000 Uncommon trap: reason=unstable_if action=reinterpret pc=0x00007fcec134523c method=com.android.dx.ssa.SsaMethod.updateOneDefinition(Lcom/android/dx/ssa/SsaInsn;Lcom/android/dx/rop/code/RegisterSpec;)V @ 4
Event: 4.078 Thread 0x00007fced013f000 Uncommon trap: reason=unstable_if action=reinterpret pc=0x00007fcec122e464 method=com.android.dx.rop.code.RegisterSpec.equals(ILcom/android/dx/rop/type/TypeBearer;Lcom/android/dx/rop/code/LocalItem;)Z @ 42
Event: 4.229 Thread 0x00007fced013f000 Uncommon trap: reason=bimorphic action=maybe_recompile pc=0x00007fcec123779c method=java.util.HashMap.getNode(ILjava/lang/Object;)Ljava/util/HashMap$Node; @ 126
Event: 4.229 Thread 0x00007fced013f000 Uncommon trap: reason=bimorphic action=maybe_recompile pc=0x00007fcec123779c method=java.util.HashMap.getNode(ILjava/lang/Object;)Ljava/util/HashMap$Node; @ 126
Event: 4.229 Thread 0x00007fced013f000 Uncommon trap: reason=bimorphic action=maybe_recompile pc=0x00007fcec123779c method=java.util.HashMap.getNode(ILjava/lang/Object;)Ljava/util/HashMap$Node; @ 126
Event: 4.229 Thread 0x00007fced013f000 Uncommon trap: reason=bimorphic action=maybe_recompile pc=0x00007fcec123779c method=java.util.HashMap.getNode(ILjava/lang/Object;)Ljava/util/HashMap$Node; @ 126
Event: 4.910 Thread 0x00007fced0150800 Uncommon trap: reason=unstable_if action=reinterpret pc=0x00007fcec13653c4 method=com.android.dx.util.IntList.binarysearch(I)I @ 105

Internal exceptions (3 events):
Event: 0.213 Thread 0x00007fced000a000 Exception <a 'java/lang/NoSuchMethodError': Method sun.misc.Unsafe.defineClass(Ljava/lang/String;[BII)Ljava/lang/Class; name or signature does not match> (0x00000000eab07cc0) thrown at [/HUDSON/workspace/8-2-build-linux-amd64/jdk8u91/6644/hotspot/src/shar
Event: 0.213 Thread 0x00007fced000a000 Exception <a 'java/lang/NoSuchMethodError': Method sun.misc.Unsafe.prefetchRead(Ljava/lang/Object;J)V name or signature does not match> (0x00000000eab07fa8) thrown at [/HUDSON/workspace/8-2-build-linux-amd64/jdk8u91/6644/hotspot/src/share/vm/prims/jni.cpp
Event: 2.442 Thread 0x00007fced013f000 Implicit null exception at 0x00007fcec1268662 to 0x00007fcec126875b

Events (10 events):
Event: 5.514 Thread 0x00007fced014e000 DEOPT UNPACKING pc=0x00007fcec1047633 sp=0x00007fceb8debd60 mode 0
Event: 5.596 Thread 0x00007fced0150800 DEOPT PACKING pc=0x00007fcec127c2e8 sp=0x00007fceb8be9420
Event: 5.596 Thread 0x00007fced0150800 DEOPT UNPACKING pc=0x00007fcec1047633 sp=0x00007fceb8be9160 mode 0
Event: 5.675 Thread 0x00007fced0150800 DEOPT PACKING pc=0x00007fcec1344c88 sp=0x00007fceb8be9db0
Event: 5.675 Thread 0x00007fced0150800 DEOPT UNPACKING pc=0x00007fcec1047633 sp=0x00007fceb8be9b38 mode 0
Event: 5.736 Thread 0x00007fced013f000 DEOPT PACKING pc=0x00007fcec12818f2 sp=0x00007fceb8fee060
Event: 5.736 Thread 0x00007fced013f000 DEOPT UNPACKING pc=0x00007fcec1047633 sp=0x00007fceb8fede60 mode 0
Event: 5.801 Thread 0x00007fced014f000 DEOPT PACKING pc=0x00007fcec1426528 sp=0x00007fceb8ceac60
Event: 5.801 Thread 0x00007fced014f000 DEOPT UNPACKING pc=0x00007fcec1047633 sp=0x00007fceb8cea990 mode 0
Event: 5.804 Executing VM operation: ParallelGCFailedAllocation


Dynamic libraries:
00400000-00401000 r-xp 00000000 08:07 288582                             /usr/lib/jvm/java-8-oracle/bin/java
00600000-00601000 rw-p 00000000 08:07 288582                             /usr/lib/jvm/java-8-oracle/bin/java
00c5e000-00c7f000 rw-p 00000000 00:00 0                                  [heap]
c0000000-c2980000 rw-p 00000000 00:00 0 
c2980000-eab00000 ---p 00000000 00:00 0 
eab00000-efe00000 rw-p 00000000 00:00 0 
f4300000-100000000 ---p 00000000 00:00 0 
100000000-1000a0000 rw-p 00000000 00:00 0 
1000a0000-140000000 ---p 00000000 00:00 0 
7fce6c000000-7fce6c021000 rw-p 00000000 00:00 0 
7fce6c021000-7fce70000000 ---p 00000000 00:00 0 
7fce74000000-7fce74021000 rw-p 00000000 00:00 0 
7fce74021000-7fce78000000 ---p 00000000 00:00 0 
7fce78000000-7fce78021000 rw-p 00000000 00:00 0 
7fce78021000-7fce7c000000 ---p 00000000 00:00 0 
7fce7c000000-7fce7c035000 rw-p 00000000 00:00 0 
7fce7c035000-7fce80000000 ---p 00000000 00:00 0 
7fce80000000-7fce80021000 rw-p 00000000 00:00 0 
7fce80021000-7fce84000000 ---p 00000000 00:00 0 
7fce84000000-7fce84021000 rw-p 00000000 00:00 0 
7fce84021000-7fce88000000 ---p 00000000 00:00 0 
7fce88000000-7fce88021000 rw-p 00000000 00:00 0 
7fce88021000-7fce8c000000 ---p 00000000 00:00 0 
7fce8c000000-7fce8c282000 rw-p 00000000 00:00 0 
7fce8c282000-7fce90000000 ---p 00000000 00:00 0 
7fce90000000-7fce906ae000 rw-p 00000000 00:00 0 
7fce906ae000-7fce94000000 ---p 00000000 00:00 0 
7fce94000000-7fce94021000 rw-p 00000000 00:00 0 
7fce94021000-7fce98000000 ---p 00000000 00:00 0 
7fce98000000-7fce985f6000 rw-p 00000000 00:00 0 
7fce985f6000-7fce9c000000 ---p 00000000 00:00 0 
7fce9c000000-7fce9c021000 rw-p 00000000 00:00 0 
7fce9c021000-7fcea0000000 ---p 00000000 00:00 0 
7fcea0000000-7fcea0021000 rw-p 00000000 00:00 0 
7fcea0021000-7fcea4000000 ---p 00000000 00:00 0 
7fcea4000000-7fcea4021000 rw-p 00000000 00:00 0 
7fcea4021000-7fcea8000000 ---p 00000000 00:00 0 
7fcea8000000-7fcea828c000 rw-p 00000000 00:00 0 
7fcea828c000-7fceac000000 ---p 00000000 00:00 0 
7fceac000000-7fceac021000 rw-p 00000000 00:00 0 
7fceac021000-7fceb0000000 ---p 00000000 00:00 0 
7fceb2708000-7fceb4000000 r--p 00000000 08:07 266629                     /usr/lib/locale/locale-archive
7fceb4000000-7fceb4021000 rw-p 00000000 00:00 0 
7fceb4021000-7fceb8000000 ---p 00000000 00:00 0 
7fceb8aeb000-7fceb8aee000 ---p 00000000 00:00 0 
7fceb8aee000-7fceb8bec000 rw-p 00000000 00:00 0                          [stack:13659]
7fceb8bec000-7fceb8bef000 ---p 00000000 00:00 0 
7fceb8bef000-7fceb8ced000 rw-p 00000000 00:00 0                          [stack:13658]
7fceb8ced000-7fceb8cf0000 ---p 00000000 00:00 0 
7fceb8cf0000-7fceb8dee000 rw-p 00000000 00:00 0                          [stack:13657]
7fceb8dee000-7fceb8df1000 ---p 00000000 00:00 0 
7fceb8df1000-7fceb8eef000 rw-p 00000000 00:00 0                          [stack:13656]
7fceb8eef000-7fceb8ef2000 ---p 00000000 00:00 0 
7fceb8ef2000-7fceb8ff0000 rw-p 00000000 00:00 0                          [stack:13655]
7fceb8ff0000-7fceb8ff1000 ---p 00000000 00:00 0 
7fceb8ff1000-7fceb90f1000 rw-p 00000000 00:00 0                          [stack:13635]
7fceb90f1000-7fceb90f4000 ---p 00000000 00:00 0 
7fceb90f4000-7fceb91f2000 rw-p 00000000 00:00 0                          [stack:13634]
7fceb91f2000-7fceb91f5000 ---p 00000000 00:00 0 
7fceb91f5000-7fceb92f3000 rw-p 00000000 00:00 0                          [stack:13633]
7fceb92f3000-7fceb92f6000 ---p 00000000 00:00 0 
7fceb92f6000-7fceb93f4000 rw-p 00000000 00:00 0                          [stack:13632]
7fceb93f4000-7fceb93f7000 ---p 00000000 00:00 0 
7fceb93f7000-7fceb94f5000 rw-p 00000000 00:00 0                          [stack:13631]
7fceb94f5000-7fceb94f8000 ---p 00000000 00:00 0 
7fceb94f8000-7fceb95f6000 rw-p 00000000 00:00 0                          [stack:13630]
7fceb95f6000-7fceb95f9000 ---p 00000000 00:00 0 
7fceb95f9000-7fceb96f7000 rw-p 00000000 00:00 0                          [stack:13629]
7fceb96f7000-7fceb96fa000 ---p 00000000 00:00 0 
7fceb96fa000-7fceb97f8000 rw-p 00000000 00:00 0                          [stack:13628]
7fceb97f8000-7fceb97f9000 ---p 00000000 00:00 0 
7fceb97f9000-7fcebc000000 rw-p 00000000 00:00 0                          [stack:13627]
7fcebc000000-7fcebc021000 rw-p 00000000 00:00 0 
7fcebc021000-7fcec0000000 ---p 00000000 00:00 0 
7fcec00f9000-7fcec0e40000 rw-p 00000000 00:00 0 
7fcec0e40000-7fcec1000000 ---p 00000000 00:00 0 
7fcec1000000-7fcec14b0000 rwxp 00000000 00:00 0 
7fcec14b0000-7fced0000000 ---p 00000000 00:00 0 
7fced0000000-7fced0397000 rw-p 00000000 00:00 0 
7fced0397000-7fced4000000 ---p 00000000 00:00 0 
7fced405c000-7fced4073000 r--s 00101000 08:07 477798                     /home/omprakash/Downloads/PopcornTime/app/build/intermediates/exploded-aar/com.android.support/support-v4/24.0.0/jars/classes.jar
7fced4073000-7fced4081000 r--s 000e0000 08:07 675446                     /home/omprakash/Android/Sdk/build-tools/24.0.0/lib/dx.jar
7fced4081000-7fced4234000 rw-p 00000000 00:00 0 
7fced4234000-7fced440d000 r--s 03d1f000 08:07 287849                     /usr/lib/jvm/java-8-oracle/jre/lib/rt.jar
7fced440d000-7fced4683000 rw-p 00000000 00:00 0 
7fced4683000-7fced4684000 ---p 00000000 00:00 0 
7fced4684000-7fced4784000 rw-p 00000000 00:00 0                          [stack:13625]
7fced4784000-7fced4785000 ---p 00000000 00:00 0 
7fced4785000-7fced4885000 rw-p 00000000 00:00 0                          [stack:13622]
7fced4885000-7fced4886000 ---p 00000000 00:00 0 
7fced4886000-7fced4986000 rw-p 00000000 00:00 0                          [stack:13621]
7fced4986000-7fced4987000 ---p 00000000 00:00 0 
7fced4987000-7fced4a9c000 rw-p 00000000 00:00 0                          [stack:13618]
7fced4a9c000-7fced4bdd000 ---p 00000000 00:00 0 
7fced4bdd000-7fced4bf2000 rw-p 00000000 00:00 0 
7fced4bf2000-7fced4d32000 ---p 00000000 00:00 0 
7fced4d32000-7fced4d5c000 rw-p 00000000 00:00 0 
7fced4d5c000-7fced4ddd000 ---p 00000000 00:00 0 
7fced4ddd000-7fced4df1000 rw-p 00000000 00:00 0 
7fced4df1000-7fced519e000 ---p 00000000 00:00 0 
7fced519e000-7fced51b8000 r-xp 00000000 08:07 287648                     /usr/lib/jvm/java-8-oracle/jre/lib/amd64/libzip.so
7fced51b8000-7fced53b8000 ---p 0001a000 08:07 287648                     /usr/lib/jvm/java-8-oracle/jre/lib/amd64/libzip.so
7fced53b8000-7fced53b9000 rw-p 0001a000 08:07 287648                     /usr/lib/jvm/java-8-oracle/jre/lib/amd64/libzip.so
7fced53b9000-7fced53c3000 r-xp 00000000 08:07 542575                     /lib/x86_64-linux-gnu/libnss_files-2.19.so
7fced53c3000-7fced55c2000 ---p 0000a000 08:07 542575                     /lib/x86_64-linux-gnu/libnss_files-2.19.so
7fced55c2000-7fced55c3000 r--p 00009000 08:07 542575                     /lib/x86_64-linux-gnu/libnss_files-2.19.so
7fced55c3000-7fced55c4000 rw-p 0000a000 08:07 542575                     /lib/x86_64-linux-gnu/libnss_files-2.19.so
7fced55c4000-7fced55cf000 r-xp 00000000 08:07 542567                     /lib/x86_64-linux-gnu/libnss_nis-2.19.so
7fced55cf000-7fced57ce000 ---p 0000b000 08:07 542567                     /lib/x86_64-linux-gnu/libnss_nis-2.19.so
7fced57ce000-7fced57cf000 r--p 0000a000 08:07 542567                     /lib/x86_64-linux-gnu/libnss_nis-2.19.so
7fced57cf000-7fced57d0000 rw-p 0000b000 08:07 542567                     /lib/x86_64-linux-gnu/libnss_nis-2.19.so
7fced57d0000-7fced57e7000 r-xp 00000000 08:07 542563                     /lib/x86_64-linux-gnu/libnsl-2.19.so
7fced57e7000-7fced59e6000 ---p 00017000 08:07 542563                     /lib/x86_64-linux-gnu/libnsl-2.19.so
7fced59e6000-7fced59e7000 r--p 00016000 08:07 542563                     /lib/x86_64-linux-gnu/libnsl-2.19.so
7fced59e7000-7fced59e8000 rw-p 00017000 08:07 542563                     /lib/x86_64-linux-gnu/libnsl-2.19.so
7fced59e8000-7fced59ea000 rw-p 00000000 00:00 0 
7fced59ea000-7fced59f3000 r-xp 00000000 08:07 542562                     /lib/x86_64-linux-gnu/libnss_compat-2.19.so
7fced59f3000-7fced5bf2000 ---p 00009000 08:07 542562                     /lib/x86_64-linux-gnu/libnss_compat-2.19.so
7fced5bf2000-7fced5bf3000 r--p 00008000 08:07 542562                     /lib/x86_64-linux-gnu/libnss_compat-2.19.so
7fced5bf3000-7fced5bf4000 rw-p 00009000 08:07 542562                     /lib/x86_64-linux-gnu/libnss_compat-2.19.so
7fced5bf4000-7fced5c1e000 r-xp 00000000 08:07 287642                     /usr/lib/jvm/java-8-oracle/jre/lib/amd64/libjava.so
7fced5c1e000-7fced5e1e000 ---p 0002a000 08:07 287642                     /usr/lib/jvm/java-8-oracle/jre/lib/amd64/libjava.so
7fced5e1e000-7fced5e20000 rw-p 0002a000 08:07 287642                     /usr/lib/jvm/java-8-oracle/jre/lib/amd64/libjava.so
7fced5e20000-7fced5e2d000 r-xp 00000000 08:07 287647                     /usr/lib/jvm/java-8-oracle/jre/lib/amd64/libverify.so
7fced5e2d000-7fced602d000 ---p 0000d000 08:07 287647                     /usr/lib/jvm/java-8-oracle/jre/lib/amd64/libverify.so
7fced602d000-7fced602f000 rw-p 0000d000 08:07 287647                     /usr/lib/jvm/java-8-oracle/jre/lib/amd64/libverify.so
7fced602f000-7fced6036000 r-xp 00000000 08:07 542571                     /lib/x86_64-linux-gnu/librt-2.19.so
7fced6036000-7fced6235000 ---p 00007000 08:07 542571                     /lib/x86_64-linux-gnu/librt-2.19.so
7fced6235000-7fced6236000 r--p 00006000 08:07 542571                     /lib/x86_64-linux-gnu/librt-2.19.so
7fced6236000-7fced6237000 rw-p 00007000 08:07 542571                     /lib/x86_64-linux-gnu/librt-2.19.so
7fced6237000-7fced633c000 r-xp 00000000 08:07 540932                     /lib/x86_64-linux-gnu/libm-2.19.so
7fced633c000-7fced653b000 ---p 00105000 08:07 540932                     /lib/x86_64-linux-gnu/libm-2.19.so
7fced653b000-7fced653c000 r--p 00104000 08:07 540932                     /lib/x86_64-linux-gnu/libm-2.19.so
7fced653c000-7fced653d000 rw-p 00105000 08:07 540932                     /lib/x86_64-linux-gnu/libm-2.19.so
7fced653d000-7fced71fd000 r-xp 00000000 08:07 287638                     /usr/lib/jvm/java-8-oracle/jre/lib/amd64/server/libjvm.so
7fced71fd000-7fced73fd000 ---p 00cc0000 08:07 287638                     /usr/lib/jvm/java-8-oracle/jre/lib/amd64/server/libjvm.so
7fced73fd000-7fced74d5000 rw-p 00cc0000 08:07 287638                     /usr/lib/jvm/java-8-oracle/jre/lib/amd64/server/libjvm.so
7fced74d5000-7fced7520000 rw-p 00000000 00:00 0 
7fced7520000-7fced76da000 r-xp 00000000 08:07 542572                     /lib/x86_64-linux-gnu/libc-2.19.so
7fced76da000-7fced78da000 ---p 001ba000 08:07 542572                     /lib/x86_64-linux-gnu/libc-2.19.so
7fced78da000-7fced78de000 r--p 001ba000 08:07 542572                     /lib/x86_64-linux-gnu/libc-2.19.so
7fced78de000-7fced78e0000 rw-p 001be000 08:07 542572                     /lib/x86_64-linux-gnu/libc-2.19.so
7fced78e0000-7fced78e5000 rw-p 00000000 00:00 0 
7fced78e5000-7fced78e8000 r-xp 00000000 08:07 542559                     /lib/x86_64-linux-gnu/libdl-2.19.so
7fced78e8000-7fced7ae7000 ---p 00003000 08:07 542559                     /lib/x86_64-linux-gnu/libdl-2.19.so
7fced7ae7000-7fced7ae8000 r--p 00002000 08:07 542559                     /lib/x86_64-linux-gnu/libdl-2.19.so
7fced7ae8000-7fced7ae9000 rw-p 00003000 08:07 542559                     /lib/x86_64-linux-gnu/libdl-2.19.so
7fced7ae9000-7fced7afe000 r-xp 00000000 08:07 288459                     /usr/lib/jvm/java-8-oracle/lib/amd64/jli/libjli.so
7fced7afe000-7fced7cfe000 ---p 00015000 08:07 288459                     /usr/lib/jvm/java-8-oracle/lib/amd64/jli/libjli.so
7fced7cfe000-7fced7cff000 rw-p 00015000 08:07 288459                     /usr/lib/jvm/java-8-oracle/lib/amd64/jli/libjli.so
7fced7cff000-7fced7d18000 r-xp 00000000 08:07 542564                     /lib/x86_64-linux-gnu/libpthread-2.19.so
7fced7d18000-7fced7f17000 ---p 00019000 08:07 542564                     /lib/x86_64-linux-gnu/libpthread-2.19.so
7fced7f17000-7fced7f18000 r--p 00018000 08:07 542564                     /lib/x86_64-linux-gnu/libpthread-2.19.so
7fced7f18000-7fced7f19000 rw-p 00019000 08:07 542564                     /lib/x86_64-linux-gnu/libpthread-2.19.so
7fced7f19000-7fced7f1d000 rw-p 00000000 00:00 0 
7fced7f1d000-7fced7f40000 r-xp 00000000 08:07 542565                     /lib/x86_64-linux-gnu/ld-2.19.so
7fced7f4c000-7fced8025000 rw-p 00000000 00:00 0 
7fced8025000-7fced8028000 ---p 00000000 00:00 0 
7fced8028000-7fced812a000 rw-p 00000000 00:00 0                          [stack:13615]
7fced8132000-7fced8133000 rw-p 00000000 00:00 0 
7fced8133000-7fced813b000 rw-s 00000000 08:07 549731                     /tmp/hsperfdata_omprakash/13613
7fced813b000-7fced813c000 rw-p 00000000 00:00 0 
7fced813c000-7fced813d000 ---p 00000000 00:00 0 
7fced813d000-7fced813f000 rw-p 00000000 00:00 0 
7fced813f000-7fced8140000 r--p 00022000 08:07 542565                     /lib/x86_64-linux-gnu/ld-2.19.so
7fced8140000-7fced8141000 rw-p 00023000 08:07 542565                     /lib/x86_64-linux-gnu/ld-2.19.so
7fced8141000-7fced8142000 rw-p 00000000 00:00 0 
7ffc48f7f000-7ffc48fa0000 rw-p 00000000 00:00 0                          [stack]
7ffc48fee000-7ffc48ff0000 r--p 00000000 00:00 0                          [vvar]
7ffc48ff0000-7ffc48ff2000 r-xp 00000000 00:00 0                          [vdso]
ffffffffff600000-ffffffffff601000 r-xp 00000000 00:00 0                  [vsyscall]

VM Arguments:
jvm_args: -Djava.awt.headless=true -Xmx1024M -Dfile.encoding=UTF-8 -Duser.country=US -Duser.language=en -Duser.variant 
java_command: com.android.dx.command.Main --dex --force-jumbo --num-threads=4 --multi-dex --output /home/omprakash/Downloads/PopcornTime/app/build/intermediates/transforms/dex/debug/folders/1000/10/com.android.support-support-v4-24.0.0_5806d780f7940cbc5c7a6241b31c6f9dc5c1be7d /home/omprakash/Downloads/PopcornTime/app/build/intermediates/exploded-aar/com.android.support/support-v4/24.0.0/jars/classes.jar
java_class_path (initial): /home/omprakash/Android/Sdk/build-tools/24.0.0/lib/dx.jar
Launcher Type: SUN_STANDARD

Environment Variables:
PATH=/usr/local/sbin:/usr/local/bin:/usr/sbin:/usr/bin:/sbin:/bin:/usr/games:/usr/local/games
LD_LIBRARY_PATH=/opt/android-studio/bin:
SHELL=/bin/bash
DISPLAY=:0

Signal Handlers:
SIGSEGV: [libjvm.so+0xabca10], sa_mask[0]=11111111011111111101111111111110, sa_flags=SA_RESTART|SA_SIGINFO
SIGBUS: [libjvm.so+0xabca10], sa_mask[0]=11111111011111111101111111111110, sa_flags=SA_RESTART|SA_SIGINFO
SIGFPE: [libjvm.so+0x919a20], sa_mask[0]=11111111011111111101111111111110, sa_flags=SA_RESTART|SA_SIGINFO
SIGPIPE: [libjvm.so+0x919a20], sa_mask[0]=11111111011111111101111111111110, sa_flags=SA_RESTART|SA_SIGINFO
SIGXFSZ: [libjvm.so+0x919a20], sa_mask[0]=11111111011111111101111111111110, sa_flags=SA_RESTART|SA_SIGINFO
SIGILL: [libjvm.so+0x919a20], sa_mask[0]=11111111011111111101111111111110, sa_flags=SA_RESTART|SA_SIGINFO
SIGUSR1: SIG_DFL, sa_mask[0]=00000000000000000000000000000000, sa_flags=none
SIGUSR2: [libjvm.so+0x91b050], sa_mask[0]=00100000000000000000000000000000, sa_flags=SA_RESTART|SA_SIGINFO
SIGHUP: [libjvm.so+0x91c450], sa_mask[0]=11111111011111111101111111111110, sa_flags=SA_RESTART|SA_SIGINFO
SIGINT: [libjvm.so+0x91c450], sa_mask[0]=11111111011111111101111111111110, sa_flags=SA_RESTART|SA_SIGINFO
SIGTERM: [libjvm.so+0x91c450], sa_mask[0]=11111111011111111101111111111110, sa_flags=SA_RESTART|SA_SIGINFO
SIGQUIT: [libjvm.so+0x91c450], sa_mask[0]=11111111011111111101111111111110, sa_flags=SA_RESTART|SA_SIGINFO


---------------  S Y S T E M  ---------------

OS:DISTRIB_ID="elementary OS"
DISTRIB_RELEASE=0.3.2
DISTRIB_CODENAME=freya
DISTRIB_DESCRIPTION="elementary OS Freya"

uname:Linux 3.19.0-39-generic #44~14.04.1-Ubuntu SMP Wed Dec 2 10:00:35 UTC 2015 x86_64
libc:glibc 2.19 NPTL 2.19 
rlimit: STACK 8192k, CORE 0k, NPROC 14883, NOFILE 4096, AS infinity
load average:9.37 3.02 1.32

/proc/meminfo:
MemTotal:        3947912 kB
MemFree:           87652 kB
MemAvailable:      38372 kB
Buffers:            1260 kB
Cached:           185800 kB
SwapCached:        14636 kB
Active:          2882716 kB
Inactive:         781916 kB
Active(anon):    2862628 kB
Inactive(anon):   764072 kB
Active(file):      20088 kB
Inactive(file):    17844 kB
Unevictable:          64 kB
Mlocked:              64 kB
SwapTotal:       1999868 kB
SwapFree:              0 kB
Dirty:               628 kB
Writeback:             0 kB
AnonPages:       3464700 kB
Mapped:            33848 kB
Shmem:            148020 kB
Slab:              73172 kB
SReclaimable:      32448 kB
SUnreclaim:        40724 kB
KernelStack:       13808 kB
PageTables:        56604 kB
NFS_Unstable:          0 kB
Bounce:                0 kB
WritebackTmp:          0 kB
CommitLimit:     3973824 kB
Committed_AS:   10959372 kB
VmallocTotal:   34359738367 kB
VmallocUsed:      359800 kB
VmallocChunk:   34359352188 kB
HardwareCorrupted:     0 kB
AnonHugePages:   1253376 kB
CmaTotal:              0 kB
CmaFree:               0 kB
HugePages_Total:       0
HugePages_Free:        0
HugePages_Rsvd:        0
HugePages_Surp:        0
Hugepagesize:       2048 kB
DirectMap4k:      185400 kB
DirectMap2M:     3909632 kB
DirectMap1G:           0 kB


CPU:total 4 (2 cores per cpu, 2 threads per core) family 6 model 61 stepping 4, cmov, cx8, fxsr, mmx, sse, sse2, sse3, ssse3, sse4.1, sse4.2, popcnt, avx, avx2, aes, clmul, erms, 3dnowpref, lzcnt, ht, tsc, tscinvbit, bmi1, bmi2, adx

/proc/cpuinfo:
processor	: 0
vendor_id	: GenuineIntel
cpu family	: 6
model		: 61
model name	: Intel(R) Core(TM) M-5Y10c CPU @ 0.80GHz
stepping	: 4
microcode	: 0x1f
cpu MHz		: 1999.960
cache size	: 4096 KB
physical id	: 0
siblings	: 4
core id		: 0
cpu cores	: 2
apicid		: 0
initial apicid	: 0
fpu		: yes
fpu_exception	: yes
cpuid level	: 20
wp		: yes
flags		: fpu vme de pse tsc msr pae mce cx8 apic sep mtrr pge mca cmov pat pse36 clflush dts acpi mmx fxsr sse sse2 ss ht tm pbe syscall nx pdpe1gb rdtscp lm constant_tsc arch_perfmon pebs bts rep_good nopl xtopology nonstop_tsc aperfmperf eagerfpu pni pclmulqdq dtes64 monitor ds_cpl vmx est tm2 ssse3 fma cx16 xtpr pdcm pcid sse4_1 sse4_2 x2apic movbe popcnt tsc_deadline_timer aes xsave avx f16c rdrand lahf_lm abm 3dnowprefetch ida arat epb pln pts dtherm tpr_shadow vnmi flexpriority ept vpid fsgsbase tsc_adjust bmi1 avx2 smep bmi2 erms invpcid rdseed adx smap xsaveopt
bugs		:
bogomips	: 1995.28
clflush size	: 64
cache_alignment	: 64
address sizes	: 39 bits physical, 48 bits virtual
power management:

processor	: 1
vendor_id	: GenuineIntel
cpu family	: 6
model		: 61
model name	: Intel(R) Core(TM) M-5Y10c CPU @ 0.80GHz
stepping	: 4
microcode	: 0x1f
cpu MHz		: 2000.000
cache size	: 4096 KB
physical id	: 0
siblings	: 4
core id		: 1
cpu cores	: 2
apicid		: 2
initial apicid	: 2
fpu		: yes
fpu_exception	: yes
cpuid level	: 20
wp		: yes
flags		: fpu vme de pse tsc msr pae mce cx8 apic sep mtrr pge mca cmov pat pse36 clflush dts acpi mmx fxsr sse sse2 ss ht tm pbe syscall nx pdpe1gb rdtscp lm constant_tsc arch_perfmon pebs bts rep_good nopl xtopology nonstop_tsc aperfmperf eagerfpu pni pclmulqdq dtes64 monitor ds_cpl vmx est tm2 ssse3 fma cx16 xtpr pdcm pcid sse4_1 sse4_2 x2apic movbe popcnt tsc_deadline_timer aes xsave avx f16c rdrand lahf_lm abm 3dnowprefetch ida arat epb pln pts dtherm tpr_shadow vnmi flexpriority ept vpid fsgsbase tsc_adjust bmi1 avx2 smep bmi2 erms invpcid rdseed adx smap xsaveopt
bugs		:
bogomips	: 1995.28
clflush size	: 64
cache_alignment	: 64
address sizes	: 39 bits physical, 48 bits virtual
power management:

processor	: 2
vendor_id	: GenuineIntel
cpu family	: 6
model		: 61
model name	: Intel(R) Core(TM) M-5Y10c CPU @ 0.80GHz
stepping	: 4
microcode	: 0x1f
cpu MHz		: 2000.000
cache size	: 4096 KB
physical id	: 0
siblings	: 4
core id		: 0
cpu cores	: 2
apicid		: 1
initial apicid	: 1
fpu		: yes
fpu_exception	: yes
cpuid level	: 20
wp		: yes
flags		: fpu vme de pse tsc msr pae mce cx8 apic sep mtrr pge mca cmov pat pse36 clflush dts acpi mmx fxsr sse sse2 ss ht tm pbe syscall nx pdpe1gb rdtscp lm constant_tsc arch_perfmon pebs bts rep_good nopl xtopology nonstop_tsc aperfmperf eagerfpu pni pclmulqdq dtes64 monitor ds_cpl vmx est tm2 ssse3 fma cx16 xtpr pdcm pcid sse4_1 sse4_2 x2apic movbe popcnt tsc_deadline_timer aes xsave avx f16c rdrand lahf_lm abm 3dnowprefetch ida arat epb pln pts dtherm tpr_shadow vnmi flexpriority ept vpid fsgsbase tsc_adjust bmi1 avx2 smep bmi2 erms invpcid rdseed adx smap xsaveopt
bugs		:
bogomips	: 1995.28
clflush size	: 64
cache_alignment	: 64
address sizes	: 39 bits physical, 48 bits virtual
power management:

processor	: 3
vendor_id	: GenuineIntel
cpu family	: 6
model		: 61
model name	: Intel(R) Core(TM) M-5Y10c CPU @ 0.80GHz
stepping	: 4
microcode	: 0x1f
cpu MHz		: 2000.000
cache size	: 4096 KB
physical id	: 0
siblings	: 4
core id		: 1
cpu cores	: 2
apicid		: 3
initial apicid	: 3
fpu		: yes
fpu_exception	: yes
cpuid level	: 20
wp		: yes
flags		: fpu vme de pse tsc msr pae mce cx8 apic sep mtrr pge mca cmov pat pse36 clflush dts acpi mmx fxsr sse sse2 ss ht tm pbe syscall nx pdpe1gb rdtscp lm constant_tsc arch_perfmon pebs bts rep_good nopl xtopology nonstop_tsc aperfmperf eagerfpu pni pclmulqdq dtes64 monitor ds_cpl vmx est tm2 ssse3 fma cx16 xtpr pdcm pcid sse4_1 sse4_2 x2apic movbe popcnt tsc_deadline_timer aes xsave avx f16c rdrand lahf_lm abm 3dnowprefetch ida arat epb pln pts dtherm tpr_shadow vnmi flexpriority ept vpid fsgsbase tsc_adjust bmi1 avx2 smep bmi2 erms invpcid rdseed adx smap xsaveopt
bugs		:
bogomips	: 1995.28
clflush size	: 64
cache_alignment	: 64
address sizes	: 39 bits physical, 48 bits virtual
power management:



Memory: 4k page, physical 3947912k(87572k free), swap 1999868k(0k free)

vm_info: Java HotSpot(TM) 64-Bit Server VM (25.91-b14) for linux-amd64 JRE (1.8.0_91-b14), built on Apr  1 2016 00:57:21 by "java_re" with gcc 4.3.0 20080428 (Red Hat 4.3.0-8)

time: Tue Jun 28 17:11:16 2016
elapsed time: 6 seconds (0d 0h 0m 6s)

