#
# There is insufficient memory for the Java Runtime Environment to continue.
# Native memory allocation (mmap) failed to map 72351744 bytes for committing reserved memory.
# Possible reasons:
#   The system is out of physical RAM or swap space
#   In 32 bit mode, the process size limit was hit
# Possible solutions:
#   Reduce memory load on the system
#   Increase physical memory or swap space
#   Check if swap backing store is full
#   Use 64 bit Java on a 64 bit OS
#   Decrease Java heap size (-Xmx/-Xms)
#   Decrease number of Java threads
#   Decrease Java thread stack sizes (-Xss)
#   Set larger code cache with -XX:ReservedCodeCacheSize=
# This output file may be truncated or incomplete.
#
#  Out of Memory Error (os_linux.cpp:2627), pid=14875, tid=139718181193472
#
# JRE version: Java(TM) SE Runtime Environment (8.0_91-b14) (build 1.8.0_91-b14)
# Java VM: Java HotSpot(TM) 64-Bit Server VM (25.91-b14 mixed mode linux-amd64 compressed oops)
# Failed to write core dump. Core dumps have been disabled. To enable core dumping, try "ulimit -c unlimited" before starting Java again
#

---------------  T H R E A D  ---------------

Current thread (0x00007f12c4078000):  VMThread [stack: 0x00007f12ac7f0000,0x00007f12ac8f1000] [id=14884]

Stack: [0x00007f12ac7f0000,0x00007f12ac8f1000],  sp=0x00007f12ac8eef60,  free space=1019k
Native frames: (J=compiled Java code, j=interpreted, Vv=VM code, C=native code)
V  [libjvm.so+0xabc18a]  VMError::report_and_die()+0x2ba
V  [libjvm.so+0x4fafeb]  report_vm_out_of_memory(char const*, int, unsigned long, VMErrorType, char const*)+0x8b
V  [libjvm.so+0x91cbb3]  os::Linux::commit_memory_impl(char*, unsigned long, bool)+0x103
V  [libjvm.so+0x91d109]  os::pd_commit_memory(char*, unsigned long, unsigned long, bool)+0x29
V  [libjvm.so+0x91740a]  os::commit_memory(char*, unsigned long, unsigned long, bool)+0x2a
V  [libjvm.so+0x98b033]  PSVirtualSpace::expand_by(unsigned long)+0x53
V  [libjvm.so+0x98c438]  PSYoungGen::resize_generation(unsigned long, unsigned long)+0xf8
V  [libjvm.so+0x98b592]  PSYoungGen::resize(unsigned long, unsigned long)+0x22
V  [libjvm.so+0x98886b]  PSScavenge::invoke_no_policy()+0xf3b
V  [libjvm.so+0x988ff1]  PSScavenge::invoke()+0x41
V  [libjvm.so+0x9408b0]  ParallelScavengeHeap::failed_mem_allocate(unsigned long)+0x70
V  [libjvm.so+0xabdba7]  VM_ParallelGCFailedAllocation::doit()+0x97
V  [libjvm.so+0xac55d5]  VM_Operation::evaluate()+0x55
V  [libjvm.so+0xac39aa]  VMThread::evaluate_operation(VM_Operation*)+0xba
V  [libjvm.so+0xac3d2e]  VMThread::loop()+0x1ce
V  [libjvm.so+0xac41a0]  VMThread::run()+0x70
V  [libjvm.so+0x91ef78]  java_start(Thread*)+0x108

VM_Operation (0x00007f12964026b0): ParallelGCFailedAllocation, mode: safepoint, requested by thread 0x00007f12c4153000


---------------  P R O C E S S  ---------------

Java Threads: ( => current thread )
  0x00007f12c4155800 JavaThread "pool-2-thread-4" [_thread_blocked, id=14916, stack(0x00007f1296102000,0x00007f1296203000)]
  0x00007f12c4154000 JavaThread "pool-2-thread-3" [_thread_blocked, id=14915, stack(0x00007f1296203000,0x00007f1296304000)]
  0x00007f12c4153000 JavaThread "pool-2-thread-2" [_thread_blocked, id=14914, stack(0x00007f1296304000,0x00007f1296405000)]
  0x00007f12c4151000 JavaThread "pool-3-thread-1" [_thread_blocked, id=14913, stack(0x00007f1296405000,0x00007f1296506000)]
  0x00007f12c414e800 JavaThread "pool-2-thread-1" [_thread_blocked, id=14912, stack(0x00007f1296506000,0x00007f1296607000)]
  0x00007f12c40c0000 JavaThread "Service Thread" daemon [_thread_blocked, id=14891, stack(0x00007f12ac0e9000,0x00007f12ac1ea000)]
  0x00007f12c40bd000 JavaThread "C1 CompilerThread2" daemon [_thread_blocked, id=14890, stack(0x00007f12ac1ea000,0x00007f12ac2eb000)]
  0x00007f12c40bb800 JavaThread "C2 CompilerThread1" daemon [_thread_blocked, id=14889, stack(0x00007f12ac2eb000,0x00007f12ac3ec000)]
  0x00007f12c40b8800 JavaThread "C2 CompilerThread0" daemon [_thread_blocked, id=14888, stack(0x00007f12ac3ec000,0x00007f12ac4ed000)]
  0x00007f12c40b7000 JavaThread "Signal Dispatcher" daemon [_thread_blocked, id=14887, stack(0x00007f12ac4ed000,0x00007f12ac5ee000)]
  0x00007f12c4084000 JavaThread "Finalizer" daemon [_thread_blocked, id=14886, stack(0x00007f12ac5ee000,0x00007f12ac6ef000)]
  0x00007f12c407f800 JavaThread "Reference Handler" daemon [_thread_blocked, id=14885, stack(0x00007f12ac6ef000,0x00007f12ac7f0000)]
  0x00007f12c400a000 JavaThread "main" [_thread_blocked, id=14877, stack(0x00007f12caf32000,0x00007f12cb033000)]

Other Threads:
=>0x00007f12c4078000 VMThread [stack: 0x00007f12ac7f0000,0x00007f12ac8f1000] [id=14884]
  0x00007f12c40c3000 WatcherThread [stack: 0x00007f1296607000,0x00007f1296708000] [id=14892]

VM state:at safepoint (normal execution)

VM Mutex/Monitor currently owned by a thread:  ([mutex/lock_event])
[0x00007f12c4006570] Threads_lock - owner thread: 0x00007f12c4078000
[0x00007f12c4006a70] Heap_lock - owner thread: 0x00007f12c4153000

Heap:
 PSYoungGen      total 72704K, used 10213K [0x00000000eab00000, 0x00000000efd00000, 0x0000000100000000)
  eden space 62464K, 0% used [0x00000000eab00000,0x00000000eab00000,0x00000000ee800000)
  from space 10240K, 99% used [0x00000000ee800000,0x00000000ef1f94d8,0x00000000ef200000)
  to   space 9216K, 0% used [0x00000000ef200000,0x00000000ef200000,0x00000000efb00000)
 ParOldGen       total 42496K, used 17908K [0x00000000c0000000, 0x00000000c2980000, 0x00000000eab00000)
  object space 42496K, 42% used [0x00000000c0000000,0x00000000c117d178,0x00000000c2980000)
 Metaspace       used 5971K, capacity 6896K, committed 7040K, reserved 1056768K
  class space    used 593K, capacity 616K, committed 640K, reserved 1048576K

Card table byte_map: [0x00007f12b4a3f000,0x00007f12b4c40000] byte_map_base: 0x00007f12b443f000

Marking Bits: (ParMarkBitMap*) 0x00007f12ca400d60
 Begin Bits: [0x00007f12ae000000, 0x00007f12af000000)
 End Bits:   [0x00007f12af000000, 0x00007f12b0000000)

Polling page: 0x00007f12cb049000

CodeCache: size=245760Kb used=5022Kb max_used=5022Kb free=240737Kb
 bounds [0x00007f12b5000000, 0x00007f12b54f0000, 0x00007f12c4000000]
 total_blobs=1563 nmethods=1293 adapters=182
 compilation: enabled

Compilation events (10 events):
Event: 6.731 Thread 0x00007f12c40bd000 nmethod 1605% 0x00007f12b54e3610 code [0x00007f12b54e37e0, 0x00007f12b54e4108]
Event: 6.731 Thread 0x00007f12c40bd000 1610 %     3       com.android.dx.ssa.SsaConverter::edgeSplitSuccessors @ 45 (98 bytes)
Event: 6.752 Thread 0x00007f12c40bd000 nmethod 1610% 0x00007f12b54e45d0 code [0x00007f12b54e4860, 0x00007f12b54e57c8]
Event: 6.752 Thread 0x00007f12c40bd000 1592       1       com.android.dx.cf.code.OneLocalsArray::getMaxLocals (6 bytes)
Event: 6.752 Thread 0x00007f12c40bd000 nmethod 1592 0x00007f12b548f490 code [0x00007f12b548f5e0, 0x00007f12b548f6f0]
Event: 6.752 Thread 0x00007f12c40bd000 1574       2       com.android.dx.ssa.PhiInsn::predBlocksForReg (73 bytes)
Event: 6.754 Thread 0x00007f12c40bd000 nmethod 1574 0x00007f12b54e6250 code [0x00007f12b54e6420, 0x00007f12b54e69f8]
Event: 6.754 Thread 0x00007f12c40bd000 1487       2       com.android.dx.ssa.SsaConverter::edgeSplitPredecessors (44 bytes)
Event: 6.755 Thread 0x00007f12c40bd000 nmethod 1487 0x00007f12b54e7110 code [0x00007f12b54e72c0, 0x00007f12b54e7668]
Event: 6.755 Thread 0x00007f12c40bd000 1496       2       com.android.dx.ssa.SsaMethod::convertRopToSsaBlocks (103 bytes)

GC Heap History (10 events):
Event: 2.809 GC heap after
Heap after GC invocations=2 (full 0):
 PSYoungGen      total 18432K, used 2538K [0x00000000eab00000, 0x00000000ecf00000, 0x0000000100000000)
  eden space 15872K, 0% used [0x00000000eab00000,0x00000000eab00000,0x00000000eba80000)
  from space 2560K, 99% used [0x00000000ebd00000,0x00000000ebf7aa20,0x00000000ebf80000)
  to   space 2560K, 0% used [0x00000000eba80000,0x00000000eba80000,0x00000000ebd00000)
 ParOldGen       total 42496K, used 2169K [0x00000000c0000000, 0x00000000c2980000, 0x00000000eab00000)
  object space 42496K, 5% used [0x00000000c0000000,0x00000000c021e4e0,0x00000000c2980000)
 Metaspace       used 5726K, capacity 6704K, committed 6784K, reserved 1056768K
  class space    used 591K, capacity 616K, committed 640K, reserved 1048576K
}
Event: 3.704 GC heap before
{Heap before GC invocations=3 (full 0):
 PSYoungGen      total 18432K, used 18410K [0x00000000eab00000, 0x00000000ecf00000, 0x0000000100000000)
  eden space 15872K, 100% used [0x00000000eab00000,0x00000000eba80000,0x00000000eba80000)
  from space 2560K, 99% used [0x00000000ebd00000,0x00000000ebf7aa20,0x00000000ebf80000)
  to   space 2560K, 0% used [0x00000000eba80000,0x00000000eba80000,0x00000000ebd00000)
 ParOldGen       total 42496K, used 2169K [0x00000000c0000000, 0x00000000c2980000, 0x00000000eab00000)
  object space 42496K, 5% used [0x00000000c0000000,0x00000000c021e4e0,0x00000000c2980000)
 Metaspace       used 5827K, capacity 6768K, committed 7040K, reserved 1056768K
  class space    used 593K, capacity 616K, committed 640K, reserved 1048576K
Event: 3.737 GC heap after
Heap after GC invocations=3 (full 0):
 PSYoungGen      total 18432K, used 2552K [0x00000000eab00000, 0x00000000ecf00000, 0x0000000100000000)
  eden space 15872K, 0% used [0x00000000eab00000,0x00000000eab00000,0x00000000eba80000)
  from space 2560K, 99% used [0x00000000eba80000,0x00000000ebcfe2b8,0x00000000ebd00000)
  to   space 2560K, 0% used [0x00000000ecc80000,0x00000000ecc80000,0x00000000ecf00000)
 ParOldGen       total 42496K, used 5242K [0x00000000c0000000, 0x00000000c2980000, 0x00000000eab00000)
  object space 42496K, 12% used [0x00000000c0000000,0x00000000c051eac0,0x00000000c2980000)
 Metaspace       used 5827K, capacity 6768K, committed 7040K, reserved 1056768K
  class space    used 593K, capacity 616K, committed 640K, reserved 1048576K
}
Event: 4.162 GC heap before
{Heap before GC invocations=4 (full 0):
 PSYoungGen      total 18432K, used 18424K [0x00000000eab00000, 0x00000000ecf00000, 0x0000000100000000)
  eden space 15872K, 100% used [0x00000000eab00000,0x00000000eba80000,0x00000000eba80000)
  from space 2560K, 99% used [0x00000000eba80000,0x00000000ebcfe2b8,0x00000000ebd00000)
  to   space 2560K, 0% used [0x00000000ecc80000,0x00000000ecc80000,0x00000000ecf00000)
 ParOldGen       total 42496K, used 5242K [0x00000000c0000000, 0x00000000c2980000, 0x00000000eab00000)
  object space 42496K, 12% used [0x00000000c0000000,0x00000000c051eac0,0x00000000c2980000)
 Metaspace       used 5841K, capacity 6832K, committed 7040K, reserved 1056768K
  class space    used 593K, capacity 616K, committed 640K, reserved 1048576K
Event: 4.192 GC heap after
Heap after GC invocations=4 (full 0):
 PSYoungGen      total 34304K, used 2552K [0x00000000eab00000, 0x00000000ecf00000, 0x0000000100000000)
  eden space 31744K, 0% used [0x00000000eab00000,0x00000000eab00000,0x00000000eca00000)
  from space 2560K, 99% used [0x00000000ecc80000,0x00000000ecefe2b8,0x00000000ecf00000)
  to   space 2560K, 0% used [0x00000000eca00000,0x00000000eca00000,0x00000000ecc80000)
 ParOldGen       total 42496K, used 7546K [0x00000000c0000000, 0x00000000c2980000, 0x00000000eab00000)
  object space 42496K, 17% used [0x00000000c0000000,0x00000000c075e830,0x00000000c2980000)
 Metaspace       used 5841K, capacity 6832K, committed 7040K, reserved 1056768K
  class space    used 593K, capacity 616K, committed 640K, reserved 1048576K
}
Event: 4.792 GC heap before
{Heap before GC invocations=5 (full 0):
 PSYoungGen      total 34304K, used 34296K [0x00000000eab00000, 0x00000000ecf00000, 0x0000000100000000)
  eden space 31744K, 100% used [0x00000000eab00000,0x00000000eca00000,0x00000000eca00000)
  from space 2560K, 99% used [0x00000000ecc80000,0x00000000ecefe2b8,0x00000000ecf00000)
  to   space 2560K, 0% used [0x00000000eca00000,0x00000000eca00000,0x00000000ecc80000)
 ParOldGen       total 42496K, used 7546K [0x00000000c0000000, 0x00000000c2980000, 0x00000000eab00000)
  object space 42496K, 17% used [0x00000000c0000000,0x00000000c075e830,0x00000000c2980000)
 Metaspace       used 5878K, capacity 6832K, committed 7040K, reserved 1056768K
  class space    used 593K, capacity 616K, committed 640K, reserved 1048576K
Event: 4.873 GC heap after
Heap after GC invocations=5 (full 0):
 PSYoungGen      total 34304K, used 2536K [0x00000000eab00000, 0x00000000efb00000, 0x0000000100000000)
  eden space 31744K, 0% used [0x00000000eab00000,0x00000000eab00000,0x00000000eca00000)
  from space 2560K, 99% used [0x00000000eca00000,0x00000000ecc7a2a8,0x00000000ecc80000)
  to   space 9216K, 0% used [0x00000000ef200000,0x00000000ef200000,0x00000000efb00000)
 ParOldGen       total 42496K, used 12440K [0x00000000c0000000, 0x00000000c2980000, 0x00000000eab00000)
  object space 42496K, 29% used [0x00000000c0000000,0x00000000c0c26028,0x00000000c2980000)
 Metaspace       used 5878K, capacity 6832K, committed 7040K, reserved 1056768K
  class space    used 593K, capacity 616K, committed 640K, reserved 1048576K
}
Event: 5.412 GC heap before
{Heap before GC invocations=6 (full 0):
 PSYoungGen      total 34304K, used 34280K [0x00000000eab00000, 0x00000000efb00000, 0x0000000100000000)
  eden space 31744K, 100% used [0x00000000eab00000,0x00000000eca00000,0x00000000eca00000)
  from space 2560K, 99% used [0x00000000eca00000,0x00000000ecc7a2a8,0x00000000ecc80000)
  to   space 9216K, 0% used [0x00000000ef200000,0x00000000ef200000,0x00000000efb00000)
 ParOldGen       total 42496K, used 12440K [0x00000000c0000000, 0x00000000c2980000, 0x00000000eab00000)
  object space 42496K, 29% used [0x00000000c0000000,0x00000000c0c26028,0x00000000c2980000)
 Metaspace       used 5904K, capacity 6832K, committed 7040K, reserved 1056768K
  class space    used 593K, capacity 616K, committed 640K, reserved 1048576K
Event: 5.542 GC heap after
Heap after GC invocations=6 (full 0):
 PSYoungGen      total 71680K, used 7352K [0x00000000eab00000, 0x00000000efd00000, 0x0000000100000000)
  eden space 62464K, 0% used [0x00000000eab00000,0x00000000eab00000,0x00000000ee800000)
  from space 9216K, 79% used [0x00000000ef200000,0x00000000ef92e2b8,0x00000000efb00000)
  to   space 10240K, 0% used [0x00000000ee800000,0x00000000ee800000,0x00000000ef200000)
 ParOldGen       total 42496K, used 12440K [0x00000000c0000000, 0x00000000c2980000, 0x00000000eab00000)
  object space 42496K, 29% used [0x00000000c0000000,0x00000000c0c26028,0x00000000c2980000)
 Metaspace       used 5904K, capacity 6832K, committed 7040K, reserved 1056768K
  class space    used 593K, capacity 616K, committed 640K, reserved 1048576K
}
Event: 6.793 GC heap before
{Heap before GC invocations=7 (full 0):
 PSYoungGen      total 71680K, used 69816K [0x00000000eab00000, 0x00000000efd00000, 0x0000000100000000)
  eden space 62464K, 100% used [0x00000000eab00000,0x00000000ee800000,0x00000000ee800000)
  from space 9216K, 79% used [0x00000000ef200000,0x00000000ef92e2b8,0x00000000efb00000)
  to   space 10240K, 0% used [0x00000000ee800000,0x00000000ee800000,0x00000000ef200000)
 ParOldGen       total 42496K, used 12440K [0x00000000c0000000, 0x00000000c2980000, 0x00000000eab00000)
  object space 42496K, 29% used [0x00000000c0000000,0x00000000c0c26028,0x00000000c2980000)
 Metaspace       used 5971K, capacity 6896K, committed 7040K, reserved 1056768K
  class space    used 593K, capacity 616K, committed 640K, reserved 1048576K

Deoptimization events (10 events):
Event: 4.066 Thread 0x00007f12c4154000 Uncommon trap: reason=class_check action=maybe_recompile pc=0x00007f12b524bfa4 method=com.android.dx.rop.type.Type.equals(Ljava/lang/Object;)Z @ 8
Event: 4.222 Thread 0x00007f12c400a000 Uncommon trap: reason=unstable_if action=reinterpret pc=0x00007f12b52cc8a0 method=com.android.dx.rop.code.RegisterSpec.equals(ILcom/android/dx/rop/type/TypeBearer;Lcom/android/dx/rop/code/LocalItem;)Z @ 42
Event: 4.286 Thread 0x00007f12c4155800 Uncommon trap: reason=unstable_if action=reinterpret pc=0x00007f12b524e05c method=com.android.dx.rop.cst.Constant.compareTo(Lcom/android/dx/rop/cst/Constant;)I @ 12
Event: 4.384 Thread 0x00007f12c400a000 Uncommon trap: reason=bimorphic action=maybe_recompile pc=0x00007f12b524bf54 method=java.util.HashMap.getNode(ILjava/lang/Object;)Ljava/util/HashMap$Node; @ 126
Event: 4.384 Thread 0x00007f12c400a000 Uncommon trap: reason=bimorphic action=maybe_recompile pc=0x00007f12b524bf54 method=java.util.HashMap.getNode(ILjava/lang/Object;)Ljava/util/HashMap$Node; @ 126
Event: 4.384 Thread 0x00007f12c400a000 Uncommon trap: reason=bimorphic action=maybe_recompile pc=0x00007f12b524bf54 method=java.util.HashMap.getNode(ILjava/lang/Object;)Ljava/util/HashMap$Node; @ 126
Event: 4.384 Thread 0x00007f12c400a000 Uncommon trap: reason=bimorphic action=maybe_recompile pc=0x00007f12b524bf54 method=java.util.HashMap.getNode(ILjava/lang/Object;)Ljava/util/HashMap$Node; @ 126
Event: 4.483 Thread 0x00007f12c4155800 Uncommon trap: reason=null_check action=make_not_entrant pc=0x00007f12b52c59bc method=com.android.dx.ssa.SsaRenamer.getLocalForNewReg(I)Lcom/android/dx/rop/code/LocalItem; @ 19
Event: 4.555 Thread 0x00007f12c4154000 Uncommon trap: reason=unstable_if action=reinterpret pc=0x00007f12b5354afc method=com.android.dx.ssa.SsaMethod.updateOneDefinition(Lcom/android/dx/ssa/SsaInsn;Lcom/android/dx/rop/code/RegisterSpec;)V @ 4
Event: 5.699 Thread 0x00007f12c414e800 Uncommon trap: reason=unstable_if action=reinterpret pc=0x00007f12b534c1c4 method=com.android.dx.util.IntList.binarysearch(I)I @ 105

Internal exceptions (3 events):
Event: 0.288 Thread 0x00007f12c400a000 Exception <a 'java/lang/NoSuchMethodError': Method sun.misc.Unsafe.defineClass(Ljava/lang/String;[BII)Ljava/lang/Class; name or signature does not match> (0x00000000eab07cc0) thrown at [/HUDSON/workspace/8-2-build-linux-amd64/jdk8u91/6644/hotspot/src/shar
Event: 0.288 Thread 0x00007f12c400a000 Exception <a 'java/lang/NoSuchMethodError': Method sun.misc.Unsafe.prefetchRead(Ljava/lang/Object;J)V name or signature does not match> (0x00000000eab07fa8) thrown at [/HUDSON/workspace/8-2-build-linux-amd64/jdk8u91/6644/hotspot/src/share/vm/prims/jni.cpp
Event: 4.483 Thread 0x00007f12c4155800 Implicit null exception at 0x00007f12b52c3448 to 0x00007f12b52c5975

Events (10 events):
Event: 5.938 Thread 0x00007f12c4155800 DEOPT UNPACKING pc=0x00007f12b5047633 sp=0x00007f1296200cf0 mode 0
Event: 6.145 Thread 0x00007f12c4153000 DEOPT PACKING pc=0x00007f12b53816ac sp=0x00007f1296402ef0
Event: 6.145 Thread 0x00007f12c4153000 DEOPT UNPACKING pc=0x00007f12b5047633 sp=0x00007f1296402bf0 mode 0
Event: 6.199 Thread 0x00007f12c4155800 DEOPT PACKING pc=0x00007f12b5384726 sp=0x00007f1296200db0
Event: 6.199 Thread 0x00007f12c4155800 DEOPT UNPACKING pc=0x00007f12b5047633 sp=0x00007f1296200af0 mode 0
Event: 6.414 Thread 0x00007f12c414e800 DEOPT PACKING pc=0x00007f12b545a502 sp=0x00007f1296604e40
Event: 6.414 Thread 0x00007f12c414e800 DEOPT UNPACKING pc=0x00007f12b5047633 sp=0x00007f1296604bf8 mode 0
Event: 6.500 Thread 0x00007f12c414e800 DEOPT PACKING pc=0x00007f12b53816ac sp=0x00007f1296604f20
Event: 6.500 Thread 0x00007f12c414e800 DEOPT UNPACKING pc=0x00007f12b5047633 sp=0x00007f1296604c30 mode 0
Event: 6.784 Executing VM operation: ParallelGCFailedAllocation


Dynamic libraries:
00400000-00401000 r-xp 00000000 08:07 288582                             /usr/lib/jvm/java-8-oracle/bin/java
00600000-00601000 rw-p 00000000 08:07 288582                             /usr/lib/jvm/java-8-oracle/bin/java
01eef000-01f10000 rw-p 00000000 00:00 0                                  [heap]
c0000000-c2980000 rw-p 00000000 00:00 0 
c2980000-eab00000 ---p 00000000 00:00 0 
eab00000-efd00000 rw-p 00000000 00:00 0 
f4200000-100000000 ---p 00000000 00:00 0 
100000000-1000a0000 rw-p 00000000 00:00 0 
1000a0000-140000000 ---p 00000000 00:00 0 
7f1260000000-7f1260037000 rw-p 00000000 00:00 0 
7f1260037000-7f1264000000 ---p 00000000 00:00 0 
7f1268000000-7f1268021000 rw-p 00000000 00:00 0 
7f1268021000-7f126c000000 ---p 00000000 00:00 0 
7f126c000000-7f126c021000 rw-p 00000000 00:00 0 
7f126c021000-7f1270000000 ---p 00000000 00:00 0 
7f1270000000-7f1270023000 rw-p 00000000 00:00 0 
7f1270023000-7f1274000000 ---p 00000000 00:00 0 
7f1274000000-7f1274021000 rw-p 00000000 00:00 0 
7f1274021000-7f1278000000 ---p 00000000 00:00 0 
7f1278000000-7f1278021000 rw-p 00000000 00:00 0 
7f1278021000-7f127c000000 ---p 00000000 00:00 0 
7f127c000000-7f127c021000 rw-p 00000000 00:00 0 
7f127c021000-7f1280000000 ---p 00000000 00:00 0 
7f1280000000-7f12803af000 rw-p 00000000 00:00 0 
7f12803af000-7f1284000000 ---p 00000000 00:00 0 
7f1284000000-7f12847ed000 rw-p 00000000 00:00 0 
7f12847ed000-7f1288000000 ---p 00000000 00:00 0 
7f1288000000-7f1288021000 rw-p 00000000 00:00 0 
7f1288021000-7f128c000000 ---p 00000000 00:00 0 
7f128c000000-7f128c651000 rw-p 00000000 00:00 0 
7f128c651000-7f1290000000 ---p 00000000 00:00 0 
7f1290000000-7f1290021000 rw-p 00000000 00:00 0 
7f1290021000-7f1294000000 ---p 00000000 00:00 0 
7f1296102000-7f1296105000 ---p 00000000 00:00 0 
7f1296105000-7f1296203000 rw-p 00000000 00:00 0                          [stack:14916]
7f1296203000-7f1296206000 ---p 00000000 00:00 0 
7f1296206000-7f1296304000 rw-p 00000000 00:00 0                          [stack:14915]
7f1296304000-7f1296307000 ---p 00000000 00:00 0 
7f1296307000-7f1296405000 rw-p 00000000 00:00 0                          [stack:14914]
7f1296405000-7f1296408000 ---p 00000000 00:00 0 
7f1296408000-7f1296506000 rw-p 00000000 00:00 0                          [stack:14913]
7f1296506000-7f1296509000 ---p 00000000 00:00 0 
7f1296509000-7f1296607000 rw-p 00000000 00:00 0                          [stack:14912]
7f1296607000-7f1296608000 ---p 00000000 00:00 0 
7f1296608000-7f1296708000 rw-p 00000000 00:00 0                          [stack:14892]
7f1296708000-7f1298000000 r--p 00000000 08:07 266629                     /usr/lib/locale/locale-archive
7f1298000000-7f129828c000 rw-p 00000000 00:00 0 
7f129828c000-7f129c000000 ---p 00000000 00:00 0 
7f129c000000-7f129c021000 rw-p 00000000 00:00 0 
7f129c021000-7f12a0000000 ---p 00000000 00:00 0 
7f12a0000000-7f12a0021000 rw-p 00000000 00:00 0 
7f12a0021000-7f12a4000000 ---p 00000000 00:00 0 
7f12a4000000-7f12a4021000 rw-p 00000000 00:00 0 
7f12a4021000-7f12a8000000 ---p 00000000 00:00 0 
7f12a8000000-7f12a8021000 rw-p 00000000 00:00 0 
7f12a8021000-7f12ac000000 ---p 00000000 00:00 0 
7f12ac0e9000-7f12ac0ec000 ---p 00000000 00:00 0 
7f12ac0ec000-7f12ac1ea000 rw-p 00000000 00:00 0                          [stack:14891]
7f12ac1ea000-7f12ac1ed000 ---p 00000000 00:00 0 
7f12ac1ed000-7f12ac2eb000 rw-p 00000000 00:00 0                          [stack:14890]
7f12ac2eb000-7f12ac2ee000 ---p 00000000 00:00 0 
7f12ac2ee000-7f12ac3ec000 rw-p 00000000 00:00 0                          [stack:14889]
7f12ac3ec000-7f12ac3ef000 ---p 00000000 00:00 0 
7f12ac3ef000-7f12ac4ed000 rw-p 00000000 00:00 0                          [stack:14888]
7f12ac4ed000-7f12ac4f0000 ---p 00000000 00:00 0 
7f12ac4f0000-7f12ac5ee000 rw-p 00000000 00:00 0                          [stack:14887]
7f12ac5ee000-7f12ac5f1000 ---p 00000000 00:00 0 
7f12ac5f1000-7f12ac6ef000 rw-p 00000000 00:00 0                          [stack:14886]
7f12ac6ef000-7f12ac6f2000 ---p 00000000 00:00 0 
7f12ac6f2000-7f12ac7f0000 rw-p 00000000 00:00 0                          [stack:14885]
7f12ac7f0000-7f12ac7f1000 ---p 00000000 00:00 0 
7f12ac7f1000-7f12ade40000 rw-p 00000000 00:00 0                          [stack:14884]
7f12ade40000-7f12ae000000 ---p 00000000 00:00 0 
7f12ae000000-7f12b0000000 rw-p 00000000 00:00 0 
7f12b0000000-7f12b0021000 rw-p 00000000 00:00 0 
7f12b0021000-7f12b4000000 ---p 00000000 00:00 0 
7f12b4064000-7f12b407b000 r--s 00101000 08:07 477836                     /home/omprakash/Downloads/PopcornTime/app/build/intermediates/exploded-aar/com.android.support/support-v4/24.0.0/jars/classes.jar
7f12b407b000-7f12b410c000 rw-p 00000000 00:00 0 
7f12b410c000-7f12b42e5000 r--s 03d1f000 08:07 287849                     /usr/lib/jvm/java-8-oracle/jre/lib/rt.jar
7f12b42e5000-7f12b44e5000 rw-p 00000000 00:00 0 
7f12b44e5000-7f12b44e6000 ---p 00000000 00:00 0 
7f12b44e6000-7f12b45e6000 rw-p 00000000 00:00 0                          [stack:14883]
7f12b45e6000-7f12b45e7000 ---p 00000000 00:00 0 
7f12b45e7000-7f12b46e7000 rw-p 00000000 00:00 0                          [stack:14882]
7f12b46e7000-7f12b46e8000 ---p 00000000 00:00 0 
7f12b46e8000-7f12b47e8000 rw-p 00000000 00:00 0                          [stack:14881]
7f12b47e8000-7f12b47e9000 ---p 00000000 00:00 0 
7f12b47e9000-7f12b48fe000 rw-p 00000000 00:00 0                          [stack:14880]
7f12b48fe000-7f12b4a3f000 ---p 00000000 00:00 0 
7f12b4a3f000-7f12b4a54000 rw-p 00000000 00:00 0 
7f12b4a54000-7f12b4b94000 ---p 00000000 00:00 0 
7f12b4b94000-7f12b4bbe000 rw-p 00000000 00:00 0 
7f12b4bbe000-7f12b4c3f000 ---p 00000000 00:00 0 
7f12b4c3f000-7f12b4c54000 rw-p 00000000 00:00 0 
7f12b4c54000-7f12b5000000 ---p 00000000 00:00 0 
7f12b5000000-7f12b54f0000 rwxp 00000000 00:00 0 
7f12b54f0000-7f12c4000000 ---p 00000000 00:00 0 
7f12c4000000-7f12c43a7000 rw-p 00000000 00:00 0 
7f12c43a7000-7f12c8000000 ---p 00000000 00:00 0 
7f12c8006000-7f12c8014000 r--s 000e0000 08:07 675446                     /home/omprakash/Android/Sdk/build-tools/24.0.0/lib/dx.jar
7f12c8014000-7f12c80ab000 rw-p 00000000 00:00 0 
7f12c80ab000-7f12c80c5000 r-xp 00000000 08:07 287648                     /usr/lib/jvm/java-8-oracle/jre/lib/amd64/libzip.so
7f12c80c5000-7f12c82c5000 ---p 0001a000 08:07 287648                     /usr/lib/jvm/java-8-oracle/jre/lib/amd64/libzip.so
7f12c82c5000-7f12c82c6000 rw-p 0001a000 08:07 287648                     /usr/lib/jvm/java-8-oracle/jre/lib/amd64/libzip.so
7f12c82c6000-7f12c82d0000 r-xp 00000000 08:07 542575                     /lib/x86_64-linux-gnu/libnss_files-2.19.so
7f12c82d0000-7f12c84cf000 ---p 0000a000 08:07 542575                     /lib/x86_64-linux-gnu/libnss_files-2.19.so
7f12c84cf000-7f12c84d0000 r--p 00009000 08:07 542575                     /lib/x86_64-linux-gnu/libnss_files-2.19.so
7f12c84d0000-7f12c84d1000 rw-p 0000a000 08:07 542575                     /lib/x86_64-linux-gnu/libnss_files-2.19.so
7f12c84d1000-7f12c84dc000 r-xp 00000000 08:07 542567                     /lib/x86_64-linux-gnu/libnss_nis-2.19.so
7f12c84dc000-7f12c86db000 ---p 0000b000 08:07 542567                     /lib/x86_64-linux-gnu/libnss_nis-2.19.so
7f12c86db000-7f12c86dc000 r--p 0000a000 08:07 542567                     /lib/x86_64-linux-gnu/libnss_nis-2.19.so
7f12c86dc000-7f12c86dd000 rw-p 0000b000 08:07 542567                     /lib/x86_64-linux-gnu/libnss_nis-2.19.so
7f12c86dd000-7f12c86f4000 r-xp 00000000 08:07 542563                     /lib/x86_64-linux-gnu/libnsl-2.19.so
7f12c86f4000-7f12c88f3000 ---p 00017000 08:07 542563                     /lib/x86_64-linux-gnu/libnsl-2.19.so
7f12c88f3000-7f12c88f4000 r--p 00016000 08:07 542563                     /lib/x86_64-linux-gnu/libnsl-2.19.so
7f12c88f4000-7f12c88f5000 rw-p 00017000 08:07 542563                     /lib/x86_64-linux-gnu/libnsl-2.19.so
7f12c88f5000-7f12c88f7000 rw-p 00000000 00:00 0 
7f12c88f7000-7f12c8900000 r-xp 00000000 08:07 542562                     /lib/x86_64-linux-gnu/libnss_compat-2.19.so
7f12c8900000-7f12c8aff000 ---p 00009000 08:07 542562                     /lib/x86_64-linux-gnu/libnss_compat-2.19.so
7f12c8aff000-7f12c8b00000 r--p 00008000 08:07 542562                     /lib/x86_64-linux-gnu/libnss_compat-2.19.so
7f12c8b00000-7f12c8b01000 rw-p 00009000 08:07 542562                     /lib/x86_64-linux-gnu/libnss_compat-2.19.so
7f12c8b01000-7f12c8b2b000 r-xp 00000000 08:07 287642                     /usr/lib/jvm/java-8-oracle/jre/lib/amd64/libjava.so
7f12c8b2b000-7f12c8d2b000 ---p 0002a000 08:07 287642                     /usr/lib/jvm/java-8-oracle/jre/lib/amd64/libjava.so
7f12c8d2b000-7f12c8d2d000 rw-p 0002a000 08:07 287642                     /usr/lib/jvm/java-8-oracle/jre/lib/amd64/libjava.so
7f12c8d2d000-7f12c8d3a000 r-xp 00000000 08:07 287647                     /usr/lib/jvm/java-8-oracle/jre/lib/amd64/libverify.so
7f12c8d3a000-7f12c8f3a000 ---p 0000d000 08:07 287647                     /usr/lib/jvm/java-8-oracle/jre/lib/amd64/libverify.so
7f12c8f3a000-7f12c8f3c000 rw-p 0000d000 08:07 287647                     /usr/lib/jvm/java-8-oracle/jre/lib/amd64/libverify.so
7f12c8f3c000-7f12c8f43000 r-xp 00000000 08:07 542571                     /lib/x86_64-linux-gnu/librt-2.19.so
7f12c8f43000-7f12c9142000 ---p 00007000 08:07 542571                     /lib/x86_64-linux-gnu/librt-2.19.so
7f12c9142000-7f12c9143000 r--p 00006000 08:07 542571                     /lib/x86_64-linux-gnu/librt-2.19.so
7f12c9143000-7f12c9144000 rw-p 00007000 08:07 542571                     /lib/x86_64-linux-gnu/librt-2.19.so
7f12c9144000-7f12c9249000 r-xp 00000000 08:07 540932                     /lib/x86_64-linux-gnu/libm-2.19.so
7f12c9249000-7f12c9448000 ---p 00105000 08:07 540932                     /lib/x86_64-linux-gnu/libm-2.19.so
7f12c9448000-7f12c9449000 r--p 00104000 08:07 540932                     /lib/x86_64-linux-gnu/libm-2.19.so
7f12c9449000-7f12c944a000 rw-p 00105000 08:07 540932                     /lib/x86_64-linux-gnu/libm-2.19.so
7f12c944a000-7f12ca10a000 r-xp 00000000 08:07 287638                     /usr/lib/jvm/java-8-oracle/jre/lib/amd64/server/libjvm.so
7f12ca10a000-7f12ca30a000 ---p 00cc0000 08:07 287638                     /usr/lib/jvm/java-8-oracle/jre/lib/amd64/server/libjvm.so
7f12ca30a000-7f12ca3e2000 rw-p 00cc0000 08:07 287638                     /usr/lib/jvm/java-8-oracle/jre/lib/amd64/server/libjvm.so
7f12ca3e2000-7f12ca42d000 rw-p 00000000 00:00 0 
7f12ca42d000-7f12ca5e7000 r-xp 00000000 08:07 542572                     /lib/x86_64-linux-gnu/libc-2.19.so
7f12ca5e7000-7f12ca7e7000 ---p 001ba000 08:07 542572                     /lib/x86_64-linux-gnu/libc-2.19.so
7f12ca7e7000-7f12ca7eb000 r--p 001ba000 08:07 542572                     /lib/x86_64-linux-gnu/libc-2.19.so
7f12ca7eb000-7f12ca7ed000 rw-p 001be000 08:07 542572                     /lib/x86_64-linux-gnu/libc-2.19.so
7f12ca7ed000-7f12ca7f2000 rw-p 00000000 00:00 0 
7f12ca7f2000-7f12ca7f5000 r-xp 00000000 08:07 542559                     /lib/x86_64-linux-gnu/libdl-2.19.so
7f12ca7f5000-7f12ca9f4000 ---p 00003000 08:07 542559                     /lib/x86_64-linux-gnu/libdl-2.19.so
7f12ca9f4000-7f12ca9f5000 r--p 00002000 08:07 542559                     /lib/x86_64-linux-gnu/libdl-2.19.so
7f12ca9f5000-7f12ca9f6000 rw-p 00003000 08:07 542559                     /lib/x86_64-linux-gnu/libdl-2.19.so
7f12ca9f6000-7f12caa0b000 r-xp 00000000 08:07 288459                     /usr/lib/jvm/java-8-oracle/lib/amd64/jli/libjli.so
7f12caa0b000-7f12cac0b000 ---p 00015000 08:07 288459                     /usr/lib/jvm/java-8-oracle/lib/amd64/jli/libjli.so
7f12cac0b000-7f12cac0c000 rw-p 00015000 08:07 288459                     /usr/lib/jvm/java-8-oracle/lib/amd64/jli/libjli.so
7f12cac0c000-7f12cac25000 r-xp 00000000 08:07 542564                     /lib/x86_64-linux-gnu/libpthread-2.19.so
7f12cac25000-7f12cae24000 ---p 00019000 08:07 542564                     /lib/x86_64-linux-gnu/libpthread-2.19.so
7f12cae24000-7f12cae25000 r--p 00018000 08:07 542564                     /lib/x86_64-linux-gnu/libpthread-2.19.so
7f12cae25000-7f12cae26000 rw-p 00019000 08:07 542564                     /lib/x86_64-linux-gnu/libpthread-2.19.so
7f12cae26000-7f12cae2a000 rw-p 00000000 00:00 0 
7f12cae2a000-7f12cae4d000 r-xp 00000000 08:07 542565                     /lib/x86_64-linux-gnu/ld-2.19.so
7f12cae59000-7f12caf32000 rw-p 00000000 00:00 0 
7f12caf32000-7f12caf35000 ---p 00000000 00:00 0 
7f12caf35000-7f12cb037000 rw-p 00000000 00:00 0                          [stack:14877]
7f12cb03f000-7f12cb040000 rw-p 00000000 00:00 0 
7f12cb040000-7f12cb048000 rw-s 00000000 08:07 549733                     /tmp/hsperfdata_omprakash/14875
7f12cb048000-7f12cb049000 rw-p 00000000 00:00 0 
7f12cb049000-7f12cb04a000 ---p 00000000 00:00 0 
7f12cb04a000-7f12cb04c000 rw-p 00000000 00:00 0 
7f12cb04c000-7f12cb04d000 r--p 00022000 08:07 542565                     /lib/x86_64-linux-gnu/ld-2.19.so
7f12cb04d000-7f12cb04e000 rw-p 00023000 08:07 542565                     /lib/x86_64-linux-gnu/ld-2.19.so
7f12cb04e000-7f12cb04f000 rw-p 00000000 00:00 0 
7ffd2f219000-7ffd2f23a000 rw-p 00000000 00:00 0                          [stack]
7ffd2f3c5000-7ffd2f3c7000 r--p 00000000 00:00 0                          [vvar]
7ffd2f3c7000-7ffd2f3c9000 r-xp 00000000 00:00 0                          [vdso]
ffffffffff600000-ffffffffff601000 r-xp 00000000 00:00 0                  [vsyscall]

VM Arguments:
jvm_args: -Djava.awt.headless=true -Xmx1024M -Dfile.encoding=UTF-8 -Duser.country=US -Duser.language=en -Duser.variant 
java_command: com.android.dx.command.Main --dex --force-jumbo --num-threads=4 --multi-dex --output /home/omprakash/Downloads/PopcornTime/app/build/intermediates/transforms/dex/debug/folders/1000/10/com.android.support-support-v4-24.0.0_5806d780f7940cbc5c7a6241b31c6f9dc5c1be7d /home/omprakash/Downloads/PopcornTime/app/build/intermediates/exploded-aar/com.android.support/support-v4/24.0.0/jars/classes.jar
java_class_path (initial): /home/omprakash/Android/Sdk/build-tools/24.0.0/lib/dx.jar
Launcher Type: SUN_STANDARD

Environment Variables:
PATH=/usr/local/sbin:/usr/local/bin:/usr/sbin:/usr/bin:/sbin:/bin:/usr/games:/usr/local/games
LD_LIBRARY_PATH=/opt/android-studio/bin:
SHELL=/bin/bash
DISPLAY=:0

Signal Handlers:
SIGSEGV: [libjvm.so+0xabca10], sa_mask[0]=11111111011111111101111111111110, sa_flags=SA_RESTART|SA_SIGINFO
SIGBUS: [libjvm.so+0xabca10], sa_mask[0]=11111111011111111101111111111110, sa_flags=SA_RESTART|SA_SIGINFO
SIGFPE: [libjvm.so+0x919a20], sa_mask[0]=11111111011111111101111111111110, sa_flags=SA_RESTART|SA_SIGINFO
SIGPIPE: [libjvm.so+0x919a20], sa_mask[0]=11111111011111111101111111111110, sa_flags=SA_RESTART|SA_SIGINFO
SIGXFSZ: [libjvm.so+0x919a20], sa_mask[0]=11111111011111111101111111111110, sa_flags=SA_RESTART|SA_SIGINFO
SIGILL: [libjvm.so+0x919a20], sa_mask[0]=11111111011111111101111111111110, sa_flags=SA_RESTART|SA_SIGINFO
SIGUSR1: SIG_DFL, sa_mask[0]=00000000000000000000000000000000, sa_flags=none
SIGUSR2: [libjvm.so+0x91b050], sa_mask[0]=00100000000000000000000000000000, sa_flags=SA_RESTART|SA_SIGINFO
SIGHUP: [libjvm.so+0x91c450], sa_mask[0]=11111111011111111101111111111110, sa_flags=SA_RESTART|SA_SIGINFO
SIGINT: [libjvm.so+0x91c450], sa_mask[0]=11111111011111111101111111111110, sa_flags=SA_RESTART|SA_SIGINFO
SIGTERM: [libjvm.so+0x91c450], sa_mask[0]=11111111011111111101111111111110, sa_flags=SA_RESTART|SA_SIGINFO
SIGQUIT: [libjvm.so+0x91c450], sa_mask[0]=11111111011111111101111111111110, sa_flags=SA_RESTART|SA_SIGINFO


---------------  S Y S T E M  ---------------

OS:DISTRIB_ID="elementary OS"
DISTRIB_RELEASE=0.3.2
DISTRIB_CODENAME=freya
DISTRIB_DESCRIPTION="elementary OS Freya"

uname:Linux 3.19.0-39-generic #44~14.04.1-Ubuntu SMP Wed Dec 2 10:00:35 UTC 2015 x86_64
libc:glibc 2.19 NPTL 2.19 
rlimit: STACK 8192k, CORE 0k, NPROC 14883, NOFILE 4096, AS infinity
load average:7.91 4.39 2.01

/proc/meminfo:
MemTotal:        3947912 kB
MemFree:          214448 kB
MemAvailable:     157912 kB
Buffers:             564 kB
Cached:           165944 kB
SwapCached:        15608 kB
Active:          2697252 kB
Inactive:         840004 kB
Active(anon):    2688316 kB
Inactive(anon):   826112 kB
Active(file):       8936 kB
Inactive(file):    13892 kB
Unevictable:          64 kB
Mlocked:              64 kB
SwapTotal:       1999868 kB
SwapFree:              0 kB
Dirty:               240 kB
Writeback:             0 kB
AnonPages:       3356756 kB
Mapped:            22260 kB
Shmem:            142524 kB
Slab:              73832 kB
SReclaimable:      33036 kB
SUnreclaim:        40796 kB
KernelStack:       13856 kB
PageTables:        56300 kB
NFS_Unstable:          0 kB
Bounce:                0 kB
WritebackTmp:          0 kB
CommitLimit:     3973824 kB
Committed_AS:   10914076 kB
VmallocTotal:   34359738367 kB
VmallocUsed:      359792 kB
VmallocChunk:   34359335548 kB
HardwareCorrupted:     0 kB
AnonHugePages:   1390592 kB
CmaTotal:              0 kB
CmaFree:               0 kB
HugePages_Total:       0
HugePages_Free:        0
HugePages_Rsvd:        0
HugePages_Surp:        0
Hugepagesize:       2048 kB
DirectMap4k:      185400 kB
DirectMap2M:     3909632 kB
DirectMap1G:           0 kB


CPU:total 4 (2 cores per cpu, 2 threads per core) family 6 model 61 stepping 4, cmov, cx8, fxsr, mmx, sse, sse2, sse3, ssse3, sse4.1, sse4.2, popcnt, avx, avx2, aes, clmul, erms, 3dnowpref, lzcnt, ht, tsc, tscinvbit, bmi1, bmi2, adx

/proc/cpuinfo:
processor	: 0
vendor_id	: GenuineIntel
cpu family	: 6
model		: 61
model name	: Intel(R) Core(TM) M-5Y10c CPU @ 0.80GHz
stepping	: 4
microcode	: 0x1f
cpu MHz		: 1999.960
cache size	: 4096 KB
physical id	: 0
siblings	: 4
core id		: 0
cpu cores	: 2
apicid		: 0
initial apicid	: 0
fpu		: yes
fpu_exception	: yes
cpuid level	: 20
wp		: yes
flags		: fpu vme de pse tsc msr pae mce cx8 apic sep mtrr pge mca cmov pat pse36 clflush dts acpi mmx fxsr sse sse2 ss ht tm pbe syscall nx pdpe1gb rdtscp lm constant_tsc arch_perfmon pebs bts rep_good nopl xtopology nonstop_tsc aperfmperf eagerfpu pni pclmulqdq dtes64 monitor ds_cpl vmx est tm2 ssse3 fma cx16 xtpr pdcm pcid sse4_1 sse4_2 x2apic movbe popcnt tsc_deadline_timer aes xsave avx f16c rdrand lahf_lm abm 3dnowprefetch ida arat epb pln pts dtherm tpr_shadow vnmi flexpriority ept vpid fsgsbase tsc_adjust bmi1 avx2 smep bmi2 erms invpcid rdseed adx smap xsaveopt
bugs		:
bogomips	: 1995.28
clflush size	: 64
cache_alignment	: 64
address sizes	: 39 bits physical, 48 bits virtual
power management:

processor	: 1
vendor_id	: GenuineIntel
cpu family	: 6
model		: 61
model name	: Intel(R) Core(TM) M-5Y10c CPU @ 0.80GHz
stepping	: 4
microcode	: 0x1f
cpu MHz		: 2000.000
cache size	: 4096 KB
physical id	: 0
siblings	: 4
core id		: 1
cpu cores	: 2
apicid		: 2
initial apicid	: 2
fpu		: yes
fpu_exception	: yes
cpuid level	: 20
wp		: yes
flags		: fpu vme de pse tsc msr pae mce cx8 apic sep mtrr pge mca cmov pat pse36 clflush dts acpi mmx fxsr sse sse2 ss ht tm pbe syscall nx pdpe1gb rdtscp lm constant_tsc arch_perfmon pebs bts rep_good nopl xtopology nonstop_tsc aperfmperf eagerfpu pni pclmulqdq dtes64 monitor ds_cpl vmx est tm2 ssse3 fma cx16 xtpr pdcm pcid sse4_1 sse4_2 x2apic movbe popcnt tsc_deadline_timer aes xsave avx f16c rdrand lahf_lm abm 3dnowprefetch ida arat epb pln pts dtherm tpr_shadow vnmi flexpriority ept vpid fsgsbase tsc_adjust bmi1 avx2 smep bmi2 erms invpcid rdseed adx smap xsaveopt
bugs		:
bogomips	: 1995.28
clflush size	: 64
cache_alignment	: 64
address sizes	: 39 bits physical, 48 bits virtual
power management:

processor	: 2
vendor_id	: GenuineIntel
cpu family	: 6
model		: 61
model name	: Intel(R) Core(TM) M-5Y10c CPU @ 0.80GHz
stepping	: 4
microcode	: 0x1f
cpu MHz		: 1999.960
cache size	: 4096 KB
physical id	: 0
siblings	: 4
core id		: 0
cpu cores	: 2
apicid		: 1
initial apicid	: 1
fpu		: yes
fpu_exception	: yes
cpuid level	: 20
wp		: yes
flags		: fpu vme de pse tsc msr pae mce cx8 apic sep mtrr pge mca cmov pat pse36 clflush dts acpi mmx fxsr sse sse2 ss ht tm pbe syscall nx pdpe1gb rdtscp lm constant_tsc arch_perfmon pebs bts rep_good nopl xtopology nonstop_tsc aperfmperf eagerfpu pni pclmulqdq dtes64 monitor ds_cpl vmx est tm2 ssse3 fma cx16 xtpr pdcm pcid sse4_1 sse4_2 x2apic movbe popcnt tsc_deadline_timer aes xsave avx f16c rdrand lahf_lm abm 3dnowprefetch ida arat epb pln pts dtherm tpr_shadow vnmi flexpriority ept vpid fsgsbase tsc_adjust bmi1 avx2 smep bmi2 erms invpcid rdseed adx smap xsaveopt
bugs		:
bogomips	: 1995.28
clflush size	: 64
cache_alignment	: 64
address sizes	: 39 bits physical, 48 bits virtual
power management:

processor	: 3
vendor_id	: GenuineIntel
cpu family	: 6
model		: 61
model name	: Intel(R) Core(TM) M-5Y10c CPU @ 0.80GHz
stepping	: 4
microcode	: 0x1f
cpu MHz		: 2000.000
cache size	: 4096 KB
physical id	: 0
siblings	: 4
core id		: 1
cpu cores	: 2
apicid		: 3
initial apicid	: 3
fpu		: yes
fpu_exception	: yes
cpuid level	: 20
wp		: yes
flags		: fpu vme de pse tsc msr pae mce cx8 apic sep mtrr pge mca cmov pat pse36 clflush dts acpi mmx fxsr sse sse2 ss ht tm pbe syscall nx pdpe1gb rdtscp lm constant_tsc arch_perfmon pebs bts rep_good nopl xtopology nonstop_tsc aperfmperf eagerfpu pni pclmulqdq dtes64 monitor ds_cpl vmx est tm2 ssse3 fma cx16 xtpr pdcm pcid sse4_1 sse4_2 x2apic movbe popcnt tsc_deadline_timer aes xsave avx f16c rdrand lahf_lm abm 3dnowprefetch ida arat epb pln pts dtherm tpr_shadow vnmi flexpriority ept vpid fsgsbase tsc_adjust bmi1 avx2 smep bmi2 erms invpcid rdseed adx smap xsaveopt
bugs		:
bogomips	: 1995.28
clflush size	: 64
cache_alignment	: 64
address sizes	: 39 bits physical, 48 bits virtual
power management:



Memory: 4k page, physical 3947912k(213952k free), swap 1999868k(0k free)

vm_info: Java HotSpot(TM) 64-Bit Server VM (25.91-b14) for linux-amd64 JRE (1.8.0_91-b14), built on Apr  1 2016 00:57:21 by "java_re" with gcc 4.3.0 20080428 (Red Hat 4.3.0-8)

time: Tue Jun 28 17:13:09 2016
elapsed time: 7 seconds (0d 0h 0m 7s)

